<?xml version="1.0" encoding="UTF-8"?>
<coverage generated="1778756277902" clover="3.2.0">
  <project timestamp="1778756277902" name="All files">
    <metrics statements="564" coveredstatements="564" conditionals="257" coveredconditionals="257" methods="210" coveredmethods="210" elements="1031" coveredelements="1031" complexity="0" loc="564" ncloc="564" packages="2" files="15" classes="15"/>
    <package name="service-framework-client.src">
      <metrics statements="187" coveredstatements="187" conditionals="83" coveredconditionals="83" methods="67" coveredmethods="67"/>
      <file name="index.ts" path="C:\LD\01-RealityToolkit\Service Framework\com.realitycollective.service-framework.ts\packages\service-framework-client\src\index.ts">
        <metrics statements="0" coveredstatements="0" conditionals="0" coveredconditionals="0" methods="0" coveredmethods="0"/>
      </file>
      <file name="profile.ts" path="C:\LD\01-RealityToolkit\Service Framework\com.realitycollective.service-framework.ts\packages\service-framework-client\src\profile.ts">
        <metrics statements="28" coveredstatements="28" conditionals="18" coveredconditionals="18" methods="11" coveredmethods="11"/>
        <line num="35" count="7" type="stmt"/>
        <line num="37" count="7" type="cond" truecount="2" falsecount="0"/>
        <line num="38" count="6" type="stmt"/>
        <line num="39" count="6" type="stmt"/>
        <line num="40" count="6" type="stmt"/>
        <line num="41" count="6" type="stmt"/>
        <line num="42" count="6" type="stmt"/>
        <line num="43" count="6" type="stmt"/>
        <line num="44" count="6" type="stmt"/>
        <line num="47" count="7" type="cond" truecount="2" falsecount="0"/>
        <line num="48" count="2" type="stmt"/>
        <line num="51" count="7" type="cond" truecount="2" falsecount="0"/>
        <line num="55" count="6" type="cond" truecount="2" falsecount="0"/>
        <line num="56" count="6" type="stmt"/>
        <line num="58" count="6" type="cond" truecount="2" falsecount="0"/>
        <line num="59" count="5" type="stmt"/>
        <line num="64" count="4" type="stmt"/>
        <line num="68" count="6" type="cond" truecount="2" falsecount="0"/>
        <line num="69" count="2" type="stmt"/>
        <line num="75" count="1" type="stmt"/>
        <line num="79" count="6" type="cond" truecount="2" falsecount="0"/>
        <line num="84" count="5" type="stmt"/>
        <line num="91" count="5" type="stmt"/>
        <line num="98" count="5" type="stmt"/>
        <line num="105" count="5" type="stmt"/>
        <line num="115" count="5" type="stmt"/>
        <line num="129" count="5" type="stmt"/>
        <line num="142" count="5" type="stmt"/>
      </file>
      <file name="react.tsx" path="C:\LD\01-RealityToolkit\Service Framework\com.realitycollective.service-framework.ts\packages\service-framework-client\src\react.tsx">
        <metrics statements="19" coveredstatements="19" conditionals="2" coveredconditionals="2" methods="18" coveredmethods="18"/>
        <line num="38" count="14" type="stmt"/>
        <line num="39" count="14" type="stmt"/>
        <line num="40" count="14" type="stmt"/>
        <line num="55" count="2" type="cond" truecount="2" falsecount="0"/>
        <line num="57" count="2" type="stmt"/>
        <line num="65" count="2" type="stmt"/>
        <line num="69" count="2" type="stmt"/>
        <line num="73" count="2" type="stmt"/>
        <line num="77" count="2" type="stmt"/>
        <line num="81" count="2" type="stmt"/>
        <line num="85" count="2" type="stmt"/>
        <line num="89" count="2" type="stmt"/>
        <line num="93" count="2" type="stmt"/>
        <line num="97" count="2" type="stmt"/>
        <line num="101" count="2" type="stmt"/>
        <line num="105" count="2" type="stmt"/>
        <line num="109" count="2" type="stmt"/>
        <line num="113" count="2" type="stmt"/>
        <line num="117" count="2" type="stmt"/>
      </file>
      <file name="runtime.ts" path="C:\LD\01-RealityToolkit\Service Framework\com.realitycollective.service-framework.ts\packages\service-framework-client\src\runtime.ts">
        <metrics statements="13" coveredstatements="13" conditionals="9" coveredconditionals="9" methods="3" coveredmethods="3"/>
        <line num="18" count="5" type="cond" truecount="2" falsecount="0"/>
        <line num="19" count="5" type="cond" truecount="2" falsecount="0"/>
        <line num="20" count="5" type="cond" truecount="2" falsecount="0"/>
        <line num="21" count="5" type="stmt"/>
        <line num="26" count="5" type="stmt"/>
        <line num="28" count="5" type="cond" truecount="2" falsecount="0"/>
        <line num="29" count="4" type="stmt"/>
        <line num="34" count="4" type="stmt"/>
        <line num="35" count="4" type="stmt"/>
        <line num="39" count="4" type="stmt"/>
        <line num="40" count="4" type="stmt"/>
        <line num="44" count="4" type="stmt"/>
        <line num="45" count="4" type="stmt"/>
      </file>
      <file name="services.ts" path="C:\LD\01-RealityToolkit\Service Framework\com.realitycollective.service-framework.ts\packages\service-framework-client\src\services.ts">
        <metrics statements="118" coveredstatements="118" conditionals="54" coveredconditionals="54" methods="35" coveredmethods="35"/>
        <line num="28" count="21" type="cond" truecount="2" falsecount="0"/>
        <line num="32" count="3" type="cond" truecount="2" falsecount="0"/>
        <line num="36" count="5" type="stmt"/>
        <line num="42" count="5" type="stmt"/>
        <line num="46" count="5" type="stmt"/>
        <line num="50" count="3" type="stmt"/>
        <line num="54" count="1" type="stmt"/>
        <line num="59" count="7" type="stmt"/>
        <line num="66" count="6" type="cond" truecount="2" falsecount="0"/>
        <line num="67" count="6" type="stmt"/>
        <line num="72" count="6" type="stmt"/>
        <line num="76" count="4" type="stmt"/>
        <line num="80" count="1" type="stmt"/>
        <line num="84" count="1" type="stmt"/>
        <line num="88" count="4" type="stmt"/>
        <line num="92" count="4" type="stmt"/>
        <line num="96" count="1" type="stmt"/>
        <line num="100" count="1" type="stmt"/>
        <line num="104" count="1" type="stmt"/>
        <line num="108" count="1" type="stmt"/>
        <line num="112" count="8" type="stmt"/>
        <line num="118" count="8" type="cond" truecount="4" falsecount="0"/>
        <line num="119" count="1" type="stmt"/>
        <line num="126" count="8" type="stmt"/>
        <line num="131" count="7" type="stmt"/>
        <line num="138" count="7" type="cond" truecount="2" falsecount="0"/>
        <line num="139" count="7" type="stmt"/>
        <line num="140" count="7" type="stmt"/>
        <line num="145" count="7" type="stmt"/>
        <line num="149" count="12" type="stmt"/>
        <line num="153" count="3" type="cond" truecount="2" falsecount="0"/>
        <line num="154" count="3" type="stmt"/>
        <line num="158" count="3" type="stmt"/>
        <line num="163" count="7" type="stmt"/>
        <line num="166" count="7" type="stmt"/>
        <line num="169" count="7" type="stmt"/>
        <line num="173" count="14" type="stmt"/>
        <line num="177" count="1" type="stmt"/>
        <line num="181" count="1" type="stmt"/>
        <line num="185" count="1" type="stmt"/>
        <line num="192" count="1" type="stmt"/>
        <line num="203" count="6" type="stmt"/>
        <line num="206" count="4" type="cond" truecount="2" falsecount="0"/>
        <line num="207" count="4" type="stmt"/>
        <line num="216" count="8" type="stmt"/>
        <line num="219" count="7" type="cond" truecount="2" falsecount="0"/>
        <line num="221" count="7" type="cond" truecount="2" falsecount="0"/>
        <line num="222" count="2" type="stmt"/>
        <line num="225" count="5" type="cond" truecount="2" falsecount="0"/>
        <line num="227" count="7" type="cond" truecount="2" falsecount="0"/>
        <line num="228" count="1" type="stmt"/>
        <line num="231" count="4" type="stmt"/>
        <line num="240" count="4" type="cond" truecount="2" falsecount="0"/>
        <line num="241" count="1" type="stmt"/>
        <line num="244" count="3" type="stmt"/>
        <line num="246" count="3" type="cond" truecount="2" falsecount="0"/>
        <line num="247" count="1" type="stmt"/>
        <line num="250" count="2" type="stmt"/>
        <line num="259" count="10" type="stmt"/>
        <line num="265" count="10" type="cond" truecount="2" falsecount="0"/>
        <line num="266" count="10" type="stmt"/>
        <line num="270" count="10" type="stmt"/>
        <line num="274" count="4" type="stmt"/>
        <line num="278" count="1" type="stmt"/>
        <line num="282" count="1" type="stmt"/>
        <line num="286" count="7" type="stmt"/>
        <line num="287" count="7" type="stmt"/>
        <line num="292" count="7" type="stmt"/>
        <line num="294" count="7" type="stmt"/>
        <line num="295" count="7" type="stmt"/>
        <line num="296" count="4" type="stmt"/>
        <line num="301" count="4" type="stmt"/>
        <line num="302" count="4" type="stmt"/>
        <line num="304" count="2" type="stmt"/>
        <line num="309" count="2" type="stmt"/>
        <line num="310" count="2" type="stmt"/>
        <line num="315" count="7" type="stmt"/>
        <line num="316" count="9" type="stmt"/>
        <line num="318" count="7" type="cond" truecount="2" falsecount="0"/>
        <line num="319" count="1" type="stmt"/>
        <line num="322" count="7" type="cond" truecount="2" falsecount="0"/>
        <line num="327" count="7" type="stmt"/>
        <line num="332" count="7" type="stmt"/>
        <line num="336" count="7" type="stmt"/>
        <line num="337" count="7" type="stmt"/>
        <line num="338" count="7" type="stmt"/>
        <line num="339" count="7" type="stmt"/>
        <line num="341" count="7" type="stmt"/>
        <line num="345" count="6" type="cond" truecount="2" falsecount="0"/>
        <line num="347" count="6" type="cond" truecount="2" falsecount="0"/>
        <line num="348" count="2" type="stmt"/>
        <line num="354" count="6" type="stmt"/>
        <line num="358" count="6" type="stmt"/>
        <line num="362" count="3" type="stmt"/>
        <line num="363" count="3" type="stmt"/>
        <line num="367" count="3" type="stmt"/>
        <line num="368" count="3" type="stmt"/>
        <line num="369" count="3" type="stmt"/>
        <line num="371" count="3" type="stmt"/>
        <line num="372" count="3" type="stmt"/>
        <line num="378" count="2" type="stmt"/>
        <line num="379" count="2" type="stmt"/>
        <line num="383" count="2" type="stmt"/>
        <line num="384" count="2" type="stmt"/>
        <line num="385" count="2" type="stmt"/>
        <line num="386" count="2" type="stmt"/>
        <line num="388" count="1" type="stmt"/>
        <line num="389" count="1" type="stmt"/>
        <line num="394" count="1" type="stmt"/>
        <line num="395" count="1" type="stmt"/>
        <line num="396" count="1" type="stmt"/>
        <line num="401" count="7" type="cond" truecount="2" falsecount="0"/>
        <line num="402" count="7" type="stmt"/>
        <line num="403" count="7" type="stmt"/>
        <line num="413" count="5" type="stmt"/>
        <line num="421" count="3" type="stmt"/>
        <line num="425" count="2" type="stmt"/>
        <line num="426" count="2" type="stmt"/>
      </file>
      <file name="tokens.ts" path="C:\LD\01-RealityToolkit\Service Framework\com.realitycollective.service-framework.ts\packages\service-framework-client\src\tokens.ts">
        <metrics statements="9" coveredstatements="9" conditionals="0" coveredconditionals="0" methods="0" coveredmethods="0"/>
        <line num="14" count="2" type="stmt"/>
        <line num="15" count="2" type="stmt"/>
        <line num="16" count="2" type="stmt"/>
        <line num="17" count="2" type="stmt"/>
        <line num="18" count="2" type="stmt"/>
        <line num="19" count="2" type="stmt"/>
        <line num="20" count="2" type="stmt"/>
        <line num="21" count="2" type="stmt"/>
        <line num="22" count="2" type="stmt"/>
      </file>
    </package>
    <package name="service-framework.src">
      <metrics statements="377" coveredstatements="377" conditionals="174" coveredconditionals="174" methods="143" coveredmethods="143"/>
      <file name="base-service.ts" path="C:\LD\01-RealityToolkit\Service Framework\com.realitycollective.service-framework.ts\packages\service-framework\src\base-service.ts">
        <metrics statements="42" coveredstatements="42" conditionals="6" coveredconditionals="6" methods="34" coveredmethods="34"/>
        <line num="13" count="89" type="stmt"/>
        <line num="14" count="89" type="stmt"/>
        <line num="15" count="89" type="stmt"/>
        <line num="16" count="89" type="stmt"/>
        <line num="17" count="89" type="stmt"/>
        <line num="25" count="89" type="stmt"/>
        <line num="26" count="89" type="stmt"/>
        <line num="27" count="89" type="stmt"/>
        <line num="28" count="89" type="stmt"/>
        <line num="29" count="89" type="stmt"/>
        <line num="30" count="89" type="stmt"/>
        <line num="31" count="89" type="stmt"/>
        <line num="38" count="1" type="stmt"/>
        <line num="42" count="72" type="stmt"/>
        <line num="46" count="56" type="stmt"/>
        <line num="50" count="2" type="stmt"/>
        <line num="54" count="1" type="stmt"/>
        <line num="58" count="105" type="stmt"/>
        <line num="82" count="20" type="cond" truecount="2" falsecount="0"/>
        <line num="83" count="18" type="stmt"/>
        <line num="88" count="7" type="stmt"/>
        <line num="90" count="7" type="cond" truecount="2" falsecount="0"/>
        <line num="91" count="6" type="stmt"/>
        <line num="96" count="1" type="stmt"/>
        <line num="100" count="1" type="stmt"/>
        <line num="104" count="2" type="stmt"/>
        <line num="108" count="2" type="stmt"/>
        <line num="112" count="2" type="stmt"/>
        <line num="116" count="2" type="stmt"/>
        <line num="120" count="2" type="stmt"/>
        <line num="124" count="1" type="stmt"/>
        <line num="128" count="2" type="stmt"/>
        <line num="132" count="2" type="stmt"/>
        <line num="136" count="159" type="stmt"/>
        <line num="140" count="62" type="stmt"/>
        <line num="144" count="48" type="stmt"/>
        <line num="148" count="39" type="stmt"/>
        <line num="156" count="19" type="stmt"/>
        <line num="158" count="19" type="cond" truecount="2" falsecount="0"/>
        <line num="159" count="1" type="stmt"/>
        <line num="162" count="18" type="stmt"/>
        <line num="163" count="18" type="stmt"/>
      </file>
      <file name="configuration.ts" path="C:\LD\01-RealityToolkit\Service Framework\com.realitycollective.service-framework.ts\packages\service-framework\src\configuration.ts">
        <metrics statements="1" coveredstatements="1" conditionals="0" coveredconditionals="0" methods="1" coveredmethods="1"/>
        <line num="4" count="21" type="stmt"/>
      </file>
      <file name="contracts.ts" path="C:\LD\01-RealityToolkit\Service Framework\com.realitycollective.service-framework.ts\packages\service-framework\src\contracts.ts">
        <metrics statements="0" coveredstatements="0" conditionals="0" coveredconditionals="0" methods="0" coveredmethods="0"/>
      </file>
      <file name="environment.ts" path="C:\LD\01-RealityToolkit\Service Framework\com.realitycollective.service-framework.ts\packages\service-framework\src\environment.ts">
        <metrics statements="5" coveredstatements="5" conditionals="2" coveredconditionals="2" methods="4" coveredmethods="4"/>
        <line num="6" count="47" type="cond" truecount="1" falsecount="0"/>
        <line num="7" count="47" type="stmt"/>
        <line num="11" count="16" type="stmt"/>
        <line num="16" count="45" type="stmt"/>
        <line num="20" count="2" type="stmt"/>
      </file>
      <file name="event-service.ts" path="C:\LD\01-RealityToolkit\Service Framework\com.realitycollective.service-framework.ts\packages\service-framework\src\event-service.ts">
        <metrics statements="23" coveredstatements="23" conditionals="10" coveredconditionals="10" methods="8" coveredmethods="8"/>
        <line num="7" count="49" type="stmt"/>
        <line num="10" count="49" type="stmt"/>
        <line num="14" count="4" type="cond" truecount="2" falsecount="0"/>
        <line num="15" count="4" type="stmt"/>
        <line num="16" count="4" type="stmt"/>
        <line num="18" count="4" type="stmt"/>
        <line num="19" count="1" type="stmt"/>
        <line num="24" count="5" type="stmt"/>
        <line num="26" count="5" type="cond" truecount="2" falsecount="0"/>
        <line num="27" count="1" type="stmt"/>
        <line num="30" count="4" type="stmt"/>
        <line num="32" count="4" type="cond" truecount="2" falsecount="0"/>
        <line num="33" count="3" type="stmt"/>
        <line num="38" count="1" type="stmt"/>
        <line num="39" count="1" type="stmt"/>
        <line num="40" count="1" type="stmt"/>
        <line num="43" count="1" type="stmt"/>
        <line num="47" count="86" type="stmt"/>
        <line num="49" count="86" type="cond" truecount="2" falsecount="0"/>
        <line num="50" count="84" type="stmt"/>
        <line num="53" count="2" type="stmt"/>
        <line num="54" count="2" type="stmt"/>
        <line num="59" count="5" type="cond" truecount="2" falsecount="0"/>
      </file>
      <file name="index.ts" path="C:\LD\01-RealityToolkit\Service Framework\com.realitycollective.service-framework.ts\packages\service-framework\src\index.ts">
        <metrics statements="0" coveredstatements="0" conditionals="0" coveredconditionals="0" methods="0" coveredmethods="0"/>
      </file>
      <file name="scheduler.ts" path="C:\LD\01-RealityToolkit\Service Framework\com.realitycollective.service-framework.ts\packages\service-framework\src\scheduler.ts">
        <metrics statements="70" coveredstatements="70" conditionals="35" coveredconditionals="35" methods="14" coveredmethods="14"/>
        <line num="14" count="48" type="stmt"/>
        <line num="26" count="163" type="stmt"/>
        <line num="27" count="163" type="stmt"/>
        <line num="29" count="163" type="stmt"/>
        <line num="30" count="41" type="stmt"/>
        <line num="35" count="48" type="stmt"/>
        <line num="37" count="48" type="stmt"/>
        <line num="38" count="30" type="stmt"/>
        <line num="43" count="15" type="stmt"/>
        <line num="45" count="15" type="stmt"/>
        <line num="46" count="120" type="stmt"/>
        <line num="73" count="4" type="stmt"/>
        <line num="74" count="4" type="stmt"/>
        <line num="75" count="4" type="stmt"/>
        <line num="76" count="4" type="stmt"/>
        <line num="77" count="4" type="stmt"/>
        <line num="80" count="4" type="stmt"/>
        <line num="81" count="4" type="cond" truecount="2" falsecount="0"/>
        <line num="82" count="4" type="cond" truecount="2" falsecount="0"/>
        <line num="83" count="4" type="cond" truecount="2" falsecount="0"/>
        <line num="84" count="4" type="cond" truecount="2" falsecount="0"/>
        <line num="85" count="4" type="cond" truecount="2" falsecount="0"/>
        <line num="86" count="4" type="stmt"/>
        <line num="87" count="4" type="stmt"/>
        <line num="91" count="5" type="cond" truecount="2" falsecount="0"/>
        <line num="92" count="1" type="stmt"/>
        <line num="95" count="4" type="stmt"/>
        <line num="96" count="4" type="stmt"/>
        <line num="98" count="4" type="stmt"/>
        <line num="99" count="5" type="stmt"/>
        <line num="100" count="5" type="cond" truecount="2" falsecount="0"/>
        <line num="101" count="5" type="stmt"/>
        <line num="102" count="5" type="stmt"/>
        <line num="105" count="4" type="stmt"/>
        <line num="106" count="5" type="stmt"/>
        <line num="107" count="5" type="stmt"/>
        <line num="108" count="5" type="stmt"/>
        <line num="111" count="4" type="stmt"/>
        <line num="112" count="2" type="stmt"/>
        <line num="113" count="2" type="cond" truecount="2" falsecount="0"/>
        <line num="114" count="2" type="stmt"/>
        <line num="115" count="2" type="stmt"/>
        <line num="118" count="4" type="cond" truecount="2" falsecount="0"/>
        <line num="119" count="2" type="stmt"/>
        <line num="120" count="4" type="cond" truecount="2" falsecount="0"/>
        <line num="121" count="1" type="stmt"/>
        <line num="124" count="3" type="cond" truecount="2" falsecount="0"/>
        <line num="125" count="4" type="stmt"/>
        <line num="126" count="4" type="stmt"/>
        <line num="127" count="4" type="stmt"/>
        <line num="130" count="2" type="stmt"/>
        <line num="135" count="9" type="cond" truecount="2" falsecount="0"/>
        <line num="136" count="5" type="stmt"/>
        <line num="139" count="4" type="stmt"/>
        <line num="141" count="4" type="cond" truecount="2" falsecount="0"/>
        <line num="142" count="3" type="stmt"/>
        <line num="143" count="3" type="stmt"/>
        <line num="146" count="4" type="cond" truecount="2" falsecount="0"/>
        <line num="147" count="3" type="stmt"/>
        <line num="148" count="3" type="stmt"/>
        <line num="151" count="4" type="cond" truecount="2" falsecount="0"/>
        <line num="152" count="3" type="stmt"/>
        <line num="153" count="3" type="stmt"/>
        <line num="156" count="4" type="cond" truecount="4" falsecount="0"/>
        <line num="157" count="2" type="stmt"/>
        <line num="158" count="2" type="stmt"/>
        <line num="163" count="4" type="stmt"/>
        <line num="164" count="4" type="stmt"/>
        <line num="168" count="15" type="stmt"/>
        <line num="170" count="15" type="stmt"/>
      </file>
      <file name="service-manager.ts" path="C:\LD\01-RealityToolkit\Service Framework\com.realitycollective.service-framework.ts\packages\service-framework\src\service-manager.ts">
        <metrics statements="232" coveredstatements="232" conditionals="121" coveredconditionals="121" methods="79" coveredmethods="79"/>
        <line num="45" count="19" type="stmt"/>
        <line num="46" count="19" type="stmt"/>
        <line num="47" count="19" type="stmt"/>
        <line num="48" count="19" type="stmt"/>
        <line num="49" count="19" type="stmt"/>
        <line num="50" count="19" type="stmt"/>
        <line num="51" count="19" type="stmt"/>
        <line num="52" count="19" type="stmt"/>
        <line num="58" count="19" type="cond" truecount="2" falsecount="0"/>
        <line num="59" count="19" type="cond" truecount="2" falsecount="0"/>
        <line num="61" count="19" type="stmt"/>
        <line num="63" count="1" type="stmt"/>
        <line num="66" count="1" type="stmt"/>
        <line num="67" count="7" type="stmt"/>
        <line num="71" count="1" type="stmt"/>
        <line num="72" count="7" type="stmt"/>
        <line num="76" count="1" type="stmt"/>
        <line num="77" count="7" type="stmt"/>
        <line num="81" count="3" type="stmt"/>
        <line num="82" count="23" type="stmt"/>
        <line num="86" count="1" type="stmt"/>
        <line num="87" count="7" type="stmt"/>
        <line num="91" count="1" type="stmt"/>
        <line num="92" count="7" type="stmt"/>
        <line num="96" count="5" type="stmt"/>
        <line num="102" count="3" type="stmt"/>
        <line num="106" count="8" type="stmt"/>
        <line num="110" count="19" type="stmt"/>
        <line num="112" count="19" type="cond" truecount="2" falsecount="0"/>
        <line num="113" count="1" type="stmt"/>
        <line num="116" count="18" type="stmt"/>
        <line num="117" count="18" type="stmt"/>
        <line num="118" count="52" type="stmt"/>
        <line num="120" count="52" type="cond" truecount="2" falsecount="0"/>
        <line num="121" count="2" type="stmt"/>
        <line num="124" count="50" type="stmt"/>
        <line num="125" count="57" type="stmt"/>
        <line num="129" count="17" type="stmt"/>
        <line num="130" count="17" type="stmt"/>
        <line num="134" count="8" type="stmt"/>
        <line num="135" count="8" type="stmt"/>
        <line num="137" count="8" type="cond" truecount="2" falsecount="0"/>
        <line num="138" count="1" type="cond" truecount="2" falsecount="0"/>
        <line num="141" count="4" type="stmt"/>
        <line num="142" count="4" type="stmt"/>
        <line num="145" count="4" type="cond" truecount="2" falsecount="0"/>
        <line num="146" count="3" type="stmt"/>
        <line num="147" count="3" type="stmt"/>
        <line num="151" count="4" type="stmt"/>
        <line num="155" count="4" type="stmt"/>
        <line num="157" count="4" type="cond" truecount="2" falsecount="0"/>
        <line num="158" count="1" type="stmt"/>
        <line num="161" count="3" type="stmt"/>
        <line num="162" count="3" type="stmt"/>
        <line num="166" count="72" type="stmt"/>
        <line num="168" count="72" type="cond" truecount="2" falsecount="0"/>
        <line num="169" count="1" type="cond" truecount="2" falsecount="0"/>
        <line num="172" count="71" type="stmt"/>
        <line num="176" count="78" type="cond" truecount="2" falsecount="0"/>
        <line num="177" count="78" type="cond" truecount="2" falsecount="0"/>
        <line num="178" count="5" type="stmt"/>
        <line num="181" count="78" type="stmt"/>
        <line num="185" count="6" type="cond" truecount="2" falsecount="0"/>
        <line num="189" count="4" type="stmt"/>
        <line num="191" count="4" type="cond" truecount="2" falsecount="0"/>
        <line num="192" count="1" type="stmt"/>
        <line num="195" count="3" type="stmt"/>
        <line num="197" count="3" type="stmt"/>
        <line num="198" count="1" type="stmt"/>
        <line num="199" count="1" type="cond" truecount="2" falsecount="0"/>
        <line num="202" count="3" type="stmt"/>
        <line num="209" count="3" type="cond" truecount="2" falsecount="0"/>
        <line num="210" count="3" type="stmt"/>
        <line num="211" count="3" type="stmt"/>
        <line num="216" count="3" type="cond" truecount="2" falsecount="0"/>
        <line num="217" count="1" type="stmt"/>
        <line num="220" count="2" type="stmt"/>
        <line num="221" count="2" type="stmt"/>
        <line num="222" count="1" type="stmt"/>
        <line num="223" count="1" type="stmt"/>
        <line num="226" count="2" type="stmt"/>
        <line num="235" count="12" type="cond" truecount="4" falsecount="0"/>
        <line num="236" count="2" type="stmt"/>
        <line num="239" count="10" type="stmt"/>
        <line num="240" count="10" type="stmt"/>
        <line num="241" count="44" type="stmt"/>
        <line num="246" count="1" type="stmt"/>
        <line num="247" count="7" type="stmt"/>
        <line num="252" count="1" type="stmt"/>
        <line num="256" count="1" type="stmt"/>
        <line num="260" count="3" type="stmt"/>
        <line num="263" count="9" type="stmt"/>
        <line num="268" count="7" type="stmt"/>
        <line num="271" count="4" type="stmt"/>
        <line num="272" count="1" type="stmt"/>
        <line num="277" count="6" type="cond" truecount="2" falsecount="0"/>
        <line num="278" count="1" type="stmt"/>
        <line num="281" count="5" type="stmt"/>
        <line num="283" count="5" type="stmt"/>
        <line num="284" count="33" type="stmt"/>
        <line num="287" count="5" type="stmt"/>
        <line num="288" count="40" type="stmt"/>
        <line num="291" count="5" type="stmt"/>
        <line num="298" count="120" type="stmt"/>
        <line num="300" count="120" type="stmt"/>
        <line num="301" count="66" type="cond" truecount="2" falsecount="0"/>
        <line num="302" count="3" type="stmt"/>
        <line num="305" count="63" type="stmt"/>
        <line num="306" count="63" type="stmt"/>
        <line num="307" count="63" type="stmt"/>
        <line num="308" count="63" type="stmt"/>
        <line num="311" count="118" type="stmt"/>
        <line num="312" count="61" type="stmt"/>
        <line num="317" count="61" type="stmt"/>
        <line num="318" count="7" type="stmt"/>
        <line num="322" count="118" type="stmt"/>
        <line num="326" count="66" type="cond" truecount="2" falsecount="0"/>
        <line num="327" count="2" type="stmt"/>
        <line num="330" count="64" type="cond" truecount="2" falsecount="0"/>
        <line num="334" count="80" type="stmt"/>
        <line num="335" count="80" type="stmt"/>
        <line num="336" count="80" type="stmt"/>
        <line num="338" count="80" type="stmt"/>
        <line num="339" count="88" type="cond" truecount="2" falsecount="0"/>
        <line num="340" count="23" type="stmt"/>
        <line num="343" count="65" type="cond" truecount="2" falsecount="0"/>
        <line num="344" count="1" type="stmt"/>
        <line num="347" count="64" type="stmt"/>
        <line num="349" count="64" type="cond" truecount="2" falsecount="0"/>
        <line num="350" count="26" type="stmt"/>
        <line num="352" count="26" type="cond" truecount="2" falsecount="0"/>
        <line num="353" count="25" type="stmt"/>
        <line num="357" count="62" type="stmt"/>
        <line num="358" count="62" type="stmt"/>
        <line num="361" count="80" type="stmt"/>
        <line num="362" count="63" type="stmt"/>
        <line num="365" count="79" type="cond" truecount="4" falsecount="0"/>
        <line num="372" count="63" type="cond" truecount="2" falsecount="0"/>
        <line num="373" count="63" type="cond" truecount="2" falsecount="0"/>
        <line num="375" count="63" type="cond" truecount="2" falsecount="0"/>
        <line num="376" count="1" type="stmt"/>
        <line num="379" count="62" type="cond" truecount="2" falsecount="0"/>
        <line num="380" count="63" type="stmt"/>
        <line num="381" count="63" type="stmt"/>
        <line num="382" count="63" type="stmt"/>
        <line num="393" count="63" type="cond" truecount="2" falsecount="0"/>
        <line num="398" count="1" type="stmt"/>
        <line num="401" count="63" type="stmt"/>
        <line num="415" count="62" type="cond" truecount="2" falsecount="0"/>
        <line num="416" count="7" type="stmt"/>
        <line num="419" count="55" type="stmt"/>
        <line num="420" count="55" type="stmt"/>
        <line num="421" count="55" type="stmt"/>
        <line num="423" count="55" type="stmt"/>
        <line num="424" count="8" type="cond" truecount="2" falsecount="0"/>
        <line num="425" count="7" type="stmt"/>
        <line num="426" count="7" type="stmt"/>
        <line num="427" count="7" type="stmt"/>
        <line num="433" count="48" type="cond" truecount="2" falsecount="0"/>
        <line num="434" count="6" type="stmt"/>
        <line num="437" count="42" type="stmt"/>
        <line num="438" count="42" type="stmt"/>
        <line num="440" count="42" type="stmt"/>
        <line num="441" count="7" type="cond" truecount="2" falsecount="0"/>
        <line num="442" count="6" type="stmt"/>
        <line num="443" count="6" type="stmt"/>
        <line num="449" count="43" type="stmt"/>
        <line num="451" count="43" type="cond" truecount="4" falsecount="0"/>
        <line num="452" count="5" type="stmt"/>
        <line num="455" count="38" type="stmt"/>
        <line num="456" count="5" type="stmt"/>
        <line num="459" count="38" type="stmt"/>
        <line num="460" count="38" type="stmt"/>
        <line num="461" count="38" type="stmt"/>
        <line num="462" count="38" type="stmt"/>
        <line num="464" count="38" type="cond" truecount="2" falsecount="0"/>
        <line num="465" count="5" type="stmt"/>
        <line num="468" count="38" type="cond" truecount="2" falsecount="0"/>
        <line num="469" count="43" type="stmt"/>
        <line num="471" count="43" type="cond" truecount="2" falsecount="0"/>
        <line num="472" count="37" type="stmt"/>
        <line num="474" count="1" type="stmt"/>
        <line num="477" count="38" type="stmt"/>
        <line num="481" count="61" type="cond" truecount="2" falsecount="0"/>
        <line num="482" count="61" type="stmt"/>
        <line num="483" count="61" type="stmt"/>
        <line num="484" count="61" type="stmt"/>
        <line num="486" count="61" type="cond" truecount="2" falsecount="0"/>
        <line num="487" count="60" type="stmt"/>
        <line num="492" count="110" type="cond" truecount="2" falsecount="0"/>
        <line num="493" count="110" type="cond" truecount="2" falsecount="0"/>
        <line num="494" count="44" type="stmt"/>
        <line num="497" count="110" type="stmt"/>
        <line num="501" count="19" type="stmt"/>
        <line num="502" count="109" type="stmt"/>
        <line num="507" count="28" type="stmt"/>
        <line num="509" count="132" type="stmt"/>
        <line num="513" count="61" type="stmt"/>
        <line num="515" count="61" type="cond" truecount="2" falsecount="0"/>
        <line num="516" count="59" type="stmt"/>
        <line num="519" count="3" type="cond" truecount="2" falsecount="0"/>
        <line num="521" count="2" type="stmt"/>
        <line num="522" count="2" type="stmt"/>
        <line num="523" count="2" type="stmt"/>
        <line num="524" count="2" type="stmt"/>
        <line num="529" count="4" type="cond" truecount="2" falsecount="0"/>
        <line num="530" count="4" type="stmt"/>
        <line num="532" count="4" type="cond" truecount="2" falsecount="0"/>
        <line num="533" count="3" type="stmt"/>
        <line num="535" count="1" type="stmt"/>
        <line num="540" count="17" type="stmt"/>
        <line num="541" count="1" type="stmt"/>
        <line num="542" count="1" type="stmt"/>
        <line num="547" count="64" type="stmt"/>
        <line num="549" count="64" type="stmt"/>
        <line num="550" count="7" type="stmt"/>
        <line num="555" count="248" type="cond" truecount="2" falsecount="0"/>
        <line num="556" count="3" type="stmt"/>
        <line num="559" count="245" type="cond" truecount="2" falsecount="0"/>
        <line num="560" count="99" type="stmt"/>
        <line num="561" count="99" type="stmt"/>
        <line num="564" count="146" type="cond" truecount="2" falsecount="0"/>
        <line num="565" count="61" type="stmt"/>
        <line num="566" count="61" type="stmt"/>
        <line num="569" count="85" type="cond" truecount="2" falsecount="0"/>
        <line num="570" count="47" type="stmt"/>
        <line num="571" count="47" type="stmt"/>
        <line num="574" count="38" type="stmt"/>
        <line num="578" count="9" type="stmt"/>
        <line num="582" count="1" type="stmt"/>
        <line num="587" count="27" type="cond" truecount="2" falsecount="0"/>
        <line num="588" count="1" type="stmt"/>
      </file>
      <file name="tokens.ts" path="C:\LD\01-RealityToolkit\Service Framework\com.realitycollective.service-framework.ts\packages\service-framework\src\tokens.ts">
        <metrics statements="4" coveredstatements="4" conditionals="0" coveredconditionals="0" methods="3" coveredmethods="3"/>
        <line num="4" count="45" type="stmt"/>
        <line num="5" count="45" type="stmt"/>
        <line num="9" count="1" type="stmt"/>
        <line num="14" count="45" type="stmt"/>
      </file>
    </package>
  </project>
</coverage>
