{"C:\\LD\\01-RealityToolkit\\Service Framework\\com.realitycollective.service-framework.ts\\packages\\service-framework-client\\src\\index.ts": {"path":"C:\\LD\\01-RealityToolkit\\Service Framework\\com.realitycollective.service-framework.ts\\packages\\service-framework-client\\src\\index.ts","all":false,"statementMap":{"0":{"start":{"line":1,"column":0},"end":{"line":1,"column":31}},"1":{"start":{"line":2,"column":0},"end":{"line":2,"column":29}},"2":{"start":{"line":3,"column":0},"end":{"line":3,"column":27}},"3":{"start":{"line":4,"column":0},"end":{"line":4,"column":29}},"4":{"start":{"line":5,"column":0},"end":{"line":5,"column":30}},"5":{"start":{"line":6,"column":0},"end":{"line":6,"column":28}}},"s":{"0":1,"1":1,"2":1,"3":1,"4":1,"5":1},"branchMap":{},"b":{},"fnMap":{},"f":{}}
,"C:\\LD\\01-RealityToolkit\\Service Framework\\com.realitycollective.service-framework.ts\\packages\\service-framework-client\\src\\profile.ts": {"path":"C:\\LD\\01-RealityToolkit\\Service Framework\\com.realitycollective.service-framework.ts\\packages\\service-framework-client\\src\\profile.ts","all":false,"statementMap":{"0":{"start":{"line":1,"column":0},"end":{"line":1,"column":8}},"10":{"start":{"line":11,"column":0},"end":{"line":11,"column":8}},"21":{"start":{"line":22,"column":0},"end":{"line":22,"column":8}},"33":{"start":{"line":34,"column":0},"end":{"line":34,"column":107}},"34":{"start":{"line":35,"column":0},"end":{"line":35,"column":41}},"36":{"start":{"line":37,"column":0},"end":{"line":37,"column":49}},"37":{"start":{"line":38,"column":0},"end":{"line":38,"column":29}},"38":{"start":{"line":39,"column":0},"end":{"line":39,"column":28}},"39":{"start":{"line":40,"column":0},"end":{"line":40,"column":30}},"40":{"start":{"line":41,"column":0},"end":{"line":41,"column":32}},"41":{"start":{"line":42,"column":0},"end":{"line":42,"column":36}},"42":{"start":{"line":43,"column":0},"end":{"line":43,"column":31}},"43":{"start":{"line":44,"column":0},"end":{"line":44,"column":35}},"44":{"start":{"line":45,"column":0},"end":{"line":45,"column":3}},"46":{"start":{"line":47,"column":0},"end":{"line":47,"column":56}},"47":{"start":{"line":48,"column":0},"end":{"line":48,"column":33}},"48":{"start":{"line":49,"column":0},"end":{"line":49,"column":3}},"50":{"start":{"line":51,"column":0},"end":{"line":51,"column":92}},"51":{"start":{"line":52,"column":0},"end":{"line":52,"column":1}},"53":{"start":{"line":54,"column":0},"end":{"line":54,"column":115}},"54":{"start":{"line":55,"column":0},"end":{"line":55,"column":47}},"55":{"start":{"line":56,"column":0},"end":{"line":56,"column":111}},"57":{"start":{"line":58,"column":0},"end":{"line":58,"column":52}},"58":{"start":{"line":59,"column":0},"end":{"line":59,"column":25}},"59":{"start":{"line":60,"column":0},"end":{"line":60,"column":47}},"60":{"start":{"line":61,"column":0},"end":{"line":61,"column":27}},"61":{"start":{"line":62,"column":0},"end":{"line":62,"column":19}},"62":{"start":{"line":63,"column":0},"end":{"line":63,"column":70}},"63":{"start":{"line":64,"column":0},"end":{"line":64,"column":129}},"64":{"start":{"line":65,"column":0},"end":{"line":65,"column":85}},"65":{"start":{"line":66,"column":0},"end":{"line":66,"column":3}},"67":{"start":{"line":68,"column":0},"end":{"line":68,"column":38}},"68":{"start":{"line":69,"column":0},"end":{"line":69,"column":25}},"69":{"start":{"line":70,"column":0},"end":{"line":70,"column":47}},"70":{"start":{"line":71,"column":0},"end":{"line":71,"column":27}},"71":{"start":{"line":72,"column":0},"end":{"line":72,"column":19}},"72":{"start":{"line":73,"column":0},"end":{"line":73,"column":40}},"73":{"start":{"line":74,"column":0},"end":{"line":74,"column":34}},"74":{"start":{"line":75,"column":0},"end":{"line":75,"column":129}},"75":{"start":{"line":76,"column":0},"end":{"line":76,"column":85}},"76":{"start":{"line":77,"column":0},"end":{"line":77,"column":3}},"78":{"start":{"line":79,"column":0},"end":{"line":79,"column":79}},"79":{"start":{"line":80,"column":0},"end":{"line":80,"column":5}},"80":{"start":{"line":81,"column":0},"end":{"line":81,"column":38}},"81":{"start":{"line":82,"column":0},"end":{"line":82,"column":27}},"82":{"start":{"line":83,"column":0},"end":{"line":83,"column":19}},"83":{"start":{"line":84,"column":0},"end":{"line":84,"column":115}},"84":{"start":{"line":85,"column":0},"end":{"line":85,"column":6}},"85":{"start":{"line":86,"column":0},"end":{"line":86,"column":5}},"86":{"start":{"line":87,"column":0},"end":{"line":87,"column":44}},"87":{"start":{"line":88,"column":0},"end":{"line":88,"column":25}},"88":{"start":{"line":89,"column":0},"end":{"line":89,"column":19}},"89":{"start":{"line":90,"column":0},"end":{"line":90,"column":33}},"90":{"start":{"line":91,"column":0},"end":{"line":91,"column":125}},"91":{"start":{"line":92,"column":0},"end":{"line":92,"column":6}},"92":{"start":{"line":93,"column":0},"end":{"line":93,"column":5}},"93":{"start":{"line":94,"column":0},"end":{"line":94,"column":35}},"94":{"start":{"line":95,"column":0},"end":{"line":95,"column":22}},"95":{"start":{"line":96,"column":0},"end":{"line":96,"column":19}},"96":{"start":{"line":97,"column":0},"end":{"line":97,"column":30}},"97":{"start":{"line":98,"column":0},"end":{"line":98,"column":109}},"98":{"start":{"line":99,"column":0},"end":{"line":99,"column":6}},"99":{"start":{"line":100,"column":0},"end":{"line":100,"column":5}},"100":{"start":{"line":101,"column":0},"end":{"line":101,"column":43}},"101":{"start":{"line":102,"column":0},"end":{"line":102,"column":30}},"102":{"start":{"line":103,"column":0},"end":{"line":103,"column":19}},"103":{"start":{"line":104,"column":0},"end":{"line":104,"column":30}},"104":{"start":{"line":105,"column":0},"end":{"line":105,"column":123}},"105":{"start":{"line":106,"column":0},"end":{"line":106,"column":6}},"106":{"start":{"line":107,"column":0},"end":{"line":107,"column":5}},"107":{"start":{"line":108,"column":0},"end":{"line":108,"column":43}},"108":{"start":{"line":109,"column":0},"end":{"line":109,"column":30}},"109":{"start":{"line":110,"column":0},"end":{"line":110,"column":19}},"110":{"start":{"line":111,"column":0},"end":{"line":111,"column":15}},"111":{"start":{"line":112,"column":0},"end":{"line":112,"column":57}},"112":{"start":{"line":113,"column":0},"end":{"line":113,"column":8}},"113":{"start":{"line":114,"column":0},"end":{"line":114,"column":30}},"114":{"start":{"line":115,"column":0},"end":{"line":115,"column":123}},"115":{"start":{"line":116,"column":0},"end":{"line":116,"column":6}},"116":{"start":{"line":117,"column":0},"end":{"line":117,"column":5}},"117":{"start":{"line":118,"column":0},"end":{"line":118,"column":40}},"118":{"start":{"line":119,"column":0},"end":{"line":119,"column":27}},"119":{"start":{"line":120,"column":0},"end":{"line":120,"column":19}},"120":{"start":{"line":121,"column":0},"end":{"line":121,"column":35}},"121":{"start":{"line":122,"column":0},"end":{"line":122,"column":21}},"122":{"start":{"line":123,"column":0},"end":{"line":123,"column":30}},"123":{"start":{"line":124,"column":0},"end":{"line":124,"column":38}},"124":{"start":{"line":125,"column":0},"end":{"line":125,"column":38}},"125":{"start":{"line":126,"column":0},"end":{"line":126,"column":38}},"126":{"start":{"line":127,"column":0},"end":{"line":127,"column":8}},"127":{"start":{"line":128,"column":0},"end":{"line":128,"column":116}},"128":{"start":{"line":129,"column":0},"end":{"line":129,"column":32}},"129":{"start":{"line":130,"column":0},"end":{"line":130,"column":74}},"130":{"start":{"line":131,"column":0},"end":{"line":131,"column":43}},"131":{"start":{"line":132,"column":0},"end":{"line":132,"column":57}},"132":{"start":{"line":133,"column":0},"end":{"line":133,"column":57}},"133":{"start":{"line":134,"column":0},"end":{"line":134,"column":58}},"134":{"start":{"line":135,"column":0},"end":{"line":135,"column":9}},"135":{"start":{"line":136,"column":0},"end":{"line":136,"column":6}},"136":{"start":{"line":137,"column":0},"end":{"line":137,"column":5}},"137":{"start":{"line":138,"column":0},"end":{"line":138,"column":40}},"138":{"start":{"line":139,"column":0},"end":{"line":139,"column":27}},"139":{"start":{"line":140,"column":0},"end":{"line":140,"column":19}},"140":{"start":{"line":141,"column":0},"end":{"line":141,"column":44}},"141":{"start":{"line":142,"column":0},"end":{"line":142,"column":117}},"142":{"start":{"line":143,"column":0},"end":{"line":143,"column":5}},"143":{"start":{"line":144,"column":0},"end":{"line":144,"column":5}},"144":{"start":{"line":145,"column":0},"end":{"line":145,"column":1}}},"s":{"0":1,"10":1,"21":1,"33":1,"34":6,"36":6,"37":6,"38":6,"39":6,"40":6,"41":6,"42":6,"43":6,"44":6,"46":6,"47":2,"48":2,"50":6,"51":6,"53":1,"54":6,"55":6,"57":6,"58":5,"59":5,"60":5,"61":5,"62":5,"63":5,"64":5,"65":5,"67":6,"68":2,"69":2,"70":2,"71":2,"72":2,"73":2,"74":2,"75":2,"76":2,"78":6,"79":6,"80":6,"81":6,"82":6,"83":6,"84":6,"85":6,"86":6,"87":6,"88":6,"89":6,"90":6,"91":6,"92":6,"93":6,"94":6,"95":6,"96":6,"97":6,"98":6,"99":6,"100":6,"101":6,"102":6,"103":6,"104":6,"105":6,"106":6,"107":6,"108":6,"109":6,"110":6,"111":6,"112":6,"113":6,"114":6,"115":6,"116":6,"117":6,"118":6,"119":6,"120":6,"121":6,"122":6,"123":6,"124":6,"125":6,"126":6,"127":6,"128":5,"129":5,"130":5,"131":5,"132":5,"133":5,"134":5,"135":6,"136":6,"137":6,"138":6,"139":6,"140":6,"141":6,"142":6,"143":6,"144":6},"branchMap":{"0":{"type":"branch","line":34,"loc":{"start":{"line":34,"column":7},"end":{"line":52,"column":1}},"locations":[{"start":{"line":34,"column":7},"end":{"line":52,"column":1}}]},"1":{"type":"branch","line":47,"loc":{"start":{"line":47,"column":35},"end":{"line":47,"column":55}},"locations":[{"start":{"line":47,"column":35},"end":{"line":47,"column":55}}]},"2":{"type":"branch","line":47,"loc":{"start":{"line":47,"column":55},"end":{"line":49,"column":3}},"locations":[{"start":{"line":47,"column":55},"end":{"line":49,"column":3}}]},"3":{"type":"branch","line":54,"loc":{"start":{"line":54,"column":7},"end":{"line":145,"column":1}},"locations":[{"start":{"line":54,"column":7},"end":{"line":145,"column":1}}]},"4":{"type":"branch","line":55,"loc":{"start":{"line":55,"column":33},"end":{"line":55,"column":47}},"locations":[{"start":{"line":55,"column":33},"end":{"line":55,"column":47}}]},"5":{"type":"branch","line":58,"loc":{"start":{"line":58,"column":51},"end":{"line":66,"column":3}},"locations":[{"start":{"line":58,"column":51},"end":{"line":66,"column":3}}]},"6":{"type":"branch","line":63,"loc":{"start":{"line":63,"column":25},"end":{"line":63,"column":66}},"locations":[{"start":{"line":63,"column":25},"end":{"line":63,"column":66}}]},"7":{"type":"branch","line":63,"loc":{"start":{"line":63,"column":62},"end":{"line":63,"column":70}},"locations":[{"start":{"line":63,"column":62},"end":{"line":63,"column":70}}]},"8":{"type":"branch","line":68,"loc":{"start":{"line":68,"column":21},"end":{"line":68,"column":37}},"locations":[{"start":{"line":68,"column":21},"end":{"line":68,"column":37}}]},"9":{"type":"branch","line":68,"loc":{"start":{"line":68,"column":37},"end":{"line":77,"column":3}},"locations":[{"start":{"line":68,"column":37},"end":{"line":77,"column":3}}]},"10":{"type":"branch","line":64,"loc":{"start":{"line":64,"column":18},"end":{"line":64,"column":129}},"locations":[{"start":{"line":64,"column":18},"end":{"line":64,"column":129}}]},"11":{"type":"branch","line":75,"loc":{"start":{"line":75,"column":18},"end":{"line":75,"column":129}},"locations":[{"start":{"line":75,"column":18},"end":{"line":75,"column":129}}]},"12":{"type":"branch","line":84,"loc":{"start":{"line":84,"column":18},"end":{"line":84,"column":115}},"locations":[{"start":{"line":84,"column":18},"end":{"line":84,"column":115}}]},"13":{"type":"branch","line":91,"loc":{"start":{"line":91,"column":18},"end":{"line":91,"column":125}},"locations":[{"start":{"line":91,"column":18},"end":{"line":91,"column":125}}]},"14":{"type":"branch","line":98,"loc":{"start":{"line":98,"column":18},"end":{"line":98,"column":109}},"locations":[{"start":{"line":98,"column":18},"end":{"line":98,"column":109}}]},"15":{"type":"branch","line":105,"loc":{"start":{"line":105,"column":18},"end":{"line":105,"column":123}},"locations":[{"start":{"line":105,"column":18},"end":{"line":105,"column":123}}]},"16":{"type":"branch","line":115,"loc":{"start":{"line":115,"column":18},"end":{"line":115,"column":123}},"locations":[{"start":{"line":115,"column":18},"end":{"line":115,"column":123}}]},"17":{"type":"branch","line":128,"loc":{"start":{"line":128,"column":18},"end":{"line":135,"column":9}},"locations":[{"start":{"line":128,"column":18},"end":{"line":135,"column":9}}]},"18":{"type":"branch","line":142,"loc":{"start":{"line":142,"column":18},"end":{"line":142,"column":117}},"locations":[{"start":{"line":142,"column":18},"end":{"line":142,"column":117}}]}},"b":{"0":[6],"1":[5],"2":[2],"3":[6],"4":[3],"5":[5],"6":[1],"7":[4],"8":[2],"9":[2],"10":[4],"11":[1],"12":[5],"13":[5],"14":[5],"15":[5],"16":[5],"17":[5],"18":[5]},"fnMap":{"0":{"name":"createBaseFrameworkClientEnvironment","decl":{"start":{"line":34,"column":7},"end":{"line":52,"column":1}},"loc":{"start":{"line":34,"column":7},"end":{"line":52,"column":1}},"line":34},"1":{"name":"createBaseFrameworkClientProfile","decl":{"start":{"line":54,"column":7},"end":{"line":145,"column":1}},"loc":{"start":{"line":54,"column":7},"end":{"line":145,"column":1}},"line":54},"2":{"name":"useFactory","decl":{"start":{"line":64,"column":18},"end":{"line":64,"column":129}},"loc":{"start":{"line":64,"column":18},"end":{"line":64,"column":129}},"line":64},"3":{"name":"useFactory","decl":{"start":{"line":75,"column":18},"end":{"line":75,"column":129}},"loc":{"start":{"line":75,"column":18},"end":{"line":75,"column":129}},"line":75},"4":{"name":"useFactory","decl":{"start":{"line":84,"column":18},"end":{"line":84,"column":115}},"loc":{"start":{"line":84,"column":18},"end":{"line":84,"column":115}},"line":84},"5":{"name":"useFactory","decl":{"start":{"line":91,"column":18},"end":{"line":91,"column":125}},"loc":{"start":{"line":91,"column":18},"end":{"line":91,"column":125}},"line":91},"6":{"name":"useFactory","decl":{"start":{"line":98,"column":18},"end":{"line":98,"column":109}},"loc":{"start":{"line":98,"column":18},"end":{"line":98,"column":109}},"line":98},"7":{"name":"useFactory","decl":{"start":{"line":105,"column":18},"end":{"line":105,"column":123}},"loc":{"start":{"line":105,"column":18},"end":{"line":105,"column":123}},"line":105},"8":{"name":"useFactory","decl":{"start":{"line":115,"column":18},"end":{"line":115,"column":123}},"loc":{"start":{"line":115,"column":18},"end":{"line":115,"column":123}},"line":115},"9":{"name":"useFactory","decl":{"start":{"line":128,"column":18},"end":{"line":135,"column":9}},"loc":{"start":{"line":128,"column":18},"end":{"line":135,"column":9}},"line":128},"10":{"name":"useFactory","decl":{"start":{"line":142,"column":18},"end":{"line":142,"column":117}},"loc":{"start":{"line":142,"column":18},"end":{"line":142,"column":117}},"line":142}},"f":{"0":6,"1":6,"2":4,"3":1,"4":5,"5":5,"6":5,"7":5,"8":5,"9":5,"10":5}}
,"C:\\LD\\01-RealityToolkit\\Service Framework\\com.realitycollective.service-framework.ts\\packages\\service-framework-client\\src\\react.tsx": {"path":"C:\\LD\\01-RealityToolkit\\Service Framework\\com.realitycollective.service-framework.ts\\packages\\service-framework-client\\src\\react.tsx","all":false,"statementMap":{"0":{"start":{"line":1,"column":0},"end":{"line":1,"column":61}},"2":{"start":{"line":3,"column":0},"end":{"line":3,"column":98}},"7":{"start":{"line":8,"column":0},"end":{"line":8,"column":58}},"8":{"start":{"line":9,"column":0},"end":{"line":9,"column":8}},"36":{"start":{"line":37,"column":0},"end":{"line":37,"column":130}},"37":{"start":{"line":38,"column":0},"end":{"line":38,"column":36}},"38":{"start":{"line":39,"column":0},"end":{"line":39,"column":30}},"43":{"start":{"line":44,"column":0},"end":{"line":44,"column":32}},"44":{"start":{"line":45,"column":0},"end":{"line":45,"column":31}},"45":{"start":{"line":46,"column":0},"end":{"line":46,"column":4}},"46":{"start":{"line":47,"column":0},"end":{"line":47,"column":1}},"48":{"start":{"line":49,"column":0},"end":{"line":49,"column":45}},"49":{"start":{"line":50,"column":0},"end":{"line":50,"column":11}},"50":{"start":{"line":51,"column":0},"end":{"line":51,"column":10}},"51":{"start":{"line":52,"column":0},"end":{"line":52,"column":16}},"52":{"start":{"line":53,"column":0},"end":{"line":53,"column":57}},"53":{"start":{"line":54,"column":0},"end":{"line":54,"column":126}},"55":{"start":{"line":56,"column":0},"end":{"line":56,"column":10}},"56":{"start":{"line":57,"column":0},"end":{"line":57,"column":82}},"57":{"start":{"line":58,"column":0},"end":{"line":58,"column":16}},"58":{"start":{"line":59,"column":0},"end":{"line":59,"column":31}},"60":{"start":{"line":61,"column":0},"end":{"line":61,"column":1}},"62":{"start":{"line":63,"column":0},"end":{"line":63,"column":59}},"63":{"start":{"line":64,"column":0},"end":{"line":64,"column":46}},"64":{"start":{"line":65,"column":0},"end":{"line":65,"column":1}},"66":{"start":{"line":67,"column":0},"end":{"line":67,"column":58}},"67":{"start":{"line":68,"column":0},"end":{"line":68,"column":93}},"68":{"start":{"line":69,"column":0},"end":{"line":69,"column":1}},"70":{"start":{"line":71,"column":0},"end":{"line":71,"column":69}},"71":{"start":{"line":72,"column":0},"end":{"line":72,"column":52}},"72":{"start":{"line":73,"column":0},"end":{"line":73,"column":1}},"74":{"start":{"line":75,"column":0},"end":{"line":75,"column":63}},"75":{"start":{"line":76,"column":0},"end":{"line":76,"column":109}},"76":{"start":{"line":77,"column":0},"end":{"line":77,"column":1}},"78":{"start":{"line":79,"column":0},"end":{"line":79,"column":53}},"79":{"start":{"line":80,"column":0},"end":{"line":80,"column":43}},"80":{"start":{"line":81,"column":0},"end":{"line":81,"column":1}},"82":{"start":{"line":83,"column":0},"end":{"line":83,"column":52}},"83":{"start":{"line":84,"column":0},"end":{"line":84,"column":84}},"84":{"start":{"line":85,"column":0},"end":{"line":85,"column":1}},"86":{"start":{"line":87,"column":0},"end":{"line":87,"column":67}},"87":{"start":{"line":88,"column":0},"end":{"line":88,"column":51}},"88":{"start":{"line":89,"column":0},"end":{"line":89,"column":1}},"90":{"start":{"line":91,"column":0},"end":{"line":91,"column":61}},"91":{"start":{"line":92,"column":0},"end":{"line":92,"column":106}},"92":{"start":{"line":93,"column":0},"end":{"line":93,"column":1}},"94":{"start":{"line":95,"column":0},"end":{"line":95,"column":67}},"95":{"start":{"line":96,"column":0},"end":{"line":96,"column":51}},"96":{"start":{"line":97,"column":0},"end":{"line":97,"column":1}},"98":{"start":{"line":99,"column":0},"end":{"line":99,"column":71}},"99":{"start":{"line":100,"column":0},"end":{"line":100,"column":111}},"100":{"start":{"line":101,"column":0},"end":{"line":101,"column":1}},"102":{"start":{"line":103,"column":0},"end":{"line":103,"column":63}},"103":{"start":{"line":104,"column":0},"end":{"line":104,"column":48}},"104":{"start":{"line":105,"column":0},"end":{"line":105,"column":1}},"106":{"start":{"line":107,"column":0},"end":{"line":107,"column":62}},"107":{"start":{"line":108,"column":0},"end":{"line":108,"column":99}},"108":{"start":{"line":109,"column":0},"end":{"line":109,"column":1}},"110":{"start":{"line":111,"column":0},"end":{"line":111,"column":61}},"111":{"start":{"line":112,"column":0},"end":{"line":112,"column":48}},"112":{"start":{"line":113,"column":0},"end":{"line":113,"column":1}},"114":{"start":{"line":115,"column":0},"end":{"line":115,"column":55}},"115":{"start":{"line":116,"column":0},"end":{"line":116,"column":97}},"116":{"start":{"line":117,"column":0},"end":{"line":117,"column":1}}},"s":{"0":1,"2":1,"7":1,"8":1,"36":14,"37":14,"38":14,"43":14,"44":14,"45":14,"46":14,"48":1,"49":2,"50":2,"51":2,"52":2,"53":2,"55":2,"56":2,"57":2,"58":2,"60":2,"62":1,"63":2,"64":2,"66":1,"67":2,"68":2,"70":1,"71":2,"72":2,"74":1,"75":2,"76":2,"78":1,"79":2,"80":2,"82":1,"83":2,"84":2,"86":1,"87":2,"88":2,"90":1,"91":2,"92":2,"94":1,"95":2,"96":2,"98":1,"99":2,"100":2,"102":1,"103":2,"104":2,"106":1,"107":2,"108":2,"110":1,"111":2,"112":2,"114":1,"115":2,"116":2},"branchMap":{"0":{"type":"branch","line":37,"loc":{"start":{"line":37,"column":0},"end":{"line":47,"column":1}},"locations":[{"start":{"line":37,"column":0},"end":{"line":47,"column":1}}]},"1":{"type":"branch","line":45,"loc":{"start":{"line":45,"column":4},"end":{"line":45,"column":31}},"locations":[{"start":{"line":45,"column":4},"end":{"line":45,"column":31}}]},"2":{"type":"branch","line":49,"loc":{"start":{"line":49,"column":7},"end":{"line":61,"column":1}},"locations":[{"start":{"line":49,"column":7},"end":{"line":61,"column":1}}]},"3":{"type":"branch","line":54,"loc":{"start":{"line":54,"column":34},"end":{"line":54,"column":99}},"locations":[{"start":{"line":54,"column":34},"end":{"line":54,"column":99}}]},"4":{"type":"branch","line":54,"loc":{"start":{"line":54,"column":40},"end":{"line":54,"column":99}},"locations":[{"start":{"line":54,"column":40},"end":{"line":54,"column":99}}]},"5":{"type":"branch","line":63,"loc":{"start":{"line":63,"column":7},"end":{"line":65,"column":1}},"locations":[{"start":{"line":63,"column":7},"end":{"line":65,"column":1}}]},"6":{"type":"branch","line":67,"loc":{"start":{"line":67,"column":7},"end":{"line":69,"column":1}},"locations":[{"start":{"line":67,"column":7},"end":{"line":69,"column":1}}]},"7":{"type":"branch","line":71,"loc":{"start":{"line":71,"column":7},"end":{"line":73,"column":1}},"locations":[{"start":{"line":71,"column":7},"end":{"line":73,"column":1}}]},"8":{"type":"branch","line":75,"loc":{"start":{"line":75,"column":7},"end":{"line":77,"column":1}},"locations":[{"start":{"line":75,"column":7},"end":{"line":77,"column":1}}]},"9":{"type":"branch","line":79,"loc":{"start":{"line":79,"column":7},"end":{"line":81,"column":1}},"locations":[{"start":{"line":79,"column":7},"end":{"line":81,"column":1}}]},"10":{"type":"branch","line":83,"loc":{"start":{"line":83,"column":7},"end":{"line":85,"column":1}},"locations":[{"start":{"line":83,"column":7},"end":{"line":85,"column":1}}]},"11":{"type":"branch","line":87,"loc":{"start":{"line":87,"column":7},"end":{"line":89,"column":1}},"locations":[{"start":{"line":87,"column":7},"end":{"line":89,"column":1}}]},"12":{"type":"branch","line":91,"loc":{"start":{"line":91,"column":7},"end":{"line":93,"column":1}},"locations":[{"start":{"line":91,"column":7},"end":{"line":93,"column":1}}]},"13":{"type":"branch","line":95,"loc":{"start":{"line":95,"column":7},"end":{"line":97,"column":1}},"locations":[{"start":{"line":95,"column":7},"end":{"line":97,"column":1}}]},"14":{"type":"branch","line":99,"loc":{"start":{"line":99,"column":7},"end":{"line":101,"column":1}},"locations":[{"start":{"line":99,"column":7},"end":{"line":101,"column":1}}]},"15":{"type":"branch","line":103,"loc":{"start":{"line":103,"column":7},"end":{"line":105,"column":1}},"locations":[{"start":{"line":103,"column":7},"end":{"line":105,"column":1}}]},"16":{"type":"branch","line":107,"loc":{"start":{"line":107,"column":7},"end":{"line":109,"column":1}},"locations":[{"start":{"line":107,"column":7},"end":{"line":109,"column":1}}]},"17":{"type":"branch","line":111,"loc":{"start":{"line":111,"column":7},"end":{"line":113,"column":1}},"locations":[{"start":{"line":111,"column":7},"end":{"line":113,"column":1}}]},"18":{"type":"branch","line":115,"loc":{"start":{"line":115,"column":7},"end":{"line":117,"column":1}},"locations":[{"start":{"line":115,"column":7},"end":{"line":117,"column":1}}]}},"b":{"0":[14],"1":[14],"2":[2],"3":[2],"4":[1],"5":[2],"6":[2],"7":[2],"8":[2],"9":[2],"10":[2],"11":[2],"12":[2],"13":[2],"14":[2],"15":[2],"16":[2],"17":[2],"18":[2]},"fnMap":{"0":{"name":"useSnapshotService","decl":{"start":{"line":37,"column":0},"end":{"line":47,"column":1}},"loc":{"start":{"line":37,"column":0},"end":{"line":47,"column":1}},"line":37},"1":{"name":"BaseFrameworkClientProvider","decl":{"start":{"line":49,"column":7},"end":{"line":61,"column":1}},"loc":{"start":{"line":49,"column":7},"end":{"line":61,"column":1}},"line":49},"2":{"name":"useCapabilityService","decl":{"start":{"line":63,"column":7},"end":{"line":65,"column":1}},"loc":{"start":{"line":63,"column":7},"end":{"line":65,"column":1}},"line":63},"3":{"name":"useCapabilityState","decl":{"start":{"line":67,"column":7},"end":{"line":69,"column":1}},"loc":{"start":{"line":67,"column":7},"end":{"line":69,"column":1}},"line":67},"4":{"name":"useExperienceStateService","decl":{"start":{"line":71,"column":7},"end":{"line":73,"column":1}},"loc":{"start":{"line":71,"column":7},"end":{"line":73,"column":1}},"line":71},"5":{"name":"useExperienceState","decl":{"start":{"line":75,"column":7},"end":{"line":77,"column":1}},"loc":{"start":{"line":75,"column":7},"end":{"line":77,"column":1}},"line":75},"6":{"name":"useSessionService","decl":{"start":{"line":79,"column":7},"end":{"line":81,"column":1}},"loc":{"start":{"line":79,"column":7},"end":{"line":81,"column":1}},"line":79},"7":{"name":"useSessionState","decl":{"start":{"line":83,"column":7},"end":{"line":85,"column":1}},"loc":{"start":{"line":83,"column":7},"end":{"line":85,"column":1}},"line":83},"8":{"name":"useContentContextService","decl":{"start":{"line":87,"column":7},"end":{"line":89,"column":1}},"loc":{"start":{"line":87,"column":7},"end":{"line":89,"column":1}},"line":87},"9":{"name":"useContentContext","decl":{"start":{"line":91,"column":7},"end":{"line":93,"column":1}},"loc":{"start":{"line":91,"column":7},"end":{"line":93,"column":1}},"line":91},"10":{"name":"useBackendAdapterService","decl":{"start":{"line":95,"column":7},"end":{"line":97,"column":1}},"loc":{"start":{"line":95,"column":7},"end":{"line":97,"column":1}},"line":95},"11":{"name":"useBackendAdapterState","decl":{"start":{"line":99,"column":7},"end":{"line":101,"column":1}},"loc":{"start":{"line":99,"column":7},"end":{"line":101,"column":1}},"line":99},"12":{"name":"useConversationService","decl":{"start":{"line":103,"column":7},"end":{"line":105,"column":1}},"loc":{"start":{"line":103,"column":7},"end":{"line":105,"column":1}},"line":103},"13":{"name":"useConversationState","decl":{"start":{"line":107,"column":7},"end":{"line":109,"column":1}},"loc":{"start":{"line":107,"column":7},"end":{"line":109,"column":1}},"line":107},"14":{"name":"useRenderStateService","decl":{"start":{"line":111,"column":7},"end":{"line":113,"column":1}},"loc":{"start":{"line":111,"column":7},"end":{"line":113,"column":1}},"line":111},"15":{"name":"useRenderState","decl":{"start":{"line":115,"column":7},"end":{"line":117,"column":1}},"loc":{"start":{"line":115,"column":7},"end":{"line":117,"column":1}},"line":115}},"f":{"0":14,"1":2,"2":2,"3":2,"4":2,"5":2,"6":2,"7":2,"8":2,"9":2,"10":2,"11":2,"12":2,"13":2,"14":2,"15":2}}
,"C:\\LD\\01-RealityToolkit\\Service Framework\\com.realitycollective.service-framework.ts\\packages\\service-framework-client\\src\\runtime.ts": {"path":"C:\\LD\\01-RealityToolkit\\Service Framework\\com.realitycollective.service-framework.ts\\packages\\service-framework-client\\src\\runtime.ts","all":false,"statementMap":{"0":{"start":{"line":1,"column":0},"end":{"line":1,"column":8}},"4":{"start":{"line":5,"column":0},"end":{"line":5,"column":83}},"6":{"start":{"line":7,"column":0},"end":{"line":7,"column":102}},"8":{"start":{"line":9,"column":0},"end":{"line":9,"column":83}},"9":{"start":{"line":10,"column":0},"end":{"line":10,"column":28}},"10":{"start":{"line":11,"column":0},"end":{"line":11,"column":30}},"11":{"start":{"line":12,"column":0},"end":{"line":12,"column":26}},"12":{"start":{"line":13,"column":0},"end":{"line":13,"column":26}},"14":{"start":{"line":15,"column":0},"end":{"line":15,"column":62}},"16":{"start":{"line":17,"column":0},"end":{"line":17,"column":71}},"17":{"start":{"line":18,"column":0},"end":{"line":18,"column":64}},"18":{"start":{"line":19,"column":0},"end":{"line":19,"column":111}},"19":{"start":{"line":20,"column":0},"end":{"line":20,"column":95}},"20":{"start":{"line":21,"column":0},"end":{"line":21,"column":39}},"21":{"start":{"line":22,"column":0},"end":{"line":22,"column":32}},"22":{"start":{"line":23,"column":0},"end":{"line":23,"column":35}},"23":{"start":{"line":24,"column":0},"end":{"line":24,"column":7}},"25":{"start":{"line":26,"column":0},"end":{"line":26,"column":49}},"27":{"start":{"line":28,"column":0},"end":{"line":28,"column":38}},"28":{"start":{"line":29,"column":0},"end":{"line":29,"column":27}},"29":{"start":{"line":30,"column":0},"end":{"line":30,"column":5}},"30":{"start":{"line":31,"column":0},"end":{"line":31,"column":3}},"32":{"start":{"line":33,"column":0},"end":{"line":33,"column":118}},"33":{"start":{"line":34,"column":0},"end":{"line":34,"column":37}},"34":{"start":{"line":35,"column":0},"end":{"line":35,"column":55}},"35":{"start":{"line":36,"column":0},"end":{"line":36,"column":40}},"36":{"start":{"line":37,"column":0},"end":{"line":37,"column":10}},"37":{"start":{"line":38,"column":0},"end":{"line":38,"column":7}},"38":{"start":{"line":39,"column":0},"end":{"line":39,"column":34}},"39":{"start":{"line":40,"column":0},"end":{"line":40,"column":33}},"40":{"start":{"line":41,"column":0},"end":{"line":41,"column":3}},"42":{"start":{"line":43,"column":0},"end":{"line":43,"column":26}},"43":{"start":{"line":44,"column":0},"end":{"line":44,"column":37}},"44":{"start":{"line":45,"column":0},"end":{"line":45,"column":37}},"45":{"start":{"line":46,"column":0},"end":{"line":46,"column":3}},"46":{"start":{"line":47,"column":0},"end":{"line":47,"column":1}}},"s":{"0":1,"4":1,"6":1,"8":1,"9":5,"10":5,"11":5,"12":5,"14":5,"16":5,"17":5,"18":5,"19":5,"20":5,"21":5,"22":5,"23":5,"25":5,"27":5,"28":4,"29":4,"30":5,"32":5,"33":4,"34":4,"35":4,"36":4,"37":4,"38":4,"39":4,"40":4,"42":5,"43":4,"44":4,"45":4,"46":5},"branchMap":{"0":{"type":"branch","line":9,"loc":{"start":{"line":9,"column":82},"end":{"line":47,"column":1}},"locations":[{"start":{"line":9,"column":82},"end":{"line":47,"column":1}}]},"1":{"type":"branch","line":17,"loc":{"start":{"line":17,"column":9},"end":{"line":31,"column":3}},"locations":[{"start":{"line":17,"column":9},"end":{"line":31,"column":3}}]},"2":{"type":"branch","line":28,"loc":{"start":{"line":28,"column":37},"end":{"line":30,"column":5}},"locations":[{"start":{"line":28,"column":37},"end":{"line":30,"column":5}}]},"3":{"type":"branch","line":33,"loc":{"start":{"line":33,"column":9},"end":{"line":41,"column":3}},"locations":[{"start":{"line":33,"column":9},"end":{"line":41,"column":3}}]},"4":{"type":"branch","line":34,"loc":{"start":{"line":34,"column":9},"end":{"line":34,"column":35}},"locations":[{"start":{"line":34,"column":9},"end":{"line":34,"column":35}}]},"5":{"type":"branch","line":43,"loc":{"start":{"line":43,"column":9},"end":{"line":46,"column":3}},"locations":[{"start":{"line":43,"column":9},"end":{"line":46,"column":3}}]},"6":{"type":"branch","line":44,"loc":{"start":{"line":44,"column":9},"end":{"line":44,"column":35}},"locations":[{"start":{"line":44,"column":9},"end":{"line":44,"column":35}}]}},"b":{"0":[5],"1":[5],"2":[4],"3":[4],"4":[1],"5":[4],"6":[3]},"fnMap":{"0":{"name":"<instance_members_initializer>","decl":{"start":{"line":9,"column":82},"end":{"line":47,"column":1}},"loc":{"start":{"line":9,"column":82},"end":{"line":47,"column":1}},"line":9},"1":{"name":"BaseFrameworkClientRuntime","decl":{"start":{"line":17,"column":9},"end":{"line":31,"column":3}},"loc":{"start":{"line":17,"column":9},"end":{"line":31,"column":3}},"line":17},"2":{"name":"bindRenderLoop","decl":{"start":{"line":33,"column":9},"end":{"line":41,"column":3}},"loc":{"start":{"line":33,"column":9},"end":{"line":41,"column":3}},"line":33},"3":{"name":"dispose","decl":{"start":{"line":43,"column":9},"end":{"line":46,"column":3}},"loc":{"start":{"line":43,"column":9},"end":{"line":46,"column":3}},"line":43}},"f":{"0":5,"1":5,"2":4,"3":4}}
,"C:\\LD\\01-RealityToolkit\\Service Framework\\com.realitycollective.service-framework.ts\\packages\\service-framework-client\\src\\services.ts": {"path":"C:\\LD\\01-RealityToolkit\\Service Framework\\com.realitycollective.service-framework.ts\\packages\\service-framework-client\\src\\services.ts","all":false,"statementMap":{"0":{"start":{"line":1,"column":0},"end":{"line":1,"column":8}},"26":{"start":{"line":27,"column":0},"end":{"line":27,"column":45}},"27":{"start":{"line":28,"column":0},"end":{"line":28,"column":29}},"28":{"start":{"line":29,"column":0},"end":{"line":29,"column":1}},"30":{"start":{"line":31,"column":0},"end":{"line":31,"column":50}},"31":{"start":{"line":32,"column":0},"end":{"line":32,"column":64}},"32":{"start":{"line":33,"column":0},"end":{"line":33,"column":1}},"34":{"start":{"line":35,"column":0},"end":{"line":35,"column":90}},"35":{"start":{"line":36,"column":0},"end":{"line":36,"column":42}},"36":{"start":{"line":37,"column":0},"end":{"line":37,"column":31}},"37":{"start":{"line":38,"column":0},"end":{"line":38,"column":20}},"38":{"start":{"line":39,"column":0},"end":{"line":39,"column":4}},"40":{"start":{"line":41,"column":0},"end":{"line":41,"column":38}},"41":{"start":{"line":42,"column":0},"end":{"line":42,"column":21}},"42":{"start":{"line":43,"column":0},"end":{"line":43,"column":45}},"43":{"start":{"line":44,"column":0},"end":{"line":44,"column":68}},"44":{"start":{"line":45,"column":0},"end":{"line":45,"column":6}},"45":{"start":{"line":46,"column":0},"end":{"line":46,"column":40}},"46":{"start":{"line":47,"column":0},"end":{"line":47,"column":3}},"48":{"start":{"line":49,"column":0},"end":{"line":49,"column":44}},"49":{"start":{"line":50,"column":0},"end":{"line":50,"column":25}},"50":{"start":{"line":51,"column":0},"end":{"line":51,"column":3}},"52":{"start":{"line":53,"column":0},"end":{"line":53,"column":53}},"53":{"start":{"line":54,"column":0},"end":{"line":54,"column":54}},"54":{"start":{"line":55,"column":0},"end":{"line":55,"column":3}},"55":{"start":{"line":56,"column":0},"end":{"line":56,"column":1}},"57":{"start":{"line":58,"column":0},"end":{"line":58,"column":123}},"58":{"start":{"line":59,"column":0},"end":{"line":59,"column":47}},"59":{"start":{"line":60,"column":0},"end":{"line":60,"column":22}},"60":{"start":{"line":61,"column":0},"end":{"line":61,"column":26}},"61":{"start":{"line":62,"column":0},"end":{"line":62,"column":27}},"62":{"start":{"line":63,"column":0},"end":{"line":63,"column":4}},"64":{"start":{"line":65,"column":0},"end":{"line":65,"column":38}},"65":{"start":{"line":66,"column":0},"end":{"line":66,"column":44}},"66":{"start":{"line":67,"column":0},"end":{"line":67,"column":21}},"67":{"start":{"line":68,"column":0},"end":{"line":68,"column":46}},"68":{"start":{"line":69,"column":0},"end":{"line":69,"column":57}},"69":{"start":{"line":70,"column":0},"end":{"line":70,"column":29}},"70":{"start":{"line":71,"column":0},"end":{"line":71,"column":6}},"71":{"start":{"line":72,"column":0},"end":{"line":72,"column":40}},"72":{"start":{"line":73,"column":0},"end":{"line":73,"column":3}},"74":{"start":{"line":75,"column":0},"end":{"line":75,"column":49}},"75":{"start":{"line":76,"column":0},"end":{"line":76,"column":25}},"76":{"start":{"line":77,"column":0},"end":{"line":77,"column":3}},"78":{"start":{"line":79,"column":0},"end":{"line":79,"column":63}},"79":{"start":{"line":80,"column":0},"end":{"line":80,"column":21}},"80":{"start":{"line":81,"column":0},"end":{"line":81,"column":23}},"81":{"start":{"line":82,"column":0},"end":{"line":82,"column":10}},"82":{"start":{"line":83,"column":0},"end":{"line":83,"column":6}},"83":{"start":{"line":84,"column":0},"end":{"line":84,"column":40}},"84":{"start":{"line":85,"column":0},"end":{"line":85,"column":3}},"86":{"start":{"line":87,"column":0},"end":{"line":87,"column":29}},"87":{"start":{"line":88,"column":0},"end":{"line":88,"column":21}},"88":{"start":{"line":89,"column":0},"end":{"line":89,"column":23}},"89":{"start":{"line":90,"column":0},"end":{"line":90,"column":25}},"90":{"start":{"line":91,"column":0},"end":{"line":91,"column":6}},"91":{"start":{"line":92,"column":0},"end":{"line":92,"column":40}},"92":{"start":{"line":93,"column":0},"end":{"line":93,"column":3}},"94":{"start":{"line":95,"column":0},"end":{"line":95,"column":33}},"95":{"start":{"line":96,"column":0},"end":{"line":96,"column":21}},"96":{"start":{"line":97,"column":0},"end":{"line":97,"column":23}},"97":{"start":{"line":98,"column":0},"end":{"line":98,"column":30}},"98":{"start":{"line":99,"column":0},"end":{"line":99,"column":6}},"99":{"start":{"line":100,"column":0},"end":{"line":100,"column":40}},"100":{"start":{"line":101,"column":0},"end":{"line":101,"column":3}},"102":{"start":{"line":103,"column":0},"end":{"line":103,"column":30}},"103":{"start":{"line":104,"column":0},"end":{"line":104,"column":21}},"104":{"start":{"line":105,"column":0},"end":{"line":105,"column":23}},"105":{"start":{"line":106,"column":0},"end":{"line":106,"column":27}},"106":{"start":{"line":107,"column":0},"end":{"line":107,"column":6}},"107":{"start":{"line":108,"column":0},"end":{"line":108,"column":40}},"108":{"start":{"line":109,"column":0},"end":{"line":109,"column":3}},"110":{"start":{"line":111,"column":0},"end":{"line":111,"column":89}},"111":{"start":{"line":112,"column":0},"end":{"line":112,"column":21}},"112":{"start":{"line":113,"column":0},"end":{"line":113,"column":23}},"113":{"start":{"line":114,"column":0},"end":{"line":114,"column":22}},"114":{"start":{"line":115,"column":0},"end":{"line":115,"column":41}},"115":{"start":{"line":116,"column":0},"end":{"line":116,"column":6}},"117":{"start":{"line":118,"column":0},"end":{"line":118,"column":53}},"118":{"start":{"line":119,"column":0},"end":{"line":119,"column":23}},"119":{"start":{"line":120,"column":0},"end":{"line":120,"column":33}},"120":{"start":{"line":121,"column":0},"end":{"line":121,"column":47}},"121":{"start":{"line":122,"column":0},"end":{"line":122,"column":54}},"122":{"start":{"line":123,"column":0},"end":{"line":123,"column":8}},"123":{"start":{"line":124,"column":0},"end":{"line":124,"column":5}},"125":{"start":{"line":126,"column":0},"end":{"line":126,"column":40}},"126":{"start":{"line":127,"column":0},"end":{"line":127,"column":3}},"127":{"start":{"line":128,"column":0},"end":{"line":128,"column":1}},"129":{"start":{"line":130,"column":0},"end":{"line":130,"column":106}},"130":{"start":{"line":131,"column":0},"end":{"line":131,"column":39}},"131":{"start":{"line":132,"column":0},"end":{"line":132,"column":27}},"132":{"start":{"line":133,"column":0},"end":{"line":133,"column":17}},"133":{"start":{"line":134,"column":0},"end":{"line":134,"column":21}},"134":{"start":{"line":135,"column":0},"end":{"line":135,"column":4}},"136":{"start":{"line":137,"column":0},"end":{"line":137,"column":38}},"137":{"start":{"line":138,"column":0},"end":{"line":138,"column":44}},"138":{"start":{"line":139,"column":0},"end":{"line":139,"column":41}},"139":{"start":{"line":140,"column":0},"end":{"line":140,"column":21}},"140":{"start":{"line":141,"column":0},"end":{"line":141,"column":72}},"141":{"start":{"line":142,"column":0},"end":{"line":142,"column":27}},"142":{"start":{"line":143,"column":0},"end":{"line":143,"column":31}},"143":{"start":{"line":144,"column":0},"end":{"line":144,"column":6}},"144":{"start":{"line":145,"column":0},"end":{"line":145,"column":40}},"145":{"start":{"line":146,"column":0},"end":{"line":146,"column":3}},"147":{"start":{"line":148,"column":0},"end":{"line":148,"column":41}},"148":{"start":{"line":149,"column":0},"end":{"line":149,"column":25}},"149":{"start":{"line":150,"column":0},"end":{"line":150,"column":3}},"151":{"start":{"line":152,"column":0},"end":{"line":152,"column":24}},"152":{"start":{"line":153,"column":0},"end":{"line":153,"column":44}},"153":{"start":{"line":154,"column":0},"end":{"line":154,"column":21}},"154":{"start":{"line":155,"column":0},"end":{"line":155,"column":23}},"155":{"start":{"line":156,"column":0},"end":{"line":156,"column":40}},"156":{"start":{"line":157,"column":0},"end":{"line":157,"column":6}},"157":{"start":{"line":158,"column":0},"end":{"line":158,"column":40}},"158":{"start":{"line":159,"column":0},"end":{"line":159,"column":3}},"159":{"start":{"line":160,"column":0},"end":{"line":160,"column":1}},"161":{"start":{"line":162,"column":0},"end":{"line":162,"column":122}},"162":{"start":{"line":163,"column":0},"end":{"line":163,"column":48}},"164":{"start":{"line":165,"column":0},"end":{"line":165,"column":38}},"165":{"start":{"line":166,"column":0},"end":{"line":166,"column":21}},"166":{"start":{"line":167,"column":0},"end":{"line":167,"column":27}},"167":{"start":{"line":168,"column":0},"end":{"line":168,"column":6}},"168":{"start":{"line":169,"column":0},"end":{"line":169,"column":40}},"169":{"start":{"line":170,"column":0},"end":{"line":170,"column":3}},"171":{"start":{"line":172,"column":0},"end":{"line":172,"column":48}},"172":{"start":{"line":173,"column":0},"end":{"line":173,"column":25}},"173":{"start":{"line":174,"column":0},"end":{"line":174,"column":3}},"175":{"start":{"line":176,"column":0},"end":{"line":176,"column":71}},"176":{"start":{"line":177,"column":0},"end":{"line":177,"column":21}},"177":{"start":{"line":178,"column":0},"end":{"line":178,"column":23}},"178":{"start":{"line":179,"column":0},"end":{"line":179,"column":16}},"179":{"start":{"line":180,"column":0},"end":{"line":180,"column":6}},"180":{"start":{"line":181,"column":0},"end":{"line":181,"column":40}},"181":{"start":{"line":182,"column":0},"end":{"line":182,"column":3}},"183":{"start":{"line":184,"column":0},"end":{"line":184,"column":68}},"184":{"start":{"line":185,"column":0},"end":{"line":185,"column":21}},"185":{"start":{"line":186,"column":0},"end":{"line":186,"column":23}},"186":{"start":{"line":187,"column":0},"end":{"line":187,"column":20}},"187":{"start":{"line":188,"column":0},"end":{"line":188,"column":17}},"188":{"start":{"line":189,"column":0},"end":{"line":189,"column":17}},"189":{"start":{"line":190,"column":0},"end":{"line":190,"column":7}},"190":{"start":{"line":191,"column":0},"end":{"line":191,"column":6}},"191":{"start":{"line":192,"column":0},"end":{"line":192,"column":40}},"192":{"start":{"line":193,"column":0},"end":{"line":193,"column":3}},"193":{"start":{"line":194,"column":0},"end":{"line":194,"column":1}},"195":{"start":{"line":196,"column":0},"end":{"line":196,"column":55}},"196":{"start":{"line":197,"column":0},"end":{"line":197,"column":61}},"199":{"start":{"line":200,"column":0},"end":{"line":200,"column":1}},"201":{"start":{"line":202,"column":0},"end":{"line":202,"column":98}},"202":{"start":{"line":203,"column":0},"end":{"line":203,"column":48}},"204":{"start":{"line":205,"column":0},"end":{"line":205,"column":96}},"205":{"start":{"line":206,"column":0},"end":{"line":206,"column":44}},"206":{"start":{"line":207,"column":0},"end":{"line":207,"column":12}},"207":{"start":{"line":208,"column":0},"end":{"line":208,"column":32}},"208":{"start":{"line":209,"column":0},"end":{"line":209,"column":75}},"209":{"start":{"line":210,"column":0},"end":{"line":210,"column":35}},"210":{"start":{"line":211,"column":0},"end":{"line":211,"column":6}},"211":{"start":{"line":212,"column":0},"end":{"line":212,"column":3}},"212":{"start":{"line":213,"column":0},"end":{"line":213,"column":1}},"214":{"start":{"line":215,"column":0},"end":{"line":215,"column":98}},"215":{"start":{"line":216,"column":0},"end":{"line":216,"column":48}},"217":{"start":{"line":218,"column":0},"end":{"line":218,"column":96}},"218":{"start":{"line":219,"column":0},"end":{"line":219,"column":44}},"220":{"start":{"line":221,"column":0},"end":{"line":221,"column":27}},"221":{"start":{"line":222,"column":0},"end":{"line":222,"column":60}},"222":{"start":{"line":223,"column":0},"end":{"line":223,"column":5}},"224":{"start":{"line":225,"column":0},"end":{"line":225,"column":73}},"226":{"start":{"line":227,"column":0},"end":{"line":227,"column":19}},"227":{"start":{"line":228,"column":0},"end":{"line":228,"column":72}},"228":{"start":{"line":229,"column":0},"end":{"line":229,"column":5}},"230":{"start":{"line":231,"column":0},"end":{"line":231,"column":53}},"231":{"start":{"line":232,"column":0},"end":{"line":232,"column":21}},"232":{"start":{"line":233,"column":0},"end":{"line":233,"column":16}},"233":{"start":{"line":234,"column":0},"end":{"line":234,"column":43}},"234":{"start":{"line":235,"column":0},"end":{"line":235,"column":25}},"235":{"start":{"line":236,"column":0},"end":{"line":236,"column":8}},"236":{"start":{"line":237,"column":0},"end":{"line":237,"column":35}},"237":{"start":{"line":238,"column":0},"end":{"line":238,"column":7}},"239":{"start":{"line":240,"column":0},"end":{"line":240,"column":23}},"240":{"start":{"line":241,"column":0},"end":{"line":241,"column":85}},"241":{"start":{"line":242,"column":0},"end":{"line":242,"column":5}},"243":{"start":{"line":244,"column":0},"end":{"line":244,"column":69}},"245":{"start":{"line":246,"column":0},"end":{"line":246,"column":46}},"246":{"start":{"line":247,"column":0},"end":{"line":247,"column":84}},"247":{"start":{"line":248,"column":0},"end":{"line":248,"column":5}},"249":{"start":{"line":250,"column":0},"end":{"line":250,"column":12}},"250":{"start":{"line":251,"column":0},"end":{"line":251,"column":32}},"251":{"start":{"line":252,"column":0},"end":{"line":252,"column":31}},"252":{"start":{"line":253,"column":0},"end":{"line":253,"column":35}},"253":{"start":{"line":254,"column":0},"end":{"line":254,"column":6}},"254":{"start":{"line":255,"column":0},"end":{"line":255,"column":3}},"255":{"start":{"line":256,"column":0},"end":{"line":256,"column":1}},"257":{"start":{"line":258,"column":0},"end":{"line":258,"column":132}},"258":{"start":{"line":259,"column":0},"end":{"line":259,"column":51}},"259":{"start":{"line":260,"column":0},"end":{"line":260,"column":29}},"260":{"start":{"line":261,"column":0},"end":{"line":261,"column":17}},"261":{"start":{"line":262,"column":0},"end":{"line":262,"column":4}},"263":{"start":{"line":264,"column":0},"end":{"line":264,"column":38}},"264":{"start":{"line":265,"column":0},"end":{"line":265,"column":44}},"265":{"start":{"line":266,"column":0},"end":{"line":266,"column":21}},"266":{"start":{"line":267,"column":0},"end":{"line":267,"column":58}},"267":{"start":{"line":268,"column":0},"end":{"line":268,"column":19}},"268":{"start":{"line":269,"column":0},"end":{"line":269,"column":6}},"269":{"start":{"line":270,"column":0},"end":{"line":270,"column":40}},"270":{"start":{"line":271,"column":0},"end":{"line":271,"column":3}},"272":{"start":{"line":273,"column":0},"end":{"line":273,"column":53}},"273":{"start":{"line":274,"column":0},"end":{"line":274,"column":25}},"274":{"start":{"line":275,"column":0},"end":{"line":275,"column":3}},"276":{"start":{"line":277,"column":0},"end":{"line":277,"column":74}},"277":{"start":{"line":278,"column":0},"end":{"line":278,"column":21}},"278":{"start":{"line":279,"column":0},"end":{"line":279,"column":23}},"279":{"start":{"line":280,"column":0},"end":{"line":280,"column":22}},"280":{"start":{"line":281,"column":0},"end":{"line":281,"column":6}},"281":{"start":{"line":282,"column":0},"end":{"line":282,"column":40}},"282":{"start":{"line":283,"column":0},"end":{"line":283,"column":3}},"284":{"start":{"line":285,"column":0},"end":{"line":285,"column":103}},"285":{"start":{"line":286,"column":0},"end":{"line":286,"column":40}},"286":{"start":{"line":287,"column":0},"end":{"line":287,"column":21}},"287":{"start":{"line":288,"column":0},"end":{"line":288,"column":23}},"288":{"start":{"line":289,"column":0},"end":{"line":289,"column":40}},"289":{"start":{"line":290,"column":0},"end":{"line":290,"column":22}},"290":{"start":{"line":291,"column":0},"end":{"line":291,"column":6}},"291":{"start":{"line":292,"column":0},"end":{"line":292,"column":40}},"293":{"start":{"line":294,"column":0},"end":{"line":294,"column":9}},"294":{"start":{"line":295,"column":0},"end":{"line":295,"column":50}},"295":{"start":{"line":296,"column":0},"end":{"line":296,"column":23}},"296":{"start":{"line":297,"column":0},"end":{"line":297,"column":57}},"297":{"start":{"line":298,"column":0},"end":{"line":298,"column":40}},"298":{"start":{"line":299,"column":0},"end":{"line":299,"column":22}},"299":{"start":{"line":300,"column":0},"end":{"line":300,"column":8}},"300":{"start":{"line":301,"column":0},"end":{"line":301,"column":42}},"301":{"start":{"line":302,"column":0},"end":{"line":302,"column":22}},"302":{"start":{"line":303,"column":0},"end":{"line":303,"column":21}},"303":{"start":{"line":304,"column":0},"end":{"line":304,"column":23}},"304":{"start":{"line":305,"column":0},"end":{"line":305,"column":25}},"305":{"start":{"line":306,"column":0},"end":{"line":306,"column":23}},"306":{"start":{"line":307,"column":0},"end":{"line":307,"column":41}},"307":{"start":{"line":308,"column":0},"end":{"line":308,"column":8}},"308":{"start":{"line":309,"column":0},"end":{"line":309,"column":42}},"309":{"start":{"line":310,"column":0},"end":{"line":310,"column":18}},"310":{"start":{"line":311,"column":0},"end":{"line":311,"column":5}},"311":{"start":{"line":312,"column":0},"end":{"line":312,"column":3}},"313":{"start":{"line":314,"column":0},"end":{"line":314,"column":62}},"314":{"start":{"line":315,"column":0},"end":{"line":315,"column":117}},"315":{"start":{"line":316,"column":0},"end":{"line":316,"column":57}},"317":{"start":{"line":318,"column":0},"end":{"line":318,"column":31}},"318":{"start":{"line":319,"column":0},"end":{"line":319,"column":68}},"319":{"start":{"line":320,"column":0},"end":{"line":320,"column":5}},"321":{"start":{"line":322,"column":0},"end":{"line":322,"column":106}},"322":{"start":{"line":323,"column":0},"end":{"line":323,"column":3}},"323":{"start":{"line":324,"column":0},"end":{"line":324,"column":1}},"325":{"start":{"line":326,"column":0},"end":{"line":326,"column":121}},"326":{"start":{"line":327,"column":0},"end":{"line":327,"column":44}},"327":{"start":{"line":328,"column":0},"end":{"line":328,"column":17}},"328":{"start":{"line":329,"column":0},"end":{"line":329,"column":18}},"329":{"start":{"line":330,"column":0},"end":{"line":330,"column":4}},"331":{"start":{"line":332,"column":0},"end":{"line":332,"column":23}},"333":{"start":{"line":334,"column":0},"end":{"line":334,"column":21}},"334":{"start":{"line":335,"column":0},"end":{"line":335,"column":125}},"335":{"start":{"line":336,"column":0},"end":{"line":336,"column":52}},"336":{"start":{"line":337,"column":0},"end":{"line":337,"column":66}},"337":{"start":{"line":338,"column":0},"end":{"line":338,"column":66}},"338":{"start":{"line":339,"column":0},"end":{"line":339,"column":67}},"339":{"start":{"line":340,"column":0},"end":{"line":340,"column":5}},"340":{"start":{"line":341,"column":0},"end":{"line":341,"column":19}},"341":{"start":{"line":342,"column":0},"end":{"line":342,"column":3}},"343":{"start":{"line":344,"column":0},"end":{"line":344,"column":38}},"344":{"start":{"line":345,"column":0},"end":{"line":345,"column":44}},"346":{"start":{"line":347,"column":0},"end":{"line":347,"column":32}},"347":{"start":{"line":348,"column":0},"end":{"line":348,"column":23}},"348":{"start":{"line":349,"column":0},"end":{"line":349,"column":75}},"349":{"start":{"line":350,"column":0},"end":{"line":350,"column":22}},"350":{"start":{"line":351,"column":0},"end":{"line":351,"column":8}},"351":{"start":{"line":352,"column":0},"end":{"line":352,"column":5}},"353":{"start":{"line":354,"column":0},"end":{"line":354,"column":40}},"354":{"start":{"line":355,"column":0},"end":{"line":355,"column":3}},"356":{"start":{"line":357,"column":0},"end":{"line":357,"column":46}},"357":{"start":{"line":358,"column":0},"end":{"line":358,"column":25}},"358":{"start":{"line":359,"column":0},"end":{"line":359,"column":3}},"360":{"start":{"line":361,"column":0},"end":{"line":361,"column":79}},"361":{"start":{"line":362,"column":0},"end":{"line":362,"column":60}},"362":{"start":{"line":363,"column":0},"end":{"line":363,"column":21}},"363":{"start":{"line":364,"column":0},"end":{"line":364,"column":57}},"364":{"start":{"line":365,"column":0},"end":{"line":365,"column":23}},"365":{"start":{"line":366,"column":0},"end":{"line":366,"column":6}},"366":{"start":{"line":367,"column":0},"end":{"line":367,"column":45}},"367":{"start":{"line":368,"column":0},"end":{"line":368,"column":62}},"368":{"start":{"line":369,"column":0},"end":{"line":369,"column":40}},"370":{"start":{"line":371,"column":0},"end":{"line":371,"column":9}},"371":{"start":{"line":372,"column":0},"end":{"line":372,"column":69}},"372":{"start":{"line":373,"column":0},"end":{"line":373,"column":63}},"373":{"start":{"line":374,"column":0},"end":{"line":374,"column":16}},"374":{"start":{"line":375,"column":0},"end":{"line":375,"column":57}},"375":{"start":{"line":376,"column":0},"end":{"line":376,"column":9}},"377":{"start":{"line":378,"column":0},"end":{"line":378,"column":101}},"378":{"start":{"line":379,"column":0},"end":{"line":379,"column":23}},"379":{"start":{"line":380,"column":0},"end":{"line":380,"column":64}},"380":{"start":{"line":381,"column":0},"end":{"line":381,"column":23}},"381":{"start":{"line":382,"column":0},"end":{"line":382,"column":8}},"382":{"start":{"line":383,"column":0},"end":{"line":383,"column":34}},"383":{"start":{"line":384,"column":0},"end":{"line":384,"column":62}},"384":{"start":{"line":385,"column":0},"end":{"line":385,"column":42}},"385":{"start":{"line":386,"column":0},"end":{"line":386,"column":30}},"386":{"start":{"line":387,"column":0},"end":{"line":387,"column":21}},"387":{"start":{"line":388,"column":0},"end":{"line":388,"column":47}},"388":{"start":{"line":389,"column":0},"end":{"line":389,"column":23}},"389":{"start":{"line":390,"column":0},"end":{"line":390,"column":25}},"390":{"start":{"line":391,"column":0},"end":{"line":391,"column":24}},"391":{"start":{"line":392,"column":0},"end":{"line":392,"column":17}},"392":{"start":{"line":393,"column":0},"end":{"line":393,"column":8}},"393":{"start":{"line":394,"column":0},"end":{"line":394,"column":73}},"394":{"start":{"line":395,"column":0},"end":{"line":395,"column":42}},"395":{"start":{"line":396,"column":0},"end":{"line":396,"column":18}},"396":{"start":{"line":397,"column":0},"end":{"line":397,"column":5}},"397":{"start":{"line":398,"column":0},"end":{"line":398,"column":3}},"399":{"start":{"line":400,"column":0},"end":{"line":400,"column":118}},"400":{"start":{"line":401,"column":0},"end":{"line":401,"column":44}},"401":{"start":{"line":402,"column":0},"end":{"line":402,"column":23}},"402":{"start":{"line":403,"column":0},"end":{"line":403,"column":12}},"403":{"start":{"line":404,"column":0},"end":{"line":404,"column":37}},"404":{"start":{"line":405,"column":0},"end":{"line":405,"column":11}},"405":{"start":{"line":406,"column":0},"end":{"line":406,"column":14}},"406":{"start":{"line":407,"column":0},"end":{"line":407,"column":48}},"407":{"start":{"line":408,"column":0},"end":{"line":408,"column":6}},"408":{"start":{"line":409,"column":0},"end":{"line":409,"column":3}},"409":{"start":{"line":410,"column":0},"end":{"line":410,"column":1}},"411":{"start":{"line":412,"column":0},"end":{"line":412,"column":92}},"412":{"start":{"line":413,"column":0},"end":{"line":413,"column":43}},"413":{"start":{"line":414,"column":0},"end":{"line":414,"column":17}},"414":{"start":{"line":415,"column":0},"end":{"line":415,"column":17}},"415":{"start":{"line":416,"column":0},"end":{"line":416,"column":13}},"416":{"start":{"line":417,"column":0},"end":{"line":417,"column":18}},"417":{"start":{"line":418,"column":0},"end":{"line":418,"column":4}},"419":{"start":{"line":420,"column":0},"end":{"line":420,"column":45}},"420":{"start":{"line":421,"column":0},"end":{"line":421,"column":25}},"421":{"start":{"line":422,"column":0},"end":{"line":422,"column":3}},"423":{"start":{"line":424,"column":0},"end":{"line":424,"column":59}},"424":{"start":{"line":425,"column":0},"end":{"line":425,"column":28}},"425":{"start":{"line":426,"column":0},"end":{"line":426,"column":40}},"426":{"start":{"line":427,"column":0},"end":{"line":427,"column":3}},"427":{"start":{"line":428,"column":0},"end":{"line":428,"column":1}}},"s":{"0":1,"26":21,"27":21,"28":21,"30":3,"31":3,"32":3,"34":1,"35":5,"36":5,"37":5,"38":5,"40":5,"41":5,"42":5,"43":5,"44":5,"45":5,"46":5,"48":5,"49":3,"50":3,"52":5,"53":1,"54":1,"55":5,"57":1,"58":7,"59":7,"60":7,"61":7,"62":7,"64":7,"65":6,"66":6,"67":6,"68":6,"69":6,"70":6,"71":6,"72":6,"74":7,"75":4,"76":4,"78":7,"79":1,"80":1,"81":1,"82":1,"83":1,"84":1,"86":7,"87":4,"88":4,"89":4,"90":4,"91":4,"92":4,"94":7,"95":1,"96":1,"97":1,"98":1,"99":1,"100":1,"102":7,"103":1,"104":1,"105":1,"106":1,"107":1,"108":1,"110":7,"111":8,"112":8,"113":8,"114":8,"115":8,"117":8,"118":1,"119":1,"120":1,"121":1,"122":1,"123":1,"125":8,"126":8,"127":7,"129":1,"130":7,"131":7,"132":7,"133":7,"134":7,"136":7,"137":7,"138":7,"139":7,"140":7,"141":7,"142":7,"143":7,"144":7,"145":7,"147":7,"148":12,"149":12,"151":7,"152":3,"153":3,"154":3,"155":3,"156":3,"157":3,"158":3,"159":7,"161":1,"162":7,"164":7,"165":7,"166":7,"167":7,"168":7,"169":7,"171":7,"172":14,"173":14,"175":7,"176":1,"177":1,"178":1,"179":1,"180":1,"181":1,"183":7,"184":1,"185":1,"186":1,"187":1,"188":1,"189":1,"190":1,"191":1,"192":1,"193":7,"195":1,"196":1,"199":1,"201":1,"202":6,"204":6,"205":4,"206":4,"207":4,"208":4,"209":4,"210":4,"211":4,"212":6,"214":1,"215":8,"217":8,"218":7,"220":7,"221":2,"222":2,"224":7,"226":7,"227":1,"228":1,"230":4,"231":4,"232":4,"233":4,"234":4,"235":4,"236":4,"237":4,"239":7,"240":1,"241":1,"243":3,"245":7,"246":1,"247":1,"249":2,"250":2,"251":2,"252":2,"253":2,"254":7,"255":8,"257":1,"258":10,"259":10,"260":10,"261":10,"263":10,"264":10,"265":10,"266":10,"267":10,"268":10,"269":10,"270":10,"272":10,"273":4,"274":4,"276":10,"277":1,"278":1,"279":1,"280":1,"281":1,"282":1,"284":10,"285":7,"286":7,"287":7,"288":7,"289":7,"290":7,"291":7,"293":7,"294":7,"295":4,"296":4,"297":4,"298":4,"299":4,"300":4,"301":4,"302":7,"303":2,"304":2,"305":2,"306":2,"307":2,"308":2,"309":2,"310":2,"311":7,"313":10,"314":7,"315":7,"317":7,"318":1,"319":1,"321":7,"322":7,"323":10,"325":1,"326":7,"327":7,"328":7,"329":7,"331":7,"333":7,"334":7,"335":7,"336":7,"337":7,"338":7,"339":7,"340":7,"341":7,"343":7,"344":6,"346":6,"347":2,"348":2,"349":2,"350":2,"351":2,"353":6,"354":6,"356":7,"357":6,"358":6,"360":7,"361":3,"362":3,"363":3,"364":3,"365":3,"366":3,"367":3,"368":3,"370":3,"371":3,"372":3,"373":3,"374":3,"375":3,"377":2,"378":2,"379":2,"380":2,"381":2,"382":2,"383":2,"384":2,"385":2,"386":3,"387":1,"388":1,"389":1,"390":1,"391":1,"392":1,"393":1,"394":1,"395":1,"396":1,"397":3,"399":7,"400":7,"401":7,"402":7,"403":7,"404":7,"405":7,"406":7,"407":7,"408":7,"409":7,"411":1,"412":5,"413":5,"414":5,"415":5,"416":5,"417":5,"419":5,"420":3,"421":3,"423":5,"424":2,"425":2,"426":2,"427":5},"branchMap":{"0":{"type":"branch","line":27,"loc":{"start":{"line":27,"column":0},"end":{"line":29,"column":1}},"locations":[{"start":{"line":27,"column":0},"end":{"line":29,"column":1}}]},"1":{"type":"branch","line":28,"loc":{"start":{"line":28,"column":10},"end":{"line":28,"column":27}},"locations":[{"start":{"line":28,"column":10},"end":{"line":28,"column":27}}]},"2":{"type":"branch","line":31,"loc":{"start":{"line":31,"column":0},"end":{"line":33,"column":1}},"locations":[{"start":{"line":31,"column":0},"end":{"line":33,"column":1}}]},"3":{"type":"branch","line":32,"loc":{"start":{"line":32,"column":26},"end":{"line":32,"column":50}},"locations":[{"start":{"line":32,"column":26},"end":{"line":32,"column":50}}]},"4":{"type":"branch","line":32,"loc":{"start":{"line":32,"column":40},"end":{"line":32,"column":64}},"locations":[{"start":{"line":32,"column":40},"end":{"line":32,"column":64}}]},"5":{"type":"branch","line":35,"loc":{"start":{"line":35,"column":89},"end":{"line":56,"column":1}},"locations":[{"start":{"line":35,"column":89},"end":{"line":56,"column":1}}]},"6":{"type":"branch","line":41,"loc":{"start":{"line":41,"column":18},"end":{"line":47,"column":3}},"locations":[{"start":{"line":41,"column":18},"end":{"line":47,"column":3}}]},"7":{"type":"branch","line":49,"loc":{"start":{"line":49,"column":9},"end":{"line":51,"column":3}},"locations":[{"start":{"line":49,"column":9},"end":{"line":51,"column":3}}]},"8":{"type":"branch","line":53,"loc":{"start":{"line":53,"column":9},"end":{"line":55,"column":3}},"locations":[{"start":{"line":53,"column":9},"end":{"line":55,"column":3}}]},"9":{"type":"branch","line":58,"loc":{"start":{"line":58,"column":122},"end":{"line":128,"column":1}},"locations":[{"start":{"line":58,"column":122},"end":{"line":128,"column":1}}]},"10":{"type":"branch","line":65,"loc":{"start":{"line":65,"column":18},"end":{"line":73,"column":3}},"locations":[{"start":{"line":65,"column":18},"end":{"line":73,"column":3}}]},"11":{"type":"branch","line":66,"loc":{"start":{"line":66,"column":24},"end":{"line":66,"column":44}},"locations":[{"start":{"line":66,"column":24},"end":{"line":66,"column":44}}]},"12":{"type":"branch","line":75,"loc":{"start":{"line":75,"column":9},"end":{"line":77,"column":3}},"locations":[{"start":{"line":75,"column":9},"end":{"line":77,"column":3}}]},"13":{"type":"branch","line":79,"loc":{"start":{"line":79,"column":9},"end":{"line":85,"column":3}},"locations":[{"start":{"line":79,"column":9},"end":{"line":85,"column":3}}]},"14":{"type":"branch","line":87,"loc":{"start":{"line":87,"column":9},"end":{"line":93,"column":3}},"locations":[{"start":{"line":87,"column":9},"end":{"line":93,"column":3}}]},"15":{"type":"branch","line":95,"loc":{"start":{"line":95,"column":9},"end":{"line":101,"column":3}},"locations":[{"start":{"line":95,"column":9},"end":{"line":101,"column":3}}]},"16":{"type":"branch","line":103,"loc":{"start":{"line":103,"column":9},"end":{"line":109,"column":3}},"locations":[{"start":{"line":103,"column":9},"end":{"line":109,"column":3}}]},"17":{"type":"branch","line":111,"loc":{"start":{"line":111,"column":9},"end":{"line":127,"column":3}},"locations":[{"start":{"line":111,"column":9},"end":{"line":127,"column":3}}]},"18":{"type":"branch","line":115,"loc":{"start":{"line":115,"column":10},"end":{"line":115,"column":38}},"locations":[{"start":{"line":115,"column":10},"end":{"line":115,"column":38}}]},"19":{"type":"branch","line":115,"loc":{"start":{"line":115,"column":34},"end":{"line":115,"column":41}},"locations":[{"start":{"line":115,"column":34},"end":{"line":115,"column":41}}]},"20":{"type":"branch","line":118,"loc":{"start":{"line":118,"column":9},"end":{"line":118,"column":52}},"locations":[{"start":{"line":118,"column":9},"end":{"line":118,"column":52}}]},"21":{"type":"branch","line":118,"loc":{"start":{"line":118,"column":52},"end":{"line":124,"column":5}},"locations":[{"start":{"line":118,"column":52},"end":{"line":124,"column":5}}]},"22":{"type":"branch","line":130,"loc":{"start":{"line":130,"column":105},"end":{"line":160,"column":1}},"locations":[{"start":{"line":130,"column":105},"end":{"line":160,"column":1}}]},"23":{"type":"branch","line":137,"loc":{"start":{"line":137,"column":18},"end":{"line":146,"column":3}},"locations":[{"start":{"line":137,"column":18},"end":{"line":146,"column":3}}]},"24":{"type":"branch","line":138,"loc":{"start":{"line":138,"column":24},"end":{"line":138,"column":44}},"locations":[{"start":{"line":138,"column":24},"end":{"line":138,"column":44}}]},"25":{"type":"branch","line":141,"loc":{"start":{"line":141,"column":24},"end":{"line":141,"column":72}},"locations":[{"start":{"line":141,"column":24},"end":{"line":141,"column":72}}]},"26":{"type":"branch","line":148,"loc":{"start":{"line":148,"column":9},"end":{"line":150,"column":3}},"locations":[{"start":{"line":148,"column":9},"end":{"line":150,"column":3}}]},"27":{"type":"branch","line":152,"loc":{"start":{"line":152,"column":9},"end":{"line":159,"column":3}},"locations":[{"start":{"line":152,"column":9},"end":{"line":159,"column":3}}]},"28":{"type":"branch","line":153,"loc":{"start":{"line":153,"column":24},"end":{"line":153,"column":44}},"locations":[{"start":{"line":153,"column":24},"end":{"line":153,"column":44}}]},"29":{"type":"branch","line":162,"loc":{"start":{"line":162,"column":121},"end":{"line":194,"column":1}},"locations":[{"start":{"line":162,"column":121},"end":{"line":194,"column":1}}]},"30":{"type":"branch","line":165,"loc":{"start":{"line":165,"column":18},"end":{"line":170,"column":3}},"locations":[{"start":{"line":165,"column":18},"end":{"line":170,"column":3}}]},"31":{"type":"branch","line":172,"loc":{"start":{"line":172,"column":9},"end":{"line":174,"column":3}},"locations":[{"start":{"line":172,"column":9},"end":{"line":174,"column":3}}]},"32":{"type":"branch","line":176,"loc":{"start":{"line":176,"column":9},"end":{"line":182,"column":3}},"locations":[{"start":{"line":176,"column":9},"end":{"line":182,"column":3}}]},"33":{"type":"branch","line":184,"loc":{"start":{"line":184,"column":9},"end":{"line":193,"column":3}},"locations":[{"start":{"line":184,"column":9},"end":{"line":193,"column":3}}]},"34":{"type":"branch","line":202,"loc":{"start":{"line":202,"column":97},"end":{"line":213,"column":1}},"locations":[{"start":{"line":202,"column":97},"end":{"line":213,"column":1}}]},"35":{"type":"branch","line":205,"loc":{"start":{"line":205,"column":2},"end":{"line":212,"column":3}},"locations":[{"start":{"line":205,"column":2},"end":{"line":212,"column":3}}]},"36":{"type":"branch","line":206,"loc":{"start":{"line":206,"column":24},"end":{"line":206,"column":44}},"locations":[{"start":{"line":206,"column":24},"end":{"line":206,"column":44}}]},"37":{"type":"branch","line":209,"loc":{"start":{"line":209,"column":25},"end":{"line":209,"column":52}},"locations":[{"start":{"line":209,"column":25},"end":{"line":209,"column":52}}]},"38":{"type":"branch","line":215,"loc":{"start":{"line":215,"column":97},"end":{"line":256,"column":1}},"locations":[{"start":{"line":215,"column":97},"end":{"line":256,"column":1}}]},"39":{"type":"branch","line":218,"loc":{"start":{"line":218,"column":2},"end":{"line":255,"column":3}},"locations":[{"start":{"line":218,"column":2},"end":{"line":255,"column":3}}]},"40":{"type":"branch","line":219,"loc":{"start":{"line":219,"column":24},"end":{"line":219,"column":44}},"locations":[{"start":{"line":219,"column":24},"end":{"line":219,"column":44}}]},"41":{"type":"branch","line":221,"loc":{"start":{"line":221,"column":26},"end":{"line":223,"column":5}},"locations":[{"start":{"line":221,"column":26},"end":{"line":223,"column":5}}]},"42":{"type":"branch","line":223,"loc":{"start":{"line":223,"column":4},"end":{"line":225,"column":38}},"locations":[{"start":{"line":223,"column":4},"end":{"line":225,"column":38}}]},"43":{"type":"branch","line":225,"loc":{"start":{"line":225,"column":27},"end":{"line":225,"column":73}},"locations":[{"start":{"line":225,"column":27},"end":{"line":225,"column":73}}]},"44":{"type":"branch","line":225,"loc":{"start":{"line":225,"column":49},"end":{"line":225,"column":61}},"locations":[{"start":{"line":225,"column":49},"end":{"line":225,"column":61}}]},"45":{"type":"branch","line":227,"loc":{"start":{"line":227,"column":18},"end":{"line":229,"column":5}},"locations":[{"start":{"line":227,"column":18},"end":{"line":229,"column":5}}]},"46":{"type":"branch","line":229,"loc":{"start":{"line":229,"column":4},"end":{"line":240,"column":22}},"locations":[{"start":{"line":229,"column":4},"end":{"line":240,"column":22}}]},"47":{"type":"branch","line":240,"loc":{"start":{"line":240,"column":22},"end":{"line":242,"column":5}},"locations":[{"start":{"line":240,"column":22},"end":{"line":242,"column":5}}]},"48":{"type":"branch","line":242,"loc":{"start":{"line":242,"column":4},"end":{"line":246,"column":45}},"locations":[{"start":{"line":242,"column":4},"end":{"line":246,"column":45}}]},"49":{"type":"branch","line":246,"loc":{"start":{"line":246,"column":45},"end":{"line":248,"column":5}},"locations":[{"start":{"line":246,"column":45},"end":{"line":248,"column":5}}]},"50":{"type":"branch","line":248,"loc":{"start":{"line":248,"column":4},"end":{"line":254,"column":6}},"locations":[{"start":{"line":248,"column":4},"end":{"line":254,"column":6}}]},"51":{"type":"branch","line":258,"loc":{"start":{"line":258,"column":131},"end":{"line":324,"column":1}},"locations":[{"start":{"line":258,"column":131},"end":{"line":324,"column":1}}]},"52":{"type":"branch","line":264,"loc":{"start":{"line":264,"column":18},"end":{"line":271,"column":3}},"locations":[{"start":{"line":264,"column":18},"end":{"line":271,"column":3}}]},"53":{"type":"branch","line":265,"loc":{"start":{"line":265,"column":24},"end":{"line":265,"column":44}},"locations":[{"start":{"line":265,"column":24},"end":{"line":265,"column":44}}]},"54":{"type":"branch","line":267,"loc":{"start":{"line":267,"column":31},"end":{"line":267,"column":58}},"locations":[{"start":{"line":267,"column":31},"end":{"line":267,"column":58}}]},"55":{"type":"branch","line":273,"loc":{"start":{"line":273,"column":9},"end":{"line":275,"column":3}},"locations":[{"start":{"line":273,"column":9},"end":{"line":275,"column":3}}]},"56":{"type":"branch","line":277,"loc":{"start":{"line":277,"column":9},"end":{"line":283,"column":3}},"locations":[{"start":{"line":277,"column":9},"end":{"line":283,"column":3}}]},"57":{"type":"branch","line":285,"loc":{"start":{"line":285,"column":2},"end":{"line":312,"column":3}},"locations":[{"start":{"line":285,"column":2},"end":{"line":312,"column":3}}]},"58":{"type":"branch","line":295,"loc":{"start":{"line":295,"column":48},"end":{"line":303,"column":13}},"locations":[{"start":{"line":295,"column":48},"end":{"line":303,"column":13}}]},"59":{"type":"branch","line":303,"loc":{"start":{"line":303,"column":4},"end":{"line":311,"column":5}},"locations":[{"start":{"line":303,"column":4},"end":{"line":311,"column":5}}]},"60":{"type":"branch","line":314,"loc":{"start":{"line":314,"column":10},"end":{"line":323,"column":3}},"locations":[{"start":{"line":314,"column":10},"end":{"line":323,"column":3}}]},"61":{"type":"branch","line":318,"loc":{"start":{"line":318,"column":30},"end":{"line":320,"column":5}},"locations":[{"start":{"line":318,"column":30},"end":{"line":320,"column":5}}]},"62":{"type":"branch","line":320,"loc":{"start":{"line":320,"column":4},"end":{"line":322,"column":94}},"locations":[{"start":{"line":320,"column":4},"end":{"line":322,"column":94}}]},"63":{"type":"branch","line":322,"loc":{"start":{"line":322,"column":89},"end":{"line":322,"column":106}},"locations":[{"start":{"line":322,"column":89},"end":{"line":322,"column":106}}]},"64":{"type":"branch","line":315,"loc":{"start":{"line":315,"column":47},"end":{"line":316,"column":55}},"locations":[{"start":{"line":315,"column":47},"end":{"line":316,"column":55}}]},"65":{"type":"branch","line":322,"loc":{"start":{"line":322,"column":24},"end":{"line":322,"column":89}},"locations":[{"start":{"line":322,"column":24},"end":{"line":322,"column":89}}]},"66":{"type":"branch","line":326,"loc":{"start":{"line":326,"column":120},"end":{"line":410,"column":1}},"locations":[{"start":{"line":326,"column":120},"end":{"line":410,"column":1}}]},"67":{"type":"branch","line":334,"loc":{"start":{"line":334,"column":9},"end":{"line":342,"column":3}},"locations":[{"start":{"line":334,"column":9},"end":{"line":342,"column":3}}]},"68":{"type":"branch","line":344,"loc":{"start":{"line":344,"column":18},"end":{"line":355,"column":3}},"locations":[{"start":{"line":344,"column":18},"end":{"line":355,"column":3}}]},"69":{"type":"branch","line":345,"loc":{"start":{"line":345,"column":24},"end":{"line":345,"column":44}},"locations":[{"start":{"line":345,"column":24},"end":{"line":345,"column":44}}]},"70":{"type":"branch","line":347,"loc":{"start":{"line":347,"column":31},"end":{"line":352,"column":5}},"locations":[{"start":{"line":347,"column":31},"end":{"line":352,"column":5}}]},"71":{"type":"branch","line":357,"loc":{"start":{"line":357,"column":9},"end":{"line":359,"column":3}},"locations":[{"start":{"line":357,"column":9},"end":{"line":359,"column":3}}]},"72":{"type":"branch","line":361,"loc":{"start":{"line":361,"column":2},"end":{"line":398,"column":3}},"locations":[{"start":{"line":361,"column":2},"end":{"line":398,"column":3}}]},"73":{"type":"branch","line":376,"loc":{"start":{"line":376,"column":7},"end":{"line":387,"column":13}},"locations":[{"start":{"line":376,"column":7},"end":{"line":387,"column":13}}]},"74":{"type":"branch","line":387,"loc":{"start":{"line":387,"column":4},"end":{"line":397,"column":5}},"locations":[{"start":{"line":387,"column":4},"end":{"line":397,"column":5}}]},"75":{"type":"branch","line":400,"loc":{"start":{"line":400,"column":10},"end":{"line":409,"column":3}},"locations":[{"start":{"line":400,"column":10},"end":{"line":409,"column":3}}]},"76":{"type":"branch","line":401,"loc":{"start":{"line":401,"column":24},"end":{"line":401,"column":44}},"locations":[{"start":{"line":401,"column":24},"end":{"line":401,"column":44}}]},"77":{"type":"branch","line":407,"loc":{"start":{"line":407,"column":17},"end":{"line":407,"column":48}},"locations":[{"start":{"line":407,"column":17},"end":{"line":407,"column":48}}]},"78":{"type":"branch","line":412,"loc":{"start":{"line":412,"column":91},"end":{"line":428,"column":1}},"locations":[{"start":{"line":412,"column":91},"end":{"line":428,"column":1}}]},"79":{"type":"branch","line":420,"loc":{"start":{"line":420,"column":9},"end":{"line":422,"column":3}},"locations":[{"start":{"line":420,"column":9},"end":{"line":422,"column":3}}]},"80":{"type":"branch","line":424,"loc":{"start":{"line":424,"column":18},"end":{"line":427,"column":3}},"locations":[{"start":{"line":424,"column":18},"end":{"line":427,"column":3}}]}},"b":{"0":[21],"1":[9],"2":[3],"3":[2],"4":[1],"5":[5],"6":[5],"7":[3],"8":[1],"9":[7],"10":[6],"11":[5],"12":[4],"13":[1],"14":[4],"15":[1],"16":[1],"17":[8],"18":[2],"19":[6],"20":[6],"21":[1],"22":[7],"23":[7],"24":[3],"25":[6],"26":[12],"27":[3],"28":[2],"29":[7],"30":[7],"31":[14],"32":[1],"33":[1],"34":[6],"35":[4],"36":[2],"37":[2],"38":[8],"39":[7],"40":[1],"41":[2],"42":[5],"43":[2],"44":[1],"45":[1],"46":[4],"47":[1],"48":[3],"49":[1],"50":[2],"51":[10],"52":[10],"53":[2],"54":[8],"55":[4],"56":[1],"57":[7],"58":[4],"59":[2],"60":[7],"61":[1],"62":[6],"63":[1],"64":[9],"65":[7],"66":[7],"67":[7],"68":[6],"69":[4],"70":[2],"71":[6],"72":[3],"73":[2],"74":[1],"75":[7],"76":[2],"77":[5],"78":[5],"79":[3],"80":[2]},"fnMap":{"0":{"name":"getNow","decl":{"start":{"line":27,"column":0},"end":{"line":29,"column":1}},"loc":{"start":{"line":27,"column":0},"end":{"line":29,"column":1}},"line":27},"1":{"name":"getErrorMessage","decl":{"start":{"line":31,"column":0},"end":{"line":33,"column":1}},"loc":{"start":{"line":31,"column":0},"end":{"line":33,"column":1}},"line":31},"2":{"name":"<instance_members_initializer>","decl":{"start":{"line":35,"column":89},"end":{"line":56,"column":1}},"loc":{"start":{"line":35,"column":89},"end":{"line":56,"column":1}},"line":35},"3":{"name":"initialize","decl":{"start":{"line":41,"column":18},"end":{"line":47,"column":3}},"loc":{"start":{"line":41,"column":18},"end":{"line":47,"column":3}},"line":41},"4":{"name":"getSnapshot","decl":{"start":{"line":49,"column":9},"end":{"line":51,"column":3}},"loc":{"start":{"line":49,"column":9},"end":{"line":51,"column":3}},"line":49},"5":{"name":"hasCapability","decl":{"start":{"line":53,"column":9},"end":{"line":55,"column":3}},"loc":{"start":{"line":53,"column":9},"end":{"line":55,"column":3}},"line":53},"6":{"name":"<instance_members_initializer>","decl":{"start":{"line":58,"column":122},"end":{"line":128,"column":1}},"loc":{"start":{"line":58,"column":122},"end":{"line":128,"column":1}},"line":58},"7":{"name":"initialize","decl":{"start":{"line":65,"column":18},"end":{"line":73,"column":3}},"loc":{"start":{"line":65,"column":18},"end":{"line":73,"column":3}},"line":65},"8":{"name":"getSnapshot","decl":{"start":{"line":75,"column":9},"end":{"line":77,"column":3}},"loc":{"start":{"line":75,"column":9},"end":{"line":77,"column":3}},"line":75},"9":{"name":"setMode","decl":{"start":{"line":79,"column":9},"end":{"line":85,"column":3}},"loc":{"start":{"line":79,"column":9},"end":{"line":85,"column":3}},"line":79},"10":{"name":"openWidget","decl":{"start":{"line":87,"column":9},"end":{"line":93,"column":3}},"loc":{"start":{"line":87,"column":9},"end":{"line":93,"column":3}},"line":87},"11":{"name":"minimizeWidget","decl":{"start":{"line":95,"column":9},"end":{"line":101,"column":3}},"loc":{"start":{"line":95,"column":9},"end":{"line":101,"column":3}},"line":95},"12":{"name":"closeWidget","decl":{"start":{"line":103,"column":9},"end":{"line":109,"column":3}},"loc":{"start":{"line":103,"column":9},"end":{"line":109,"column":3}},"line":103},"13":{"name":"setConnectionState","decl":{"start":{"line":111,"column":9},"end":{"line":127,"column":3}},"loc":{"start":{"line":111,"column":9},"end":{"line":127,"column":3}},"line":111},"14":{"name":"<instance_members_initializer>","decl":{"start":{"line":130,"column":105},"end":{"line":160,"column":1}},"loc":{"start":{"line":130,"column":105},"end":{"line":160,"column":1}},"line":130},"15":{"name":"initialize","decl":{"start":{"line":137,"column":18},"end":{"line":146,"column":3}},"loc":{"start":{"line":137,"column":18},"end":{"line":146,"column":3}},"line":137},"16":{"name":"getSnapshot","decl":{"start":{"line":148,"column":9},"end":{"line":150,"column":3}},"loc":{"start":{"line":148,"column":9},"end":{"line":150,"column":3}},"line":148},"17":{"name":"touch","decl":{"start":{"line":152,"column":9},"end":{"line":159,"column":3}},"loc":{"start":{"line":152,"column":9},"end":{"line":159,"column":3}},"line":152},"18":{"name":"<instance_members_initializer>","decl":{"start":{"line":162,"column":121},"end":{"line":194,"column":1}},"loc":{"start":{"line":162,"column":121},"end":{"line":194,"column":1}},"line":162},"19":{"name":"initialize","decl":{"start":{"line":165,"column":18},"end":{"line":170,"column":3}},"loc":{"start":{"line":165,"column":18},"end":{"line":170,"column":3}},"line":165},"20":{"name":"getSnapshot","decl":{"start":{"line":172,"column":9},"end":{"line":174,"column":3}},"loc":{"start":{"line":172,"column":9},"end":{"line":174,"column":3}},"line":172},"21":{"name":"mergeContext","decl":{"start":{"line":176,"column":9},"end":{"line":182,"column":3}},"loc":{"start":{"line":176,"column":9},"end":{"line":182,"column":3}},"line":176},"22":{"name":"setGeolocation","decl":{"start":{"line":184,"column":9},"end":{"line":193,"column":3}},"loc":{"start":{"line":184,"column":9},"end":{"line":193,"column":3}},"line":184},"23":{"name":"<instance_members_initializer>","decl":{"start":{"line":202,"column":97},"end":{"line":213,"column":1}},"loc":{"start":{"line":202,"column":97},"end":{"line":213,"column":1}},"line":202},"24":{"name":"send","decl":{"start":{"line":205,"column":2},"end":{"line":212,"column":3}},"loc":{"start":{"line":205,"column":2},"end":{"line":212,"column":3}},"line":205},"25":{"name":"<instance_members_initializer>","decl":{"start":{"line":215,"column":97},"end":{"line":256,"column":1}},"loc":{"start":{"line":215,"column":97},"end":{"line":256,"column":1}},"line":215},"26":{"name":"send","decl":{"start":{"line":218,"column":2},"end":{"line":255,"column":3}},"loc":{"start":{"line":218,"column":2},"end":{"line":255,"column":3}},"line":218},"27":{"name":"<instance_members_initializer>","decl":{"start":{"line":258,"column":131},"end":{"line":324,"column":1}},"loc":{"start":{"line":258,"column":131},"end":{"line":324,"column":1}},"line":258},"28":{"name":"initialize","decl":{"start":{"line":264,"column":18},"end":{"line":271,"column":3}},"loc":{"start":{"line":264,"column":18},"end":{"line":271,"column":3}},"line":264},"29":{"name":"getSnapshot","decl":{"start":{"line":273,"column":9},"end":{"line":275,"column":3}},"loc":{"start":{"line":273,"co
[...]
464,"column":31}},"locations":[{"start":{"line":464,"column":21},"end":{"line":464,"column":31}}]},"144":{"type":"branch","line":464,"loc":{"start":{"line":464,"column":33},"end":{"line":466,"column":5}},"locations":[{"start":{"line":464,"column":33},"end":{"line":466,"column":5}}]},"145":{"type":"branch","line":466,"loc":{"start":{"line":466,"column":4},"end":{"line":468,"column":64}},"locations":[{"start":{"line":466,"column":4},"end":{"line":468,"column":64}}]},"146":{"type":"branch","line":468,"loc":{"start":{"line":468,"column":60},"end":{"line":468,"column":66}},"locations":[{"start":{"line":468,"column":60},"end":{"line":468,"column":66}}]},"147":{"type":"branch","line":471,"loc":{"start":{"line":471,"column":32},"end":{"line":473,"column":11}},"locations":[{"start":{"line":471,"column":32},"end":{"line":473,"column":11}}]},"148":{"type":"branch","line":473,"loc":{"start":{"line":473,"column":4},"end":{"line":475,"column":5}},"locations":[{"start":{"line":473,"column":4},"end":{"line":475,"column":5}}]},"149":{"type":"branch","line":475,"loc":{"start":{"line":475,"column":4},"end":{"line":478,"column":3}},"locations":[{"start":{"line":475,"column":4},"end":{"line":478,"column":3}}]},"150":{"type":"branch","line":469,"loc":{"start":{"line":469,"column":37},"end":{"line":469,"column":64}},"locations":[{"start":{"line":469,"column":37},"end":{"line":469,"column":64}}]},"151":{"type":"branch","line":480,"loc":{"start":{"line":480,"column":10},"end":{"line":489,"column":3}},"locations":[{"start":{"line":480,"column":10},"end":{"line":489,"column":3}}]},"152":{"type":"branch","line":481,"loc":{"start":{"line":481,"column":67},"end":{"line":481,"column":73}},"locations":[{"start":{"line":481,"column":67},"end":{"line":481,"column":73}}]},"153":{"type":"branch","line":486,"loc":{"start":{"line":486,"column":48},"end":{"line":488,"column":5}},"locations":[{"start":{"line":486,"column":48},"end":{"line":488,"column":5}}]},"154":{"type":"branch","line":483,"loc":{"start":{"line":483,"column":24},"end":{"line":483,"column":71}},"locations":[{"start":{"line":483,"column":24},"end":{"line":483,"column":71}}]},"155":{"type":"branch","line":491,"loc":{"start":{"line":491,"column":10},"end":{"line":498,"column":3}},"locations":[{"start":{"line":491,"column":10},"end":{"line":498,"column":3}}]},"156":{"type":"branch","line":492,"loc":{"start":{"line":492,"column":53},"end":{"line":492,"column":59}},"locations":[{"start":{"line":492,"column":53},"end":{"line":492,"column":59}}]},"157":{"type":"branch","line":494,"loc":{"start":{"line":494,"column":6},"end":{"line":494,"column":54}},"locations":[{"start":{"line":494,"column":6},"end":{"line":494,"column":54}}]},"158":{"type":"branch","line":495,"loc":{"start":{"line":495,"column":6},"end":{"line":495,"column":18}},"locations":[{"start":{"line":495,"column":6},"end":{"line":495,"column":18}}]},"159":{"type":"branch","line":494,"loc":{"start":{"line":494,"column":21},"end":{"line":494,"column":53}},"locations":[{"start":{"line":494,"column":21},"end":{"line":494,"column":53}}]},"160":{"type":"branch","line":500,"loc":{"start":{"line":500,"column":10},"end":{"line":504,"column":3}},"locations":[{"start":{"line":500,"column":10},"end":{"line":504,"column":3}}]},"161":{"type":"branch","line":501,"loc":{"start":{"line":501,"column":47},"end":{"line":503,"column":5}},"locations":[{"start":{"line":501,"column":47},"end":{"line":503,"column":5}}]},"162":{"type":"branch","line":506,"loc":{"start":{"line":506,"column":10},"end":{"line":510,"column":3}},"locations":[{"start":{"line":506,"column":10},"end":{"line":510,"column":3}}]},"163":{"type":"branch","line":509,"loc":{"start":{"line":509,"column":12},"end":{"line":509,"column":59}},"locations":[{"start":{"line":509,"column":12},"end":{"line":509,"column":59}}]},"164":{"type":"branch","line":512,"loc":{"start":{"line":512,"column":10},"end":{"line":526,"column":3}},"locations":[{"start":{"line":512,"column":10},"end":{"line":526,"column":3}}]},"165":{"type":"branch","line":515,"loc":{"start":{"line":515,"column":17},"end":{"line":517,"column":5}},"locations":[{"start":{"line":515,"column":17},"end":{"line":517,"column":5}}]},"166":{"type":"branch","line":517,"loc":{"start":{"line":517,"column":4},"end":{"line":526,"column":3}},"locations":[{"start":{"line":517,"column":4},"end":{"line":526,"column":3}}]},"167":{"type":"branch","line":519,"loc":{"start":{"line":519,"column":42},"end":{"line":519,"column":97}},"locations":[{"start":{"line":519,"column":42},"end":{"line":519,"column":97}}]},"168":{"type":"branch","line":528,"loc":{"start":{"line":528,"column":10},"end":{"line":537,"column":3}},"locations":[{"start":{"line":528,"column":10},"end":{"line":537,"column":3}}]},"169":{"type":"branch","line":529,"loc":{"start":{"line":529,"column":44},"end":{"line":529,"column":50}},"locations":[{"start":{"line":529,"column":44},"end":{"line":529,"column":50}}]},"170":{"type":"branch","line":532,"loc":{"start":{"line":532,"column":32},"end":{"line":534,"column":11}},"locations":[{"start":{"line":532,"column":32},"end":{"line":534,"column":11}}]},"171":{"type":"branch","line":534,"loc":{"start":{"line":534,"column":4},"end":{"line":536,"column":5}},"locations":[{"start":{"line":534,"column":4},"end":{"line":536,"column":5}}]},"172":{"type":"branch","line":530,"loc":{"start":{"line":530,"column":36},"end":{"line":530,"column":63}},"locations":[{"start":{"line":530,"column":36},"end":{"line":530,"column":63}}]},"173":{"type":"branch","line":539,"loc":{"start":{"line":539,"column":10},"end":{"line":544,"column":3}},"locations":[{"start":{"line":539,"column":10},"end":{"line":544,"column":3}}]},"174":{"type":"branch","line":540,"loc":{"start":{"line":540,"column":63},"end":{"line":543,"column":5}},"locations":[{"start":{"line":540,"column":63},"end":{"line":543,"column":5}}]},"175":{"type":"branch","line":546,"loc":{"start":{"line":546,"column":10},"end":{"line":552,"column":3}},"locations":[{"start":{"line":546,"column":10},"end":{"line":552,"column":3}}]},"176":{"type":"branch","line":549,"loc":{"start":{"line":549,"column":47},"end":{"line":551,"column":5}},"locations":[{"start":{"line":549,"column":47},"end":{"line":551,"column":5}}]},"177":{"type":"branch","line":554,"loc":{"start":{"line":554,"column":10},"end":{"line":575,"column":3}},"locations":[{"start":{"line":554,"column":10},"end":{"line":575,"column":3}}]},"178":{"type":"branch","line":555,"loc":{"start":{"line":555,"column":43},"end":{"line":557,"column":5}},"locations":[{"start":{"line":555,"column":43},"end":{"line":557,"column":5}}]},"179":{"type":"branch","line":557,"loc":{"start":{"line":557,"column":4},"end":{"line":559,"column":32}},"locations":[{"start":{"line":557,"column":4},"end":{"line":559,"column":32}}]},"180":{"type":"branch","line":559,"loc":{"start":{"line":559,"column":32},"end":{"line":562,"column":5}},"locations":[{"start":{"line":559,"column":32},"end":{"line":562,"column":5}}]},"181":{"type":"branch","line":562,"loc":{"start":{"line":562,"column":4},"end":{"line":564,"column":33}},"locations":[{"start":{"line":562,"column":4},"end":{"line":564,"column":33}}]},"182":{"type":"branch","line":564,"loc":{"start":{"line":564,"column":33},"end":{"line":567,"column":5}},"locations":[{"start":{"line":564,"column":33},"end":{"line":567,"column":5}}]},"183":{"type":"branch","line":567,"loc":{"start":{"line":567,"column":4},"end":{"line":572,"column":5}},"locations":[{"start":{"line":567,"column":4},"end":{"line":572,"column":5}}]},"184":{"type":"branch","line":567,"loc":{"start":{"line":567,"column":4},"end":{"line":569,"column":29}},"locations":[{"start":{"line":567,"column":4},"end":{"line":569,"column":29}}]},"185":{"type":"branch","line":569,"loc":{"start":{"line":569,"column":29},"end":{"line":572,"column":5}},"locations":[{"start":{"line":569,"column":29},"end":{"line":572,"column":5}}]},"186":{"type":"branch","line":572,"loc":{"start":{"line":572,"column":4},"end":{"line":575,"column":3}},"locations":[{"start":{"line":572,"column":4},"end":{"line":575,"column":3}}]},"187":{"type":"branch","line":577,"loc":{"start":{"line":577,"column":10},"end":{"line":584,"column":3}},"locations":[{"start":{"line":577,"column":10},"end":{"line":584,"column":3}}]},"188":{"type":"branch","line":582,"loc":{"start":{"line":582,"column":38},"end":{"line":582,"column":61}},"locations":[{"start":{"line":582,"column":38},"end":{"line":582,"column":61}}]},"189":{"type":"branch","line":586,"loc":{"start":{"line":586,"column":10},"end":{"line":590,"column":3}},"locations":[{"start":{"line":586,"column":10},"end":{"line":590,"column":3}}]},"190":{"type":"branch","line":587,"loc":{"start":{"line":587,"column":23},"end":{"line":589,"column":5}},"locations":[{"start":{"line":587,"column":23},"end":{"line":589,"column":5}}]}},"b":{"0":[17],"1":[10],"2":[10],"3":[1],"4":[1],"5":[7],"6":[1],"7":[7],"8":[1],"9":[7],"10":[3],"11":[23],"12":[1],"13":[7],"14":[1],"15":[7],"16":[5],"17":[3],"18":[8],"19":[17],"20":[1],"21":[16],"22":[51],"23":[2],"24":[49],"25":[15],"26":[55],"27":[7],"28":[1],"29":[3],"30":[3],"31":[3],"32":[4],"33":[1],"34":[3],"35":[71],"36":[1],"37":[70],"38":[77],"39":[5],"40":[5],"41":[72],"42":[72],"43":[4],"44":[6],"45":[1],"46":[6],"47":[4],"48":[1],"49":[3],"50":[3],"51":[2],"52":[1],"53":[3],"54":[1],"55":[2],"56":[1],"57":[2],"58":[1],"59":[1],"60":[11],"61":[10],"62":[2],"63":[9],"64":[42],"65":[1],"66":[7],"67":[1],"68":[1],"69":[3],"70":[9],"71":[1],"72":[7],"73":[4],"74":[1],"75":[6],"76":[5],"77":[1],"78":[33],"79":[40],"80":[5],"81":[115],"82":[63],"83":[3],"84":[60],"85":[113],"86":[58],"87":[52],"88":[6],"89":[113],"90":[63],"91":[9],"92":[2],"93":[61],"94":[2],"95":[59],"96":[9],"97":[75],"98":[61],"99":[74],"100":[62],"101":[86],"102":[23],"103":[63],"104":[1],"105":[62],"106":[51],"107":[26],"108":[25],"109":[60],"110":[39],"111":[5],"112":[4],"113":[60],"114":[6],"115":[14],"116":[1],"117":[59],"118":[48],"119":[6],"120":[53],"121":[1],"122":[58],"123":[57],"124":[1],"125":[26],"126":[1],"127":[58],"128":[6],"129":[52],"130":[6],"131":[52],"132":[45],"133":[5],"134":[40],"135":[5],"136":[40],"137":[43],"138":[38],"139":[5],"140":[38],"141":[5],"142":[38],"143":[5],"144":[5],"145":[38],"146":[1],"147":[37],"148":[1],"149":[38],"150":[38],"151":[58],"152":[56],"153":[57],"154":[2],"155":[106],"156":[62],"157":[105],"158":[1],"159":[43],"160":[18],"161":[107],"162":[27],"163":[131],"164":[58],"165":[56],"166":[2],"167":[3],"168":[4],"169":[1],"170":[3],"171":[1],"172":[4],"173":[15],"174":[1],"175":[61],"176":[6],"177":[237],"178":[3],"179":[234],"180":[95],"181":[139],"182":[57],"183":[231],"184":[82],"185":[44],"186":[38],"187":[9],"188":[1],"189":[24],"190":[1]},"fnMap":{"0":{"name":"ServiceManager","decl":{"start":{"line":57,"column":2},"end":{"line":99,"column":3}},"loc":{"start":{"line":57,"column":2},"end":{"line":99,"column":3}},"line":57},"1":{"name":"get isInitialized","decl":{"start":{"line":101,"column":2},"end":{"line":103,"column":3}},"loc":{"start":{"line":101,"column":2},"end":{"line":103,"column":3}},"line":101},"2":{"name":"get isStarted","decl":{"start":{"line":105,"column":2},"end":{"line":107,"column":3}},"loc":{"start":{"line":105,"column":2},"end":{"line":107,"column":3}},"line":105},"3":{"name":"initializeProfile","decl":{"start":{"line":109,"column":9},"end":{"line":131,"column":3}},"loc":{"start":{"line":109,"column":9},"end":{"line":131,"column":3}},"line":109},"4":{"name":"register","decl":{"start":{"line":133,"column":9},"end":{"line":152,"column":3}},"loc":{"start":{"line":133,"column":9},"end":{"line":152,"column":3}},"line":133},"5":{"name":"unregister","decl":{"start":{"line":154,"column":9},"end":{"line":163,"column":3}},"loc":{"start":{"line":154,"column":9},"end":{"line":163,"column":3}},"line":154},"6":{"name":"resolve","decl":{"start":{"line":165,"column":9},"end":{"line":173,"column":3}},"loc":{"start":{"line":165,"column":9},"end":{"line":173,"column":3}},"line":165},"7":{"name":"tryResolve","decl":{"start":{"line":175,"column":9},"end":{"line":182,"column":3}},"loc":{"start":{"line":175,"column":9},"end":{"line":182,"column":3}},"line":175},"8":{"name":"resolveAll","decl":{"start":{"line":184,"column":9},"end":{"line":186,"column":3}},"loc":{"start":{"line":184,"column":9},"end":{"line":186,"column":3}},"line":184},"9":{"name":"resolveAsync","decl":{"start":{"line":188,"column":9},"end":{"line":213,"column":3}},"loc":{"start":{"line":188,"column":9},"end":{"line":213,"column":3}},"line":188},"10":{"name":"waitUntilInitialized","decl":{"start":{"line":215,"column":9},"end":{"line":232,"column":3}},"loc":{"start":{"line":215,"column":9},"end":{"line":232,"column":3}},"line":215},"11":{"name":"start","decl":{"start":{"line":234,"column":9},"end":{"line":243,"column":3}},"loc":{"start":{"line":234,"column":9},"end":{"line":243,"column":3}},"line":234},"12":{"name":"reset","decl":{"start":{"line":245,"column":9},"end":{"line":249,"column":3}},"loc":{"start":{"line":245,"column":9},"end":{"line":249,"column":3}},"line":245},"13":{"name":"emitPauseChange","decl":{"start":{"line":251,"column":9},"end":{"line":253,"column":3}},"loc":{"start":{"line":251,"column":9},"end":{"line":253,"column":3}},"line":251},"14":{"name":"emitFocusChange","decl":{"start":{"line":255,"column":9},"end":{"line":257,"column":3}},"loc":{"start":{"line":255,"column":9},"end":{"line":257,"column":3}},"line":255},"15":{"name":"getDiagnostics","decl":{"start":{"line":259,"column":9},"end":{"line":265,"column":3}},"loc":{"start":{"line":259,"column":9},"end":{"line":265,"column":3}},"line":259},"16":{"name":"getDependencyGraph","decl":{"start":{"line":267,"column":9},"end":{"line":274,"column":3}},"loc":{"start":{"line":267,"column":9},"end":{"line":274,"column":3}},"line":267},"17":{"name":"dispose","decl":{"start":{"line":276,"column":9},"end":{"line":292,"column":3}},"loc":{"start":{"line":276,"column":9},"end":{"line":292,"column":3}},"line":276},"18":{"name":"activateRegistrations","decl":{"start":{"line":294,"column":10},"end":{"line":323,"column":3}},"loc":{"start":{"line":294,"column":10},"end":{"line":323,"column":3}},"line":294},"19":{"name":"shouldActivate","decl":{"start":{"line":325,"column":10},"end":{"line":331,"column":3}},"loc":{"start":{"line":325,"column":10},"end":{"line":331,"column":3}},"line":325},"20":{"name":"sortRegistrations","decl":{"start":{"line":333,"column":10},"end":{"line":366,"column":3}},"loc":{"start":{"line":333,"column":10},"end":{"line":366,"column":3}},"line":333},"21":{"name":"visit","decl":{"start":{"line":338,"column":18},"end":{"line":359,"column":5}},"loc":{"start":{"line":338,"column":18},"end":{"line":359,"column":5}},"line":338},"22":{"name":"createRecord","decl":{"start":{"line":368,"column":10},"end":{"line":412,"column":3}},"loc":{"start":{"line":368,"column":10},"end":{"line":412,"column":3}},"line":368},"23":{"name":"initializeRecord","decl":{"start":{"line":414,"column":10},"end":{"line":430,"column":3}},"loc":{"start":{"line":414,"column":10},"end":{"line":430,"column":3}},"line":414},"24":{"name":"startRecord","decl":{"start":{"line":432,"column":10},"end":{"line":446,"column":3}},"loc":{"start":{"line":432,"column":10},"end":{"line":446,"column":3}},"line":432},"25":{"name":"disposeRecord","decl":{"start":{"line":448,"column":10},"end":{"line":478,"column":3}},"loc":{"start":{"line":448,"column":10},"end":{"line":478,"column":3}},"line":448},"26":{"name":"addRecord","decl":{"start":{"line":480,"column":10},"end":{"line":489,"column":3}},"loc":{"start":{"line":480,"column":10},"end":{"line":489,"column":3}},"line":480},"27":{"name":"findRecord","decl":{"start":{"line":491,"column":10},"end":{"line":498,"column":3}},"loc":{"start":{"line":491,"column":10},"end":{"line":498,"column":3}},"line":491},"28":{"name":"forEachRecord","decl":{"start":{"line":500,"column":10},"end":{"line":504,"column":3}},"loc":{"start":{"line":500,"column":10},"end":{"line":504,"column":3}},"line":500},"29":{"name":"getAllRecords","decl":{"start":{"line":506,"column":10},"end":{"line":510,"column":3}},"loc":{"start":{"line":506,"column":10},"end":{"line":510,"column":3}},"line":506},"30":{"name":"notifyWaiters","decl":{"start":{"line":512,"column":10},"end":{"line":526,"column":3}},"loc":{"start":{"line":512,"column":10},"end":{"line":526,"column":3}},"line":512},"31":{"name":"removeWaiter","decl":{"start":{"line":528,"column":10},"end":{"line":537,"column":3}},"loc":{"start":{"line":528,"column":10},"end":{"line":537,"column":3}},"line":528},"32":{"name":"flushInitializationWaiters","decl":{"start":{"line":539,"column":10},"end":{"line":544,"column":3}},"loc":{"start":{"line":539,"column":10},"end":{"line":544,"column":3}},"line":539},"33":{"name":"walkRecordTree","decl":{"start":{"line":546,"column":10},"end":{"line":552,"column":3}},"loc":{"start":{"line":546,"column":10},"end":{"line":552,"column":3}},"line":546},"34":{"name":"setBaseServiceState","decl":{"start":{"line":554,"column":10},"end":{"line":575,"column":3}},"loc":{"start":{"line":554,"column":10},"end":{"line":575,"column":3}},"line":554},"35":{"name":"toSnapshot","decl":{"start":{"line":577,"column":10},"end":{"line":584,"column":3}},"loc":{"start":{"line":577,"column":10},"end":{"line":584,"column":3}},"line":577},"36":{"name":"throwIfDisposed","decl":{"start":{"line":586,"column":10},"end":{"line":590,"column":3}},"loc":{"start":{"line":586,"column":10},"end":{"line":590,"column":3}},"line":586}},"f":{"0":17,"1":3,"2":8,"3":17,"4":7,"5":4,"6":71,"7":77,"8":6,"9":4,"10":3,"11":11,"12":1,"13":1,"14":1,"15":3,"16":1,"17":6,"18":115,"19":63,"20":75,"21":86,"22":60,"23":58,"24":45,"25":43,"26":58,"27":106,"28":18,"29":27,"30":58,"31":4,"32":15,"33":61,"34":237,"35":9,"36":24}}
,"C:\\LD\\01-RealityToolkit\\Service Framework\\com.realitycollective.service-framework.ts\\packages\\service-framework\\src\\tokens.ts": {"path":"C:\\LD\\01-RealityToolkit\\Service Framework\\com.realitycollective.service-framework.ts\\packages\\service-framework\\src\\tokens.ts","all":false,"statementMap":{"0":{"start":{"line":1,"column":0},"end":{"line":1,"column":37}},"1":{"start":{"line":2,"column":0},"end":{"line":2,"column":29}},"3":{"start":{"line":4,"column":0},"end":{"line":4,"column":59}},"4":{"start":{"line":5,"column":0},"end":{"line":5,"column":34}},"5":{"start":{"line":6,"column":0},"end":{"line":6,"column":3}},"7":{"start":{"line":8,"column":0},"end":{"line":8,"column":29}},"8":{"start":{"line":9,"column":0},"end":{"line":9,"column":28}},"9":{"start":{"line":10,"column":0},"end":{"line":10,"column":3}},"12":{"start":{"line":13,"column":0},"end":{"line":13,"column":91}},"13":{"start":{"line":14,"column":0},"end":{"line":14,"column":49}},"14":{"start":{"line":15,"column":0},"end":{"line":15,"column":1}}},"s":{"0":1,"1":1,"3":1,"4":42,"5":42,"7":1,"8":1,"9":1,"12":1,"13":42,"14":42},"branchMap":{"0":{"type":"branch","line":4,"loc":{"start":{"line":4,"column":2},"end":{"line":6,"column":3}},"locations":[{"start":{"line":4,"column":2},"end":{"line":6,"column":3}}]},"1":{"type":"branch","line":8,"loc":{"start":{"line":8,"column":9},"end":{"line":10,"column":3}},"locations":[{"start":{"line":8,"column":9},"end":{"line":10,"column":3}}]},"2":{"type":"branch","line":13,"loc":{"start":{"line":13,"column":6},"end":{"line":15,"column":1}},"locations":[{"start":{"line":13,"column":6},"end":{"line":15,"column":1}}]}},"b":{"0":[42],"1":[1],"2":[42]},"fnMap":{"0":{"name":"ServiceToken","decl":{"start":{"line":4,"column":2},"end":{"line":6,"column":3}},"loc":{"start":{"line":4,"column":2},"end":{"line":6,"column":3}},"line":4},"1":{"name":"toString","decl":{"start":{"line":8,"column":9},"end":{"line":10,"column":3}},"loc":{"start":{"line":8,"column":9},"end":{"line":10,"column":3}},"line":8},"2":{"name":"createServiceToken","decl":{"start":{"line":13,"column":6},"end":{"line":15,"column":1}},"loc":{"start":{"line":13,"column":6},"end":{"line":15,"column":1}},"line":13}},"f":{"0":42,"1":1,"2":42}}
}
