{"C:\\LD\\00-B\\00-Research\\SandboxglbTest\\src\\com.realitycollective.service-framework.ts\\packages\\service-framework-client\\src\\index.ts": {"path":"C:\\LD\\00-B\\00-Research\\SandboxglbTest\\src\\com.realitycollective.service-framework.ts\\packages\\service-framework-client\\src\\index.ts","statementMap":{},"fnMap":{},"branchMap":{},"s":{},"f":{},"b":{},"meta":{"lastBranch":0,"lastFunction":0,"lastStatement":0,"seen":{}}}
,"C:\\LD\\00-B\\00-Research\\SandboxglbTest\\src\\com.realitycollective.service-framework.ts\\packages\\service-framework-client\\src\\profile.ts": {"path":"C:\\LD\\00-B\\00-Research\\SandboxglbTest\\src\\com.realitycollective.service-framework.ts\\packages\\service-framework-client\\src\\profile.ts","statementMap":{"0":{"start":{"line":35,"column":23},"end":{"line":35,"column":40}},"1":{"start":{"line":37,"column":2},"end":{"line":44,"column":null}},"2":{"start":{"line":38,"column":4},"end":{"line":38,"column":null}},"3":{"start":{"line":39,"column":4},"end":{"line":39,"column":null}},"4":{"start":{"line":40,"column":4},"end":{"line":40,"column":null}},"5":{"start":{"line":41,"column":4},"end":{"line":41,"column":null}},"6":{"start":{"line":42,"column":4},"end":{"line":42,"column":null}},"7":{"start":{"line":43,"column":4},"end":{"line":43,"column":null}},"8":{"start":{"line":44,"column":4},"end":{"line":44,"column":null}},"9":{"start":{"line":47,"column":2},"end":{"line":48,"column":null}},"10":{"start":{"line":48,"column":4},"end":{"line":48,"column":null}},"11":{"start":{"line":51,"column":2},"end":{"line":51,"column":null}},"12":{"start":{"line":55,"column":25},"end":{"line":55,"column":46}},"13":{"start":{"line":56,"column":108},"end":{"line":56,"column":110}},"14":{"start":{"line":58,"column":2},"end":{"line":65,"column":null}},"15":{"start":{"line":59,"column":4},"end":{"line":65,"column":null}},"16":{"start":{"line":64,"column":31},"end":{"line":64,"column":null}},"17":{"start":{"line":68,"column":2},"end":{"line":76,"column":null}},"18":{"start":{"line":69,"column":4},"end":{"line":76,"column":null}},"19":{"start":{"line":75,"column":31},"end":{"line":75,"column":null}},"20":{"start":{"line":79,"column":2},"end":{"line":144,"column":null}},"21":{"start":{"line":84,"column":31},"end":{"line":84,"column":null}},"22":{"start":{"line":91,"column":31},"end":{"line":91,"column":null}},"23":{"start":{"line":98,"column":31},"end":{"line":98,"column":null}},"24":{"start":{"line":105,"column":31},"end":{"line":105,"column":null}},"25":{"start":{"line":115,"column":31},"end":{"line":115,"column":null}},"26":{"start":{"line":129,"column":8},"end":{"line":134,"column":null}},"27":{"start":{"line":142,"column":31},"end":{"line":142,"column":null}}},"fnMap":{"0":{"name":"createBaseFrameworkClientEnvironment","decl":{"start":{"line":34,"column":16},"end":{"line":34,"column":53}},"loc":{"start":{"line":34,"column":106},"end":{"line":51,"column":null}},"line":34},"1":{"name":"createBaseFrameworkClientProfile","decl":{"start":{"line":54,"column":16},"end":{"line":54,"column":49}},"loc":{"start":{"line":54,"column":114},"end":{"line":144,"column":null}},"line":54},"2":{"name":"(anonymous_2)","decl":{"start":{"line":64,"column":6},"end":{"line":64,"column":19}},"loc":{"start":{"line":64,"column":31},"end":{"line":64,"column":null}},"line":64},"3":{"name":"(anonymous_3)","decl":{"start":{"line":75,"column":6},"end":{"line":75,"column":19}},"loc":{"start":{"line":75,"column":31},"end":{"line":75,"column":null}},"line":75},"4":{"name":"(anonymous_4)","decl":{"start":{"line":84,"column":6},"end":{"line":84,"column":19}},"loc":{"start":{"line":84,"column":31},"end":{"line":84,"column":null}},"line":84},"5":{"name":"(anonymous_5)","decl":{"start":{"line":91,"column":6},"end":{"line":91,"column":19}},"loc":{"start":{"line":91,"column":31},"end":{"line":91,"column":null}},"line":91},"6":{"name":"(anonymous_6)","decl":{"start":{"line":98,"column":6},"end":{"line":98,"column":19}},"loc":{"start":{"line":98,"column":31},"end":{"line":98,"column":null}},"line":98},"7":{"name":"(anonymous_7)","decl":{"start":{"line":105,"column":6},"end":{"line":105,"column":19}},"loc":{"start":{"line":105,"column":31},"end":{"line":105,"column":null}},"line":105},"8":{"name":"(anonymous_8)","decl":{"start":{"line":115,"column":6},"end":{"line":115,"column":19}},"loc":{"start":{"line":115,"column":31},"end":{"line":115,"column":null}},"line":115},"9":{"name":"(anonymous_9)","decl":{"start":{"line":128,"column":6},"end":{"line":128,"column":19}},"loc":{"start":{"line":129,"column":8},"end":{"line":134,"column":null}},"line":129},"10":{"name":"(anonymous_10)","decl":{"start":{"line":142,"column":6},"end":{"line":142,"column":19}},"loc":{"start":{"line":142,"column":31},"end":{"line":142,"column":null}},"line":142}},"branchMap":{"0":{"loc":{"start":{"line":34,"column":53},"end":{"line":34,"column":104}},"type":"default-arg","locations":[{"start":{"line":34,"column":102},"end":{"line":34,"column":104}}],"line":34},"1":{"loc":{"start":{"line":37,"column":2},"end":{"line":44,"column":null}},"type":"if","locations":[{"start":{"line":37,"column":2},"end":{"line":44,"column":null}},{"start":{},"end":{}}],"line":37},"2":{"loc":{"start":{"line":47,"column":27},"end":{"line":47,"column":53}},"type":"binary-expr","locations":[{"start":{"line":47,"column":27},"end":{"line":47,"column":51}},{"start":{"line":47,"column":51},"end":{"line":47,"column":53}}],"line":47},"3":{"loc":{"start":{"line":51,"column":37},"end":{"line":51,"column":78}},"type":"binary-expr","locations":[{"start":{"line":51,"column":37},"end":{"line":51,"column":53}},{"start":{"line":51,"column":53},"end":{"line":51,"column":78}}],"line":51},"4":{"loc":{"start":{"line":54,"column":49},"end":{"line":54,"column":96}},"type":"default-arg","locations":[{"start":{"line":54,"column":94},"end":{"line":54,"column":96}}],"line":54},"5":{"loc":{"start":{"line":55,"column":25},"end":{"line":55,"column":46}},"type":"binary-expr","locations":[{"start":{"line":55,"column":25},"end":{"line":55,"column":44}},{"start":{"line":55,"column":44},"end":{"line":55,"column":46}}],"line":55},"6":{"loc":{"start":{"line":58,"column":2},"end":{"line":65,"column":null}},"type":"if","locations":[{"start":{"line":58,"column":2},"end":{"line":65,"column":null}},{"start":{},"end":{}}],"line":58},"7":{"loc":{"start":{"line":63,"column":10},"end":{"line":63,"column":68}},"type":"cond-expr","locations":[{"start":{"line":63,"column":32},"end":{"line":63,"column":63}},{"start":{"line":63,"column":66},"end":{"line":63,"column":68}}],"line":63},"8":{"loc":{"start":{"line":68,"column":2},"end":{"line":76,"column":null}},"type":"if","locations":[{"start":{"line":68,"column":2},"end":{"line":76,"column":null}},{"start":{},"end":{}}],"line":68},"9":{"loc":{"start":{"line":79,"column":30},"end":{"line":79,"column":78}},"type":"binary-expr","locations":[{"start":{"line":79,"column":30},"end":{"line":79,"column":53}},{"start":{"line":79,"column":53},"end":{"line":79,"column":78}}],"line":79}},"s":{"0":7,"1":7,"2":6,"3":6,"4":6,"5":6,"6":6,"7":6,"8":6,"9":7,"10":2,"11":7,"12":6,"13":6,"14":6,"15":5,"16":4,"17":6,"18":2,"19":1,"20":6,"21":5,"22":5,"23":5,"24":5,"25":5,"26":5,"27":5},"f":{"0":7,"1":6,"2":4,"3":1,"4":5,"5":5,"6":5,"7":5,"8":5,"9":5,"10":5},"b":{"0":[7],"1":[6,1],"2":[7,6],"3":[7,7],"4":[6],"5":[6,3],"6":[5,1],"7":[1,4],"8":[2,4],"9":[6,6]},"meta":{"lastBranch":10,"lastFunction":11,"lastStatement":28,"seen":{"f:34:16:34:53":0,"b:34:102:34:104":0,"s:35:23:35:40":0,"b:37:2:44:Infinity:undefined:undefined:undefined:undefined":1,"s:37:2:44:Infinity":1,"s:38:4:38:Infinity":2,"s:39:4:39:Infinity":3,"s:40:4:40:Infinity":4,"s:41:4:41:Infinity":5,"s:42:4:42:Infinity":6,"s:43:4:43:Infinity":7,"s:44:4:44:Infinity":8,"s:47:2:48:Infinity":9,"b:47:27:47:51:47:51:47:53":2,"s:48:4:48:Infinity":10,"s:51:2:51:Infinity":11,"b:51:37:51:53:51:53:51:78":3,"f:54:16:54:49":1,"b:54:94:54:96":4,"s:55:25:55:46":12,"b:55:25:55:44:55:44:55:46":5,"s:56:108:56:110":13,"b:58:2:65:Infinity:undefined:undefined:undefined:undefined":6,"s:58:2:65:Infinity":14,"s:59:4:65:Infinity":15,"b:63:32:63:63:63:66:63:68":7,"f:64:6:64:19":2,"s:64:31:64:Infinity":16,"b:68:2:76:Infinity:undefined:undefined:undefined:undefined":8,"s:68:2:76:Infinity":17,"s:69:4:76:Infinity":18,"f:75:6:75:19":3,"s:75:31:75:Infinity":19,"s:79:2:144:Infinity":20,"b:79:30:79:53:79:53:79:78":9,"f:84:6:84:19":4,"s:84:31:84:Infinity":21,"f:91:6:91:19":5,"s:91:31:91:Infinity":22,"f:98:6:98:19":6,"s:98:31:98:Infinity":23,"f:105:6:105:19":7,"s:105:31:105:Infinity":24,"f:115:6:115:19":8,"s:115:31:115:Infinity":25,"f:128:6:128:19":9,"s:129:8:134:Infinity":26,"f:142:6:142:19":10,"s:142:31:142:Infinity":27}}}
,"C:\\LD\\00-B\\00-Research\\SandboxglbTest\\src\\com.realitycollective.service-framework.ts\\packages\\service-framework-client\\src\\react.tsx": {"path":"C:\\LD\\00-B\\00-Research\\SandboxglbTest\\src\\com.realitycollective.service-framework.ts\\packages\\service-framework-client\\src\\react.tsx","statementMap":{"0":{"start":{"line":38,"column":8},"end":{"line":38,"column":35}},"1":{"start":{"line":39,"column":8},"end":{"line":39,"column":49}},"2":{"start":{"line":39,"column":28},"end":{"line":39,"column":49}},"3":{"start":{"line":40,"column":2},"end":{"line":47,"column":null}},"4":{"start":{"line":55,"column":8},"end":{"line":55,"column":125}},"5":{"start":{"line":55,"column":40},"end":{"line":55,"column":97}},"6":{"start":{"line":57,"column":2},"end":{"line":60,"column":null}},"7":{"start":{"line":65,"column":2},"end":{"line":65,"column":null}},"8":{"start":{"line":69,"column":2},"end":{"line":69,"column":null}},"9":{"start":{"line":73,"column":2},"end":{"line":73,"column":null}},"10":{"start":{"line":77,"column":2},"end":{"line":77,"column":null}},"11":{"start":{"line":81,"column":2},"end":{"line":81,"column":null}},"12":{"start":{"line":85,"column":2},"end":{"line":85,"column":null}},"13":{"start":{"line":89,"column":2},"end":{"line":89,"column":null}},"14":{"start":{"line":93,"column":2},"end":{"line":93,"column":null}},"15":{"start":{"line":97,"column":2},"end":{"line":97,"column":null}},"16":{"start":{"line":101,"column":2},"end":{"line":101,"column":null}},"17":{"start":{"line":105,"column":2},"end":{"line":105,"column":null}},"18":{"start":{"line":109,"column":2},"end":{"line":109,"column":null}},"19":{"start":{"line":113,"column":2},"end":{"line":113,"column":null}},"20":{"start":{"line":117,"column":2},"end":{"line":117,"column":null}}},"fnMap":{"0":{"name":"useSnapshotService","decl":{"start":{"line":37,"column":9},"end":{"line":37,"column":87}},"loc":{"start":{"line":37,"column":129},"end":{"line":47,"column":null}},"line":37},"1":{"name":"(anonymous_1)","decl":{"start":{"line":39,"column":8},"end":{"line":39,"column":28}},"loc":{"start":{"line":39,"column":28},"end":{"line":39,"column":49}},"line":39},"2":{"name":"BaseFrameworkClientProvider","decl":{"start":{"line":50,"column":16},"end":{"line":50,"column":44}},"loc":{"start":{"line":54,"column":56},"end":{"line":60,"column":null}},"line":54},"3":{"name":"(anonymous_3)","decl":{"start":{"line":55,"column":26},"end":{"line":55,"column":40}},"loc":{"start":{"line":55,"column":40},"end":{"line":55,"column":97}},"line":55},"4":{"name":"useCapabilityService","decl":{"start":{"line":64,"column":16},"end":{"line":64,"column":58}},"loc":{"start":{"line":64,"column":58},"end":{"line":65,"column":null}},"line":64},"5":{"name":"useCapabilityState","decl":{"start":{"line":68,"column":16},"end":{"line":68,"column":57}},"loc":{"start":{"line":68,"column":57},"end":{"line":69,"column":null}},"line":68},"6":{"name":"useExperienceStateService","decl":{"start":{"line":72,"column":16},"end":{"line":72,"column":68}},"loc":{"start":{"line":72,"column":68},"end":{"line":73,"column":null}},"line":72},"7":{"name":"useExperienceState","decl":{"start":{"line":76,"column":16},"end":{"line":76,"column":62}},"loc":{"start":{"line":76,"column":62},"end":{"line":77,"column":null}},"line":76},"8":{"name":"useSessionService","decl":{"start":{"line":80,"column":16},"end":{"line":80,"column":52}},"loc":{"start":{"line":80,"column":52},"end":{"line":81,"column":null}},"line":80},"9":{"name":"useSessionState","decl":{"start":{"line":84,"column":16},"end":{"line":84,"column":51}},"loc":{"start":{"line":84,"column":51},"end":{"line":85,"column":null}},"line":84},"10":{"name":"useContentContextService","decl":{"start":{"line":88,"column":16},"end":{"line":88,"column":66}},"loc":{"start":{"line":88,"column":66},"end":{"line":89,"column":null}},"line":88},"11":{"name":"useContentContext","decl":{"start":{"line":92,"column":16},"end":{"line":92,"column":60}},"loc":{"start":{"line":92,"column":60},"end":{"line":93,"column":null}},"line":92},"12":{"name":"useBackendAdapterService","decl":{"start":{"line":96,"column":16},"end":{"line":96,"column":66}},"loc":{"start":{"line":96,"column":66},"end":{"line":97,"column":null}},"line":96},"13":{"name":"useBackendAdapterState","decl":{"start":{"line":100,"column":16},"end":{"line":100,"column":70}},"loc":{"start":{"line":100,"column":70},"end":{"line":101,"column":null}},"line":100},"14":{"name":"useConversationService","decl":{"start":{"line":104,"column":16},"end":{"line":104,"column":62}},"loc":{"start":{"line":104,"column":62},"end":{"line":105,"column":null}},"line":104},"15":{"name":"useConversationState","decl":{"start":{"line":108,"column":16},"end":{"line":108,"column":61}},"loc":{"start":{"line":108,"column":61},"end":{"line":109,"column":null}},"line":108},"16":{"name":"useRenderStateService","decl":{"start":{"line":112,"column":16},"end":{"line":112,"column":60}},"loc":{"start":{"line":112,"column":60},"end":{"line":113,"column":null}},"line":112},"17":{"name":"useRenderState","decl":{"start":{"line":116,"column":16},"end":{"line":116,"column":54}},"loc":{"start":{"line":116,"column":54},"end":{"line":117,"column":null}},"line":116}},"branchMap":{"0":{"loc":{"start":{"line":55,"column":40},"end":{"line":55,"column":97}},"type":"binary-expr","locations":[{"start":{"line":55,"column":40},"end":{"line":55,"column":51}},{"start":{"line":55,"column":51},"end":{"line":55,"column":97}}],"line":55}},"s":{"0":14,"1":14,"2":14,"3":14,"4":2,"5":2,"6":2,"7":2,"8":2,"9":2,"10":2,"11":2,"12":2,"13":2,"14":2,"15":2,"16":2,"17":2,"18":2,"19":2,"20":2},"f":{"0":14,"1":14,"2":2,"3":2,"4":2,"5":2,"6":2,"7":2,"8":2,"9":2,"10":2,"11":2,"12":2,"13":2,"14":2,"15":2,"16":2,"17":2},"b":{"0":[2,1]},"meta":{"lastBranch":1,"lastFunction":18,"lastStatement":21,"seen":{"f:37:9:37:87":0,"s:38:8:38:35":0,"s:39:8:39:49":1,"f:39:8:39:28":1,"s:39:28:39:49":2,"s:40:2:47:Infinity":3,"f:50:16:50:44":2,"s:55:8:55:125":4,"f:55:26:55:40":3,"s:55:40:55:97":5,"b:55:40:55:51:55:51:55:97":0,"s:57:2:60:Infinity":6,"f:64:16:64:58":4,"s:65:2:65:Infinity":7,"f:68:16:68:57":5,"s:69:2:69:Infinity":8,"f:72:16:72:68":6,"s:73:2:73:Infinity":9,"f:76:16:76:62":7,"s:77:2:77:Infinity":10,"f:80:16:80:52":8,"s:81:2:81:Infinity":11,"f:84:16:84:51":9,"s:85:2:85:Infinity":12,"f:88:16:88:66":10,"s:89:2:89:Infinity":13,"f:92:16:92:60":11,"s:93:2:93:Infinity":14,"f:96:16:96:66":12,"s:97:2:97:Infinity":15,"f:100:16:100:70":13,"s:101:2:101:Infinity":16,"f:104:16:104:62":14,"s:105:2:105:Infinity":17,"f:108:16:108:61":15,"s:109:2:109:Infinity":18,"f:112:16:112:60":16,"s:113:2:113:Infinity":19,"f:116:16:116:54":17,"s:117:2:117:Infinity":20}}}
,"C:\\LD\\00-B\\00-Research\\SandboxglbTest\\src\\com.realitycollective.service-framework.ts\\packages\\service-framework-client\\src\\runtime.ts": {"path":"C:\\LD\\00-B\\00-Research\\SandboxglbTest\\src\\com.realitycollective.service-framework.ts\\packages\\service-framework-client\\src\\runtime.ts","statementMap":{"0":{"start":{"line":18,"column":4},"end":{"line":18,"column":null}},"1":{"start":{"line":19,"column":4},"end":{"line":19,"column":null}},"2":{"start":{"line":20,"column":4},"end":{"line":20,"column":null}},"3":{"start":{"line":21,"column":4},"end":{"line":24,"column":null}},"4":{"start":{"line":26,"column":4},"end":{"line":26,"column":null}},"5":{"start":{"line":28,"column":4},"end":{"line":29,"column":null}},"6":{"start":{"line":29,"column":6},"end":{"line":29,"column":null}},"7":{"start":{"line":34,"column":4},"end":{"line":34,"column":null}},"8":{"start":{"line":35,"column":4},"end":{"line":38,"column":null}},"9":{"start":{"line":39,"column":4},"end":{"line":39,"column":null}},"10":{"start":{"line":40,"column":4},"end":{"line":40,"column":null}},"11":{"start":{"line":44,"column":4},"end":{"line":44,"column":null}},"12":{"start":{"line":45,"column":4},"end":{"line":45,"column":null}}},"fnMap":{"0":{"name":"(anonymous_0)","decl":{"start":{"line":17,"column":2},"end":{"line":17,"column":9}},"loc":{"start":{"line":17,"column":70},"end":{"line":29,"column":null}},"line":17},"1":{"name":"(anonymous_1)","decl":{"start":{"line":33,"column":2},"end":{"line":33,"column":9}},"loc":{"start":{"line":33,"column":117},"end":{"line":40,"column":null}},"line":33},"2":{"name":"(anonymous_2)","decl":{"start":{"line":43,"column":2},"end":{"line":43,"column":9}},"loc":{"start":{"line":43,"column":25},"end":{"line":45,"column":null}},"line":43}},"branchMap":{"0":{"loc":{"start":{"line":17,"column":21},"end":{"line":17,"column":68}},"type":"default-arg","locations":[{"start":{"line":17,"column":66},"end":{"line":17,"column":68}}],"line":17},"1":{"loc":{"start":{"line":18,"column":21},"end":{"line":18,"column":63}},"type":"binary-expr","locations":[{"start":{"line":18,"column":21},"end":{"line":18,"column":42}},{"start":{"line":18,"column":42},"end":{"line":18,"column":63}}],"line":18},"2":{"loc":{"start":{"line":19,"column":23},"end":{"line":19,"column":110}},"type":"binary-expr","locations":[{"start":{"line":19,"column":23},"end":{"line":19,"column":46}},{"start":{"line":19,"column":31},"end":{"line":19,"column":110}}],"line":19},"3":{"loc":{"start":{"line":20,"column":19},"end":{"line":20,"column":94}},"type":"binary-expr","locations":[{"start":{"line":20,"column":19},"end":{"line":20,"column":38}},{"start":{"line":20,"column":27},"end":{"line":20,"column":94}}],"line":20},"4":{"loc":{"start":{"line":28,"column":4},"end":{"line":29,"column":null}},"type":"if","locations":[{"start":{"line":28,"column":4},"end":{"line":29,"column":null}},{"start":{},"end":{}}],"line":28}},"s":{"0":5,"1":5,"2":5,"3":5,"4":5,"5":5,"6":4,"7":4,"8":4,"9":4,"10":4,"11":4,"12":4},"f":{"0":5,"1":4,"2":4},"b":{"0":[5],"1":[5,5],"2":[5,5],"3":[5,5],"4":[4,1]},"meta":{"lastBranch":5,"lastFunction":3,"lastStatement":13,"seen":{"f:17:2:17:9":0,"b:17:66:17:68":0,"s:18:4:18:Infinity":0,"b:18:21:18:42:18:42:18:63":1,"s:19:4:19:Infinity":1,"b:19:23:19:46:19:31:19:110":2,"s:20:4:20:Infinity":2,"b:20:19:20:38:20:27:20:94":3,"s:21:4:24:Infinity":3,"s:26:4:26:Infinity":4,"b:28:4:29:Infinity:undefined:undefined:undefined:undefined":4,"s:28:4:29:Infinity":5,"s:29:6:29:Infinity":6,"f:33:2:33:9":1,"s:34:4:34:Infinity":7,"s:35:4:38:Infinity":8,"s:39:4:39:Infinity":9,"s:40:4:40:Infinity":10,"f:43:2:43:9":2,"s:44:4:44:Infinity":11,"s:45:4:45:Infinity":12}}}
,"C:\\LD\\00-B\\00-Research\\SandboxglbTest\\src\\com.realitycollective.service-framework.ts\\packages\\service-framework-client\\src\\services.ts": {"path":"C:\\LD\\00-B\\00-Research\\SandboxglbTest\\src\\com.realitycollective.service-framework.ts\\packages\\service-framework-client\\src\\services.ts","statementMap":{"0":{"start":{"line":28,"column":2},"end":{"line":28,"column":null}},"1":{"start":{"line":32,"column":2},"end":{"line":32,"column":null}},"2":{"start":{"line":36,"column":41},"end":{"line":39,"column":null}},"3":{"start":{"line":42,"column":4},"end":{"line":45,"column":null}},"4":{"start":{"line":46,"column":4},"end":{"line":46,"column":null}},"5":{"start":{"line":50,"column":4},"end":{"line":50,"column":null}},"6":{"start":{"line":54,"column":4},"end":{"line":54,"column":null}},"7":{"start":{"line":59,"column":46},"end":{"line":63,"column":null}},"8":{"start":{"line":66,"column":19},"end":{"line":66,"column":43}},"9":{"start":{"line":67,"column":4},"end":{"line":71,"column":null}},"10":{"start":{"line":72,"column":4},"end":{"line":72,"column":null}},"11":{"start":{"line":76,"column":4},"end":{"line":76,"column":null}},"12":{"start":{"line":80,"column":4},"end":{"line":83,"column":null}},"13":{"start":{"line":84,"column":4},"end":{"line":84,"column":null}},"14":{"start":{"line":88,"column":4},"end":{"line":91,"column":null}},"15":{"start":{"line":92,"column":4},"end":{"line":92,"column":null}},"16":{"start":{"line":96,"column":4},"end":{"line":99,"column":null}},"17":{"start":{"line":100,"column":4},"end":{"line":100,"column":null}},"18":{"start":{"line":104,"column":4},"end":{"line":107,"column":null}},"19":{"start":{"line":108,"column":4},"end":{"line":108,"column":null}},"20":{"start":{"line":112,"column":4},"end":{"line":116,"column":null}},"21":{"start":{"line":118,"column":4},"end":{"line":123,"column":null}},"22":{"start":{"line":119,"column":6},"end":{"line":123,"column":null}},"23":{"start":{"line":126,"column":4},"end":{"line":126,"column":null}},"24":{"start":{"line":131,"column":38},"end":{"line":135,"column":null}},"25":{"start":{"line":138,"column":19},"end":{"line":138,"column":43}},"26":{"start":{"line":139,"column":22},"end":{"line":139,"column":40}},"27":{"start":{"line":140,"column":4},"end":{"line":144,"column":null}},"28":{"start":{"line":145,"column":4},"end":{"line":145,"column":null}},"29":{"start":{"line":149,"column":4},"end":{"line":149,"column":null}},"30":{"start":{"line":153,"column":19},"end":{"line":153,"column":43}},"31":{"start":{"line":154,"column":4},"end":{"line":157,"column":null}},"32":{"start":{"line":158,"column":4},"end":{"line":158,"column":null}},"33":{"start":{"line":163,"column":45},"end":{"line":163,"column":47}},"34":{"start":{"line":166,"column":4},"end":{"line":168,"column":null}},"35":{"start":{"line":169,"column":4},"end":{"line":169,"column":null}},"36":{"start":{"line":173,"column":4},"end":{"line":173,"column":null}},"37":{"start":{"line":177,"column":4},"end":{"line":180,"column":null}},"38":{"start":{"line":181,"column":4},"end":{"line":181,"column":null}},"39":{"start":{"line":185,"column":4},"end":{"line":191,"column":null}},"40":{"start":{"line":192,"column":4},"end":{"line":192,"column":null}},"41":{"start":{"line":203,"column":32},"end":{"line":203,"column":null}},"42":{"start":{"line":206,"column":19},"end":{"line":206,"column":43}},"43":{"start":{"line":207,"column":4},"end":{"line":211,"column":null}},"44":{"start":{"line":216,"column":32},"end":{"line":216,"column":null}},"45":{"start":{"line":219,"column":19},"end":{"line":219,"column":43}},"46":{"start":{"line":221,"column":4},"end":{"line":222,"column":null}},"47":{"start":{"line":222,"column":6},"end":{"line":222,"column":null}},"48":{"start":{"line":225,"column":20},"end":{"line":225,"column":72}},"49":{"start":{"line":227,"column":4},"end":{"line":228,"column":null}},"50":{"start":{"line":228,"column":6},"end":{"line":228,"column":null}},"51":{"start":{"line":231,"column":21},"end":{"line":238,"column":6}},"52":{"start":{"line":240,"column":4},"end":{"line":241,"column":null}},"53":{"start":{"line":241,"column":6},"end":{"line":241,"column":null}},"54":{"start":{"line":244,"column":20},"end":{"line":244,"column":41}},"55":{"start":{"line":246,"column":4},"end":{"line":247,"column":null}},"56":{"start":{"line":247,"column":6},"end":{"line":247,"column":null}},"57":{"start":{"line":250,"column":4},"end":{"line":254,"column":null}},"58":{"start":{"line":259,"column":50},"end":{"line":262,"column":null}},"59":{"start":{"line":265,"column":19},"end":{"line":265,"column":43}},"60":{"start":{"line":266,"column":4},"end":{"line":269,"column":null}},"61":{"start":{"line":270,"column":4},"end":{"line":270,"column":null}},"62":{"start":{"line":274,"column":4},"end":{"line":274,"column":null}},"63":{"start":{"line":278,"column":4},"end":{"line":281,"column":null}},"64":{"start":{"line":282,"column":4},"end":{"line":282,"column":null}},"65":{"start":{"line":286,"column":19},"end":{"line":286,"column":39}},"66":{"start":{"line":287,"column":4},"end":{"line":291,"column":null}},"67":{"start":{"line":292,"column":4},"end":{"line":292,"column":null}},"68":{"start":{"line":294,"column":4},"end":{"line":310,"column":null}},"69":{"start":{"line":295,"column":23},"end":{"line":295,"column":49}},"70":{"start":{"line":296,"column":6},"end":{"line":300,"column":null}},"71":{"start":{"line":301,"column":6},"end":{"line":301,"column":null}},"72":{"start":{"line":302,"column":6},"end":{"line":302,"column":null}},"73":{"start":{"line":304,"column":6},"end":{"line":308,"column":null}},"74":{"start":{"line":309,"column":6},"end":{"line":309,"column":null}},"75":{"start":{"line":310,"column":6},"end":{"line":310,"column":null}},"76":{"start":{"line":315,"column":20},"end":{"line":316,"column":56}},"77":{"start":{"line":316,"column":6},"end":{"line":316,"column":56}},"78":{"start":{"line":318,"column":4},"end":{"line":319,"column":null}},"79":{"start":{"line":319,"column":6},"end":{"line":319,"column":null}},"80":{"start":{"line":322,"column":4},"end":{"line":322,"column":null}},"81":{"start":{"line":322,"column":36},"end":{"line":322,"column":90}},"82":{"start":{"line":327,"column":43},"end":{"line":330,"column":null}},"83":{"start":{"line":332,"column":21},"end":{"line":332,"column":null}},"84":{"start":{"line":341,"column":4},"end":{"line":341,"column":null}},"85":{"start":{"line":336,"column":21},"end":{"line":336,"column":null}},"86":{"start":{"line":337,"column":21},"end":{"line":337,"column":null}},"87":{"start":{"line":338,"column":21},"end":{"line":338,"column":null}},"88":{"start":{"line":339,"column":21},"end":{"line":339,"column":null}},"89":{"start":{"line":345,"column":19},"end":{"line":345,"column":43}},"90":{"start":{"line":347,"column":4},"end":{"line":351,"column":null}},"91":{"start":{"line":348,"column":6},"end":{"line":351,"column":null}},"92":{"start":{"line":354,"column":4},"end":{"line":354,"column":null}},"93":{"start":{"line":358,"column":4},"end":{"line":358,"column":null}},"94":{"start":{"line":362,"column":24},"end":{"line":362,"column":59}},"95":{"start":{"line":363,"column":4},"end":{"line":366,"column":null}},"96":{"start":{"line":367,"column":4},"end":{"line":367,"column":null}},"97":{"start":{"line":368,"column":4},"end":{"line":368,"column":null}},"98":{"start":{"line":369,"column":4},"end":{"line":369,"column":null}},"99":{"start":{"line":371,"column":4},"end":{"line":396,"column":null}},"100":{"start":{"line":372,"column":23},"end":{"line":376,"column":8}},"101":{"start":{"line":378,"column":31},"end":{"line":378,"column":100}},"102":{"start":{"line":379,"column":6},"end":{"line":382,"column":null}},"103":{"start":{"line":383,"column":6},"end":{"line":383,"column":null}},"104":{"start":{"line":384,"column":6},"end":{"line":384,"column":null}},"105":{"start":{"line":385,"column":6},"end":{"line":385,"column":null}},"106":{"start":{"line":386,"column":6},"end":{"line":386,"column":null}},"107":{"start":{"line":388,"column":24},"end":{"line":388,"column":46}},"108":{"start":{"line":389,"column":6},"end":{"line":393,"column":null}},"109":{"start":{"line":394,"column":6},"end":{"line":394,"column":null}},"110":{"start":{"line":395,"column":6},"end":{"line":395,"column":null}},"111":{"start":{"line":396,"column":6},"end":{"line":396,"column":null}},"112":{"start":{"line":401,"column":19},"end":{"line":401,"column":43}},"113":{"start":{"line":402,"column":4},"end":{"line":402,"column":null}},"114":{"start":{"line":403,"column":4},"end":{"line":408,"column":null}},"115":{"start":{"line":413,"column":42},"end":{"line":418,"column":null}},"116":{"start":{"line":421,"column":4},"end":{"line":421,"column":null}},"117":{"start":{"line":425,"column":4},"end":{"line":425,"column":null}},"118":{"start":{"line":426,"column":4},"end":{"line":426,"column":null}}},"fnMap":{"0":{"name":"getNow","decl":{"start":{"line":27,"column":9},"end":{"line":27,"column":16}},"loc":{"start":{"line":27,"column":44},"end":{"line":28,"column":null}},"line":27},"1":{"name":"getErrorMessage","decl":{"start":{"line":31,"column":9},"end":{"line":31,"column":25}},"loc":{"start":{"line":31,"column":49},"end":{"line":32,"column":null}},"line":31},"2":{"name":"(anonymous_2)","decl":{"start":{"line":41,"column":2},"end":{"line":41,"column":18}},"loc":{"start":{"line":41,"column":37},"end":{"line":46,"column":null}},"line":41},"3":{"name":"(anonymous_3)","decl":{"start":{"line":49,"column":2},"end":{"line":49,"column":9}},"loc":{"start":{"line":49,"column":43},"end":{"line":50,"column":null}},"line":49},"4":{"name":"(anonymous_4)","decl":{"start":{"line":53,"column":2},"end":{"line":53,"column":9}},"loc":{"start":{"line":53,"column":52},"end":{"line":54,"column":null}},"line":53},"5":{"name":"(anonymous_5)","decl":{"start":{"line":65,"column":2},"end":{"line":65,"column":18}},"loc":{"start":{"line":65,"column":37},"end":{"line":72,"column":null}},"line":65},"6":{"name":"(anonymous_6)","decl":{"start":{"line":75,"column":2},"end":{"line":75,"column":9}},"loc":{"start":{"line":75,"column":48},"end":{"line":76,"column":null}},"line":75},"7":{"name":"(anonymous_7)","decl":{"start":{"line":79,"column":2},"end":{"line":79,"column":9}},"loc":{"start":{"line":79,"column":62},"end":{"line":84,"column":null}},"line":79},"8":{"name":"(anonymous_8)","decl":{"start":{"line":87,"column":2},"end":{"line":87,"column":9}},"loc":{"start":{"line":87,"column":28},"end":{"line":92,"column":null}},"line":87},"9":{"name":"(anonymous_9)","decl":{"start":{"line":95,"column":2},"end":{"line":95,"column":9}},"loc":{"start":{"line":95,"column":32},"end":{"line":100,"column":null}},"line":95},"10":{"name":"(anonymous_10)","decl":{"start":{"line":103,"column":2},"end":{"line":103,"column":9}},"loc":{"start":{"line":103,"column":29},"end":{"line":108,"column":null}},"line":103},"11":{"name":"(anonymous_11)","decl":{"start":{"line":111,"column":2},"end":{"line":111,"column":9}},"loc":{"start":{"line":111,"column":88},"end":{"line":126,"column":null}},"line":111},"12":{"name":"(anonymous_12)","decl":{"start":{"line":137,"column":2},"end":{"line":137,"column":18}},"loc":{"start":{"line":137,"column":37},"end":{"line":145,"column":null}},"line":137},"13":{"name":"(anonymous_13)","decl":{"start":{"line":148,"column":2},"end":{"line":148,"column":9}},"loc":{"start":{"line":148,"column":40},"end":{"line":149,"column":null}},"line":148},"14":{"name":"(anonymous_14)","decl":{"start":{"line":152,"column":2},"end":{"line":152,"column":9}},"loc":{"start":{"line":152,"column":23},"end":{"line":158,"column":null}},"line":152},"15":{"name":"(anonymous_15)","decl":{"start":{"line":165,"column":2},"end":{"line":165,"column":18}},"loc":{"start":{"line":165,"column":37},"end":{"line":169,"column":null}},"line":165},"16":{"name":"(anonymous_16)","decl":{"start":{"line":172,"column":2},"end":{"line":172,"column":9}},"loc":{"start":{"line":172,"column":47},"end":{"line":173,"column":null}},"line":172},"17":{"name":"(anonymous_17)","decl":{"start":{"line":176,"column":2},"end":{"line":176,"column":9}},"loc":{"start":{"line":176,"column":70},"end":{"line":181,"column":null}},"line":176},"18":{"name":"(anonymous_18)","decl":{"start":{"line":184,"column":2},"end":{"line":184,"column":9}},"loc":{"start":{"line":184,"column":67},"end":{"line":192,"column":null}},"line":184},"19":{"name":"(anonymous_19)","decl":{"start":{"line":205,"column":15},"end":{"line":205,"column":20}},"loc":{"start":{"line":205,"column":95},"end":{"line":211,"column":null}},"line":205},"20":{"name":"(anonymous_20)","decl":{"start":{"line":218,"column":15},"end":{"line":218,"column":20}},"loc":{"start":{"line":218,"column":95},"end":{"line":254,"column":null}},"line":218},"21":{"name":"(anonymous_21)","decl":{"start":{"line":264,"column":2},"end":{"line":264,"column":18}},"loc":{"start":{"line":264,"column":37},"end":{"line":270,"column":null}},"line":264},"22":{"name":"(anonymous_22)","decl":{"start":{"line":273,"column":2},"end":{"line":273,"column":9}},"loc":{"start":{"line":273,"column":52},"end":{"line":274,"column":null}},"line":273},"23":{"name":"(anonymous_23)","decl":{"start":{"line":277,"column":2},"end":{"line":277,"column":9}},"loc":{"start":{"line":277,"column":73},"end":{"line":282,"column":null}},"line":277},"24":{"name":"(anonymous_24)","decl":{"start":{"line":285,"column":15},"end":{"line":285,"column":27}},"loc":{"start":{"line":285,"column":102},"end":{"line":310,"column":null}},"line":285},"25":{"name":"(anonymous_25)","decl":{"start":{"line":314,"column":2},"end":{"line":314,"column":10}},"loc":{"start":{"line":314,"column":61},"end":{"line":322,"column":null}},"line":314},"26":{"name":"(anonymous_26)","decl":{"start":{"line":315,"column":40},"end":{"line":315,"column":48}},"loc":{"start":{"line":316,"column":6},"end":{"line":316,"column":56}},"line":316},"27":{"name":"(anonymous_27)","decl":{"start":{"line":322,"column":19},"end":{"line":322,"column":25}},"loc":{"start":{"line":322,"column":36},"end":{"line":322,"column":90}},"line":322},"28":{"name":"(anonymous_28)","decl":{"start":{"line":334,"column":2},"end":{"line":334,"column":9}},"loc":{"start":{"line":340,"column":4},"end":{"line":339,"column":null}},"line":340},"29":{"name":"(anonymous_29)","decl":{"start":{"line":344,"column":2},"end":{"line":344,"column":18}},"loc":{"start":{"line":344,"column":37},"end":{"line":354,"column":null}},"line":344},"30":{"name":"(anonymous_30)","decl":{"start":{"line":357,"column":2},"end":{"line":357,"column":9}},"loc":{"start":{"line":357,"column":45},"end":{"line":358,"column":null}},"line":357},"31":{"name":"(anonymous_31)","decl":{"start":{"line":361,"column":15},"end":{"line":361,"column":31}},"loc":{"start":{"line":361,"column":78},"end":{"line":396,"column":null}},"line":361},"32":{"name":"(anonymous_32)","decl":{"start":{"line":400,"column":2},"end":{"line":400,"column":10}},"loc":{"start":{"line":400,"column":117},"end":{"line":408,"column":null}},"line":400},"33":{"name":"(anonymous_33)","decl":{"start":{"line":420,"column":2},"end":{"line":420,"column":9}},"loc":{"start":{"line":420,"column":44},"end":{"line":421,"column":null}},"line":420},"34":{"name":"(anonymous_34)","decl":{"start":{"line":424,"column":2},"end":{"line":424,"column":18}},"loc":{"start":{"line":424,"column":58},"end":{"line":426,"column":null}},"line":424}},"branchMap":{"0":{"loc":{"start":{"line":28,"column":10},"end":{"line":28,"column":28}},"type":"binary-expr","locations":[{"start":{"line":28,"column":10},"end":{"line":28,"column":17}},{"start":{"line":28,"column":17},"end":{"line":28,"column":28}}],"line":28},"1":{"loc":{"start":{"line":32,"column":9},"end":{"line":32,"column":63}},"type":"cond-expr","locations":[{"start":{"line":32,"column":34},"end":{"line":32,"column":50}},{"start":{"line":32,"column":50},"end":{"line":32,"column":63}}],"line":32},"2":{"loc":{"start":{"line":66,"column":19},"end":{"line":66,"column":43}},"type":"binary-expr","locations":[{"start":{"line":66,"column":19},"end":{"line":66,"column":41}},{"start":{"line":66,"column":41},"end":{"line":66,"column":43}}],"line":66},"3":{"loc":{"start":{"line":68,"column":12},"end":{"line":68,"column":null}},"type":"binary-expr","locations":[{"start":{"line":68,"column":12},"end":{"line":68,"column":34}},{"start":{"line":68,"column":34},"end":{"line":68,"column":null}}],"line":68},"4":{"loc":{"start":{"line":69,"column":19},"end":{"line":69,"column":null}},"type":"binary-expr","locations":[{"start":{"line":69,"column":19},"end":{"line":69,"column":48}},{"start":{"line":69,"column":48},"end":{"line":69,"column":null}}],"line":69},"5":{"loc":{"start":{"line":115,"column":10},"end":{"line":115,"column":null}},"type":"cond-expr","locations":[{"start":{"line":115,"column":22},"end":{"line":115,"column":35}},{"start":{"line":115,"column":38},"end":{"line":115,"column":null}}],"line":115},"6":{"loc":{"start":{"line":118,"column":4},"end":{"line":123,"column":null}},"type":"if","locations":[{"start":{"line":118,"column":4},"end":{"line":123,"column":null}},{"start":{},"end":{}}],"line":118},"7":{"loc":{"start":{"line":118,"column":8},"end":{"line":118,"column":52}},"type":"binary-expr","locations":[{"start":{"line":118,"column":8},"end":{"line":118,"column":22}},{"start":{"line":118,"column":22},"end":{"line":118,"column":52}}],"line":118},"8":{"loc":{"start":{"line":138,"column":19},"end":{"line":138,"column":43}},"type":"binary-expr","locations":[{"start":{"line":138,"column":19},"end":{"line":138,"column":41}},{"start":{"line":138,"column":41},"end":{"line":138,"column":43}}],"line":138},"9":{"loc":{"start":{"line":141,"column":17},"end":{"line":141,"column":null}},"type":"binary-expr","locations":[{"start":{"line":141,"column":17},"end":{"line":141,"column":37}},{"start":{"line":141,"column":37},"end":{"line":141,"column":null}}],"line":141},"10":{"loc":{"start":{"line":153,"column":19},"end":{"line":153,"column":43}},"type":"binary-expr","locations":[{"start":{"line":153,"column":19},"end":{"line":153,"column":41}},{"start":{"line":153,"column":41},"end":{"line":153,"column":43}}],"line":153},"11":{"loc":{"start":{"line":206,"column":19},"end":{"line":206,"column":43}},"type":"binary-expr","locations":[{"start":{"line":206,"column":19},"end":{"line":206,"column":41}},{"start":{"line":206,"column":41},"end":{"line":206,"column":43}}],"line":206},"12":{"loc":{"start":{"line":209,"column":18},"end":{"line":209,"column":53}},"type":"binary-expr","locations":[{"start":{"line":209,"column":18},"end":{"line":209,"column":40}},{"start":{"line":209,"column":40},"end":{"line":209,"column":53}}],"line":209},"13":{"loc":{"start":{"line":219,"column":19},"end":{"line":219,"column":43}},"type":"binary-expr","locations":[{"start":{"line":219,"column":19},"end":{"line":219,"column":41}},{"start":{"line":219,"column":41},"end":{"line":219,"column":43}}],"line":219},"14":{"loc":{"start":{"line":221,"column":4},"end":{"line":222,"column":null}},"type":"if","locations":[{"start":{"line":221,"column":4},"end":{"line":222,"column":null}},{"start":{},"end":{}}],"line":221},"15":{"loc":{"start":{"line":225,"column":20},"end":{"line":225,"column":72}},"type":"binary-expr","locations":[{"start":{"line":225,"column":20},"end":{"line":225,"column":38}},{"start":{"line":225,"column":38},"end":{"line":225,"column":72}}],"line":225},"16":{"loc":{"start":{"line":227,"column":4},"end":{"line":228,"column":null}},"type":"if","locations":[{"start":{"line":227,"column":4},"end":{"line":228,"column":null}},{"start":{},"end":{}}],"line":227},"17":{"loc":{"start":{"line":240,"column":4},"end":{"line":241,"column":null}},"type":"if","locations":[{"start":{"line":240,"column":4},"end":{"line":241,"column":null}},{"start":{},"end":{}}],"line":240},"18":{"loc":{"start":{"line":246,"column":4},"end":{"line":247,"column":null}},"type":"if","locations":[{"start":{"line":246,"column":4},"end":{"line":247,"column":null}},{"start":{},"end":{}}],"line":246},"19":{"loc":{"start":{"line":265,"column":19},"end":{"line":265,"column":43}},"type":"binary-expr","locations":[{"start":{"line":265,"column":19},"end":{"line":265,"column":41}},{"start":{"line":265,"column":41},"end":{"line":265,"column":43}}],"line":265},"20":{"loc":{"start":{"line":267,"column":24},"end":{"line":267,"column":null}},"type":"binary-expr","locations":[{"start":{"line":267,"column":24},"end":{"line":267,"column":51}},{"start":{"line":267,"column":51},"end":{"line":267,"column":null}}],"line":267},"21":{"loc":{"start":{"line":318,"column":4},"end":{"line":319,"column":null}},"type":"if","locations":[{"start":{"line":318,"column":4},"end":{"line":319,"column":null}},{"start":{},"end":{}}],"line":318},"22":{"loc":{"start":{"line":322,"column":11},"end":{"line":322,"column":null}},"type":"binary-expr","locations":[{"start":{"line":322,"column":11},"end":{"line":322,"column":90}},{"start":{"line":322,"column":94},"end":{"line":322,"column":null}}],"line":322},"23":{"loc":{"start":{"line":345,"column":19},"end":{"line":345,"column":43}},"type":"binary-expr","locations":[{"start":{"line":345,"column":19},"end":{"line":345,"column":41}},{"start":{"line":345,"column":41},"end":{"line":345,"column":43}}],"line":345},"24":{"loc":{"start":{"line":347,"column":4},"end":{"line":351,"column":null}},"type":"if","locations":[{"start":{"line":347,"column":4},"end":{"line":351,"column":null}},{"start":{},"end":{}}],"line":347},"25":{"loc":{"start":{"line":401,"column":19},"end":{"line":401,"column":43}},"type":"binary-expr","locations":[{"start":{"line":401,"column":19},"end":{"line":401,"column":41}},{"start":{"line":401,"column":41},"end":{"line":401,"column":43}}],"line":401},"26":{"loc":{"start":{"line":407,"column":17},"end":{"line":407,"column":null}},"type":"binary-expr","locations":[{"start":{"line":407,"column":17},"end":{"line":407,"column":30}},{"start":{"line":407,"column":30},"end":{"line":407,"column":null}}],"line":407}},"s":{"0":21,"1":3,"2":5,"3":5,"4":5,"5":3,"6":1,"7":7,"8":6,"9":6,"10":6,"11":4,"12":1,"13":1,"14":4,"15":4,"16":1,"17":1,"18":1,"19":1,"20":8,"21":8,"22":1,"23":8,"24":7,"25":7,"26":7,"27":7,"28":7,"29":12,"30":3,"31":3,"32":3,"33":7,"34":7,"35":7,"36":14,"37":1,"38":1,"39":1,"40":1,"41":6,"42":4,"43":4,"44":8,"45":7,"46":7,"47":2,"48":5,"49":7,"50":1,"51":4,"52":4,"53":1,"54":3,"55":3,"56":1,"57":2,"58":10,"59":10,"60":10,"61":10,"62":4,"63":1,"64":1,"65":7,"66":7,"67":7,"68":7,"69":7,"70":4,"71":4,"72":4,"73":2,"74":2,"75":2,"76":7,"77":9,"78":7,"79":1,"80":6,"81":7,"82":7,"83":7,"84":7,"85":7,"86":7,"87":7,"88":7,"89":6,"90":6,"91":2,"92":6,"93":6,"94":3,"95":3,"96":3,"97":3,"98":3,"99":3,"100":3,"101":2,"102":2,"103":2,"104":2,"105":2,"106":2,"107":1,"108":1,"109":1,"110":1,"111":1,"112":7,"113":7,"114":7,"115":5,"116":3,"117":2,"118":2},"f":{"0":21,"1":3,"2":5,"3":3,"4":1,"5":6,"6":4,"7":1,"8":4,"9":1,"10":1,"11":8,"12":7,"13":12,"14":3,"15":7,"16":14,"17":1,"18":1,"19":4,"20":7,"21":10,"22":4,"23":1,"24":7,"25":7,"26":9,"27":7,"28":7,"29":6,"30":6,"31":3,"32":7,"33":3,"34":2},"b":{"0":[21,9],"1":[2,1],"2":[6,5],"3":[6,6],"4":[6,6],"5":[2,6],"6":[1,7],"7":[8,6],"8":[7,3],"9":[7,6],"10":[3,2],"11":[4,2],"12":[4,2],"13":[7,1],"14":[2,5],"15":[5,2],"16":[1,6],"17":[1,3],"18":[1,2],"19":[10,2],"20":[10,8],"21":[1,6],"22":[6,1],"23":[6,4],"24":[2,4],"25":[7,2],"26":[7,5]},"meta":{"lastBranch":27,"lastFunction":35,"lastStatement":119,"seen":{"f:27:9:27:16":0,"s:28:2:28:Infinity":0,"b:28:10:28:17:28:17:28:28":0,"f:31:9:31:25":1,"s:32:2:32:Infinity":1,"b:32:34:32:50:32:50:32:63":1,"s:36:41:39:Infinity":2,"f:41:2:41:18":2,"s:42:4:45:Infinity":3,"s:46:4:46:Infinity":4,"f:49:2:49:9":3,"s:50:4:50:Infinity":5,"f:53:2:53:9":4,"s:54:4:54:Infinity":6,"s:59:46:63:Infinity":7,"f:65:2:65:18":5,"s:66:19:66:43":8,"b:66:19:66:41:66:41:66:43":2,"s:67:4:71:Infinity":9,"b:68:12:68:34:68:34:68:Infinity":3,"b:69:19:69:48:69:48:69:Infinity":4,"s:72:4:72:Infinity":10,"f:75:2:75:9":6,"s:76:4:76:Infinity":11,"f:79:2:79:9":7,"s:80:4:83:Infinity":12,"s:84:4:84:Infinity":13,"f:87:2:87:9":8,"s:88:4:91:Infinity":14,"s:92:4:92:Infinity":15,"f:95:2:95:9":9,"s:96:4:99:Infinity":16,"s:100:4:100:Infinity":17,"f:103:2:103:9":10,"s:104:4:107:Infinity":18,"s:108:4:108:Infinity":19,"f:111:2:111:9":11,"s:112:4:116:Infinity":20,"b:115:22:115:35:115:38:115:Infinity":5,"b:118:4:123:Infinity:undefined:undefined:undefined:undefined":6,"s:118:4:123:Infinity":21,"b:118:8:118:22:118:22:118:52":7,"s:119:6:123:Infinity":22,"s:126:4:126:Infinity":23,"s:131:38:135:Infinity":24,"f:137:2:137:18":12,"s:138:19:138:43":25,"b:138:19:138:41:138:41:138:43":8,"s:139:22:139:40":26,"s:140:4:144:Infinity":27,"b:141:17:141:37:141:37:141:Infinity":9,"s:145:4:145:Infinity":28,"f:148:2:148:9":13,"s:149:4:149:Infinity":29,"f:152:2:152:9":14,"s:153:19:153:43":30,"b:153:19:153:41:153:41:153:43":10,"s:154:4:157:Infinity":31,"s:158:4:158:Infinity":32,"s:163:45:163:47":33,"f:165:2:165:18":15,"s:166:4:168:Infinity":34,"s:169:4:169:Infinity":35,"f:172:2:172:9":16,"s:173:4:173:Infinity":36,"f:176:2:176:9":17,"s:177:4:180:Infinity":37,"s:181:4:181:Infinity":38,"f:184:2:184:9":18,"s:185:4:191:Infinity":39,"s:192:4:192:Infinity":40,"s:203:32:203:Infinity":41,"f:205:15:205:20":19,"s:206:19:206:43":42,"b:206:19:206:41:206:41:206:43":11,"s:207:4:211:Infinity":43,"b:209:18:209:40:209:40:209:53":12,"s:216:32:216:Infinity":44,"f:218:15:218:20":20,"s:219:19:219:43":45,"b:219:19:219:41:219:41:219:43":13,"b:221:4:222:Infinity:undefined:undefined:undefined:undefined":14,"s:221:4:222:Infinity":46,"s:222:6:222:Infinity":47,"s:225:20:225:72":48,"b:225:20:225:38:225:38:225:72":15,"b:227:4:228:Infinity:undefined:undefined:undefined:undefined":16,"s:227:4:228:Infinity":49,"s:228:6:228:Infinity":50,"s:231:21:238:6":51,"b:240:4:241:Infinity:undefined:undefined:undefined:undefined":17,"s:240:4:241:Infinity":52,"s:241:6:241:Infinity":53,"s:244:20:244:41":54,"b:246:4:247:Infinity:undefined:undefined:undefined:undefined":18,"s:246:4:247:Infinity":55,"s:247:6:247:Infinity":56,"s:250:4:254:Infinity":57,"s:259:50:262:Infinity":58,"f:264:2:264:18":21,"s:265:19:265:43":59,"b:265:19:265:41:265:41:265:43":19,"s:266:4:269:Infinity":60,"b:267:24:267:51:267:51:267:Infinity":20,"s:270:4:270:Infinity":61,"f:273:2:273:9":22,"s:274:4:274:Infinity":62,"f:277:2:277:9":23,"s:278:4:281:Infinity":63,"s:282:4:282:Infinity":64,"f:285:15:285:27":24,"s:286:19:286:39":65,"s:287:4:291:Infinity":66,"s:292:4:292:Infinity":67,"s:294:4:310:Infinity":68,"s:295:23:295:49":69,"s:296:6:300:Infinity":70,"s:301:6:301:Infinity":71,"s:302:6:302:Infinity":72,"s:304:6:308:Infinity":73,"s:309:6:309:Infinity":74,"s:310:6:310:Infinity":75,"f:314:2:314:10":25,"s:315:20:316:56":76,"f:315:40:315:48":26,"s:316:6:316:56":77,"b:318:4:319:Infinity:undefined:undefined:undefined:undefined":21,"s:318:4:319:Infinity":78,"s:319:6:319:Infinity":79,"s:322:4:322:Infinity":80,"b:322:11:322:90:322:94:322:Infinity":22,"f:322:19:322:25":27,"s:322:36:322:90":81,"s:327:43:330:Infinity":82,"s:332:21:332:Infinity":83,"f:334:2:334:9":28,"s:341:4:341:Infinity":84,"s:336:21:336:Infinity":85,"s:337:21:337:Infinity":86,"s:338:21:338:Infinity":87,"s:339:21:339:Infinity":88,"f:344:2:344:18":29,"s:345:19:345:43":89,"b:345:19:345:41:345:41:345:43":23,"b:347:4:351:Infinity:undefined:undefined:undefined:undefined":24,"s:347:4:351:Infinity":90,"s:348:6:351:Infinity":91,"s:354:4:354:Infinity":92,"f:357:2:357:9":30,"s:358:4:358:Infinity":93,"f:361:15:361:31":31,"s:362:24:362:59":94,"s:363:4:366:Infinity":95,"s:367:4:367:Infinity":96,"s:368:4:368:Infinity":97,"s:369:4:369:Infinity":98,"s:371:4:396:Infinity":99,"s:372:23:376:8":100,"s:378:31:378:100":101,"s:379:6:382:Infinity":102,"s:383:6:383:Infinity":103,"s:384:6:384:Infinity":104,"s:385:6:385:Infinity":105,"s:386:6:386:Infinity":106,"s:388:24:388:46":107,"s:389:6:393:Infinity":108,"s:394:6:394:Infinity":109,"s:395:6:395:Infinity":110,"s:396:6:396:Infinity":111,"f:400:2:400:10":32,"s:401:19:401:43":112,"b:401:19:401:41:401:41:401:43":25,"s:402:4:402:Infinity":113,"s:403:4:408:Infinity":114,"b:407:17:407:30:407:30:407:Infinity":26,"s:413:42:418:Infinity":115,"f:420:2:420:9":33,"s:421:4:421:Infinity":116,"f:424:2:424:18":34,"s:425:4:425:Infinity":117,"s:426:4:426:Infinity":118}}}
,"C:\\LD\\00-B\\00-Research\\SandboxglbTest\\src\\com.realitycollective.service-framework.ts\\packages\\service-framework-client\\src\\tokens.ts": {"path":"C:\\LD\\00-B\\00-Research\\SandboxglbTest\\src\\com.realitycollective.service-framework.ts\\packages\\service-framework-client\\src\\tokens.ts","statementMap":{"0":{"start":{"line":14,"column":13},"end":{"line":14,"column":98}},"1":{"start":{"line":15,"column":13},"end":{"line":15,"column":114}},"2":{"start":{"line":16,"column":13},"end":{"line":16,"column":89}},"3":{"start":{"line":17,"column":13},"end":{"line":17,"column":111}},"4":{"start":{"line":18,"column":13},"end":{"line":18,"column":111}},"5":{"start":{"line":19,"column":13},"end":{"line":19,"column":104}},"6":{"start":{"line":20,"column":13},"end":{"line":20,"column":102}},"7":{"start":{"line":21,"column":13},"end":{"line":21,"column":121}},"8":{"start":{"line":22,"column":13},"end":{"line":22,"column":121}}},"fnMap":{},"branchMap":{},"s":{"0":2,"1":2,"2":2,"3":2,"4":2,"5":2,"6":2,"7":2,"8":2},"f":{},"b":{},"meta":{"lastBranch":0,"lastFunction":0,"lastStatement":9,"seen":{"s:14:13:14:98":0,"s:15:13:15:114":1,"s:16:13:16:89":2,"s:17:13:17:111":3,"s:18:13:18:111":4,"s:19:13:19:104":5,"s:20:13:20:102":6,"s:21:13:21:121":7,"s:22:13:22:121":8}}}
,"C:\\LD\\00-B\\00-Research\\SandboxglbTest\\src\\com.realitycollective.service-framework.ts\\packages\\service-framework\\src\\base-service.ts": {"path":"C:\\LD\\00-B\\00-Research\\SandboxglbTest\\src\\com.realitycollective.service-framework.ts\\packages\\service-framework\\src\\base-service.ts","statementMap":{"0":{"start":{"line":13,"column":47},"end":{"line":13,"column":49}},"1":{"start":{"line":14,"column":23},"end":{"line":14,"column":28}},"2":{"start":{"line":15,"column":24},"end":{"line":15,"column":29}},"3":{"start":{"line":16,"column":20},"end":{"line":16,"column":25}},"4":{"start":{"line":17,"column":22},"end":{"line":17,"column":27}},"5":{"start":{"line":25,"column":4},"end":{"line":25,"column":null}},"6":{"start":{"line":26,"column":4},"end":{"line":26,"column":null}},"7":{"start":{"line":27,"column":4},"end":{"line":27,"column":null}},"8":{"start":{"line":28,"column":4},"end":{"line":28,"column":null}},"9":{"start":{"line":29,"column":4},"end":{"line":29,"column":null}},"10":{"start":{"line":30,"column":4},"end":{"line":30,"column":null}},"11":{"start":{"line":31,"column":4},"end":{"line":31,"column":null}},"12":{"start":{"line":38,"column":4},"end":{"line":38,"column":null}},"13":{"start":{"line":42,"column":4},"end":{"line":42,"column":null}},"14":{"start":{"line":46,"column":4},"end":{"line":46,"column":null}},"15":{"start":{"line":50,"column":4},"end":{"line":50,"column":null}},"16":{"start":{"line":54,"column":4},"end":{"line":54,"column":null}},"17":{"start":{"line":58,"column":4},"end":{"line":58,"column":null}},"18":{"start":{"line":82,"column":4},"end":{"line":84,"column":null}},"19":{"start":{"line":83,"column":6},"end":{"line":83,"column":null}},"20":{"start":{"line":88,"column":24},"end":{"line":88,"column":59}},"21":{"start":{"line":90,"column":4},"end":{"line":92,"column":null}},"22":{"start":{"line":91,"column":6},"end":{"line":91,"column":null}},"23":{"start":{"line":96,"column":4},"end":{"line":96,"column":null}},"24":{"start":{"line":100,"column":4},"end":{"line":100,"column":null}},"25":{"start":{"line":104,"column":4},"end":{"line":104,"column":null}},"26":{"start":{"line":108,"column":4},"end":{"line":108,"column":null}},"27":{"start":{"line":112,"column":4},"end":{"line":112,"column":null}},"28":{"start":{"line":116,"column":4},"end":{"line":116,"column":null}},"29":{"start":{"line":120,"column":4},"end":{"line":120,"column":null}},"30":{"start":{"line":124,"column":4},"end":{"line":124,"column":null}},"31":{"start":{"line":128,"column":4},"end":{"line":128,"column":null}},"32":{"start":{"line":132,"column":4},"end":{"line":132,"column":null}},"33":{"start":{"line":136,"column":4},"end":{"line":136,"column":null}},"34":{"start":{"line":140,"column":4},"end":{"line":140,"column":null}},"35":{"start":{"line":144,"column":4},"end":{"line":144,"column":null}},"36":{"start":{"line":148,"column":4},"end":{"line":148,"column":null}},"37":{"start":{"line":156,"column":4},"end":{"line":156,"column":null}},"38":{"start":{"line":158,"column":4},"end":{"line":160,"column":null}},"39":{"start":{"line":159,"column":6},"end":{"line":159,"column":null}},"40":{"start":{"line":162,"column":4},"end":{"line":162,"column":null}},"41":{"start":{"line":163,"column":4},"end":{"line":163,"column":null}}},"fnMap":{"0":{"name":"(anonymous_0)","decl":{"start":{"line":24,"column":2},"end":{"line":24,"column":21}},"loc":{"start":{"line":24,"column":72},"end":{"line":32,"column":null}},"line":24},"1":{"name":"(anonymous_1)","decl":{"start":{"line":37,"column":13},"end":{"line":37,"column":22}},"loc":{"start":{"line":37,"column":22},"end":{"line":39,"column":null}},"line":37},"2":{"name":"(anonymous_2)","decl":{"start":{"line":41,"column":13},"end":{"line":41,"column":26}},"loc":{"start":{"line":41,"column":26},"end":{"line":43,"column":null}},"line":41},"3":{"name":"(anonymous_3)","decl":{"start":{"line":45,"column":13},"end":{"line":45,"column":22}},"loc":{"start":{"line":45,"column":22},"end":{"line":47,"column":null}},"line":45},"4":{"name":"(anonymous_4)","decl":{"start":{"line":49,"column":13},"end":{"line":49,"column":24}},"loc":{"start":{"line":49,"column":24},"end":{"line":51,"column":null}},"line":49},"5":{"name":"(anonymous_5)","decl":{"start":{"line":53,"column":13},"end":{"line":53,"column":32}},"loc":{"start":{"line":53,"column":32},"end":{"line":55,"column":null}},"line":53},"6":{"name":"(anonymous_6)","decl":{"start":{"line":57,"column":13},"end":{"line":57,"column":27}},"loc":{"start":{"line":57,"column":27},"end":{"line":59,"column":null}},"line":57},"7":{"name":"(anonymous_7)","decl":{"start":{"line":61,"column":9},"end":{"line":61,"column":19}},"loc":{"start":{"line":61,"column":19},"end":{"line":61,"column":null}},"line":61},"8":{"name":"(anonymous_8)","decl":{"start":{"line":63,"column":9},"end":{"line":63,"column":14}},"loc":{"start":{"line":63,"column":14},"end":{"line":63,"column":null}},"line":63},"9":{"name":"(anonymous_9)","decl":{"start":{"line":65,"column":9},"end":{"line":65,"column":14}},"loc":{"start":{"line":65,"column":14},"end":{"line":65,"column":null}},"line":65},"10":{"name":"(anonymous_10)","decl":{"start":{"line":67,"column":9},"end":{"line":67,"column":15}},"loc":{"start":{"line":67,"column":42},"end":{"line":67,"column":null}},"line":67},"11":{"name":"(anonymous_11)","decl":{"start":{"line":69,"column":9},"end":{"line":69,"column":19}},"loc":{"start":{"line":69,"column":46},"end":{"line":69,"column":null}},"line":69},"12":{"name":"(anonymous_12)","decl":{"start":{"line":71,"column":9},"end":{"line":71,"column":20}},"loc":{"start":{"line":71,"column":47},"end":{"line":71,"column":null}},"line":71},"13":{"name":"(anonymous_13)","decl":{"start":{"line":73,"column":9},"end":{"line":73,"column":15}},"loc":{"start":{"line":73,"column":42},"end":{"line":73,"column":null}},"line":73},"14":{"name":"(anonymous_14)","decl":{"start":{"line":75,"column":9},"end":{"line":75,"column":16}},"loc":{"start":{"line":75,"column":16},"end":{"line":75,"column":null}},"line":75},"15":{"name":"(anonymous_15)","decl":{"start":{"line":77,"column":9},"end":{"line":77,"column":22}},"loc":{"start":{"line":77,"column":51},"end":{"line":77,"column":null}},"line":77},"16":{"name":"(anonymous_16)","decl":{"start":{"line":79,"column":9},"end":{"line":79,"column":22}},"loc":{"start":{"line":79,"column":61},"end":{"line":79,"column":null}},"line":79},"17":{"name":"(anonymous_17)","decl":{"start":{"line":81,"column":9},"end":{"line":81,"column":30}},"loc":{"start":{"line":81,"column":60},"end":{"line":85,"column":null}},"line":81},"18":{"name":"(anonymous_18)","decl":{"start":{"line":87,"column":9},"end":{"line":87,"column":32}},"loc":{"start":{"line":87,"column":62},"end":{"line":93,"column":null}},"line":87},"19":{"name":"(anonymous_19)","decl":{"start":{"line":95,"column":9},"end":{"line":95,"column":19}},"loc":{"start":{"line":95,"column":19},"end":{"line":97,"column":null}},"line":95},"20":{"name":"(anonymous_20)","decl":{"start":{"line":99,"column":9},"end":{"line":99,"column":14}},"loc":{"start":{"line":99,"column":14},"end":{"line":101,"column":null}},"line":99},"21":{"name":"(anonymous_21)","decl":{"start":{"line":103,"column":9},"end":{"line":103,"column":14}},"loc":{"start":{"line":103,"column":14},"end":{"line":105,"column":null}},"line":103},"22":{"name":"(anonymous_22)","decl":{"start":{"line":107,"column":9},"end":{"line":107,"column":15}},"loc":{"start":{"line":107,"column":41},"end":{"line":109,"column":null}},"line":107},"23":{"name":"(anonymous_23)","decl":{"start":{"line":111,"column":9},"end":{"line":111,"column":19}},"loc":{"start":{"line":111,"column":45},"end":{"line":113,"column":null}},"line":111},"24":{"name":"(anonymous_24)","decl":{"start":{"line":115,"column":9},"end":{"line":115,"column":20}},"loc":{"start":{"line":115,"column":46},"end":{"line":117,"column":null}},"line":115},"25":{"name":"(anonymous_25)","decl":{"start":{"line":119,"column":9},"end":{"line":119,"column":15}},"loc":{"start":{"line":119,"column":41},"end":{"line":121,"column":null}},"line":119},"26":{"name":"(anonymous_26)","decl":{"start":{"line":123,"column":9},"end":{"line":123,"column":16}},"loc":{"start":{"line":123,"column":16},"end":{"line":125,"column":null}},"line":123},"27":{"name":"(anonymous_27)","decl":{"start":{"line":127,"column":9},"end":{"line":127,"column":22}},"loc":{"start":{"line":127,"column":50},"end":{"line":129,"column":null}},"line":127},"28":{"name":"(anonymous_28)","decl":{"start":{"line":131,"column":9},"end":{"line":131,"column":22}},"loc":{"start":{"line":131,"column":60},"end":{"line":133,"column":null}},"line":131},"29":{"name":"(anonymous_29)","decl":{"start":{"line":135,"column":9},"end":{"line":135,"column":30}},"loc":{"start":{"line":135,"column":52},"end":{"line":137,"column":null}},"line":135},"30":{"name":"(anonymous_30)","decl":{"start":{"line":139,"column":9},"end":{"line":139,"column":29}},"loc":{"start":{"line":139,"column":52},"end":{"line":141,"column":null}},"line":139},"31":{"name":"(anonymous_31)","decl":{"start":{"line":143,"column":9},"end":{"line":143,"column":25}},"loc":{"start":{"line":143,"column":44},"end":{"line":145,"column":null}},"line":143},"32":{"name":"(anonymous_32)","decl":{"start":{"line":147,"column":9},"end":{"line":147,"column":27}},"loc":{"start":{"line":147,"column":48},"end":{"line":149,"column":null}},"line":147},"33":{"name":"(anonymous_33)","decl":{"start":{"line":155,"column":2},"end":{"line":155,"column":21}},"loc":{"start":{"line":155,"column":72},"end":{"line":164,"column":null}},"line":155}},"branchMap":{"0":{"loc":{"start":{"line":82,"column":4},"end":{"line":84,"column":null}},"type":"if","locations":[{"start":{"line":82,"column":4},"end":{"line":84,"column":null}},{"start":{},"end":{}}],"line":82},"1":{"loc":{"start":{"line":90,"column":4},"end":{"line":92,"column":null}},"type":"if","locations":[{"start":{"line":90,"column":4},"end":{"line":92,"column":null}},{"start":{},"end":{}}],"line":90},"2":{"loc":{"start":{"line":158,"column":4},"end":{"line":160,"column":null}},"type":"if","locations":[{"start":{"line":158,"column":4},"end":{"line":160,"column":null}},{"start":{},"end":{}}],"line":158}},"s":{"0":98,"1":98,"2":98,"3":98,"4":98,"5":98,"6":98,"7":98,"8":98,"9":98,"10":98,"11":98,"12":1,"13":73,"14":57,"15":2,"16":1,"17":107,"18":20,"19":18,"20":7,"21":7,"22":6,"23":1,"24":1,"25":2,"26":2,"27":2,"28":2,"29":2,"30":1,"31":2,"32":2,"33":161,"34":63,"35":49,"36":39,"37":19,"38":19,"39":1,"40":18,"41":18},"f":{"0":98,"1":1,"2":73,"3":57,"4":2,"5":1,"6":107,"7":18,"8":46,"9":5,"10":3,"11":5,"12":5,"13":19,"14":35,"15":5,"16":5,"17":20,"18":7,"19":1,"20":1,"21":2,"22":2,"23":2,"24":2,"25":2,"26":1,"27":2,"28":2,"29":161,"30":63,"31":49,"32":39,"33":19},"b":{"0":[18,2],"1":[6,1],"2":[1,18]},"meta":{"lastBranch":3,"lastFunction":34,"lastStatement":42,"seen":{"s:13:47:13:49":0,"s:14:23:14:28":1,"s:15:24:15:29":2,"s:16:20:16:25":3,"s:17:22:17:27":4,"f:24:2:24:21":0,"s:25:4:25:Infinity":5,"s:26:4:26:Infinity":6,"s:27:4:27:Infinity":7,"s:28:4:28:Infinity":8,"s:29:4:29:Infinity":9,"s:30:4:30:Infinity":10,"s:31:4:31:Infinity":11,"f:37:13:37:22":1,"s:38:4:38:Infinity":12,"f:41:13:41:26":2,"s:42:4:42:Infinity":13,"f:45:13:45:22":3,"s:46:4:46:Infinity":14,"f:49:13:49:24":4,"s:50:4:50:Infinity":15,"f:53:13:53:32":5,"s:54:4:54:Infinity":16,"f:57:13:57:27":6,"s:58:4:58:Infinity":17,"f:61:9:61:19":7,"f:63:9:63:14":8,"f:65:9:65:14":9,"f:67:9:67:15":10,"f:69:9:69:19":11,"f:71:9:71:20":12,"f:73:9:73:15":13,"f:75:9:75:16":14,"f:77:9:77:22":15,"f:79:9:79:22":16,"f:81:9:81:30":17,"b:82:4:84:Infinity:undefined:undefined:undefined:undefined":0,"s:82:4:84:Infinity":18,"s:83:6:83:Infinity":19,"f:87:9:87:32":18,"s:88:24:88:59":20,"b:90:4:92:Infinity:undefined:undefined:undefined:undefined":1,"s:90:4:92:Infinity":21,"s:91:6:91:Infinity":22,"f:95:9:95:19":19,"s:96:4:96:Infinity":23,"f:99:9:99:14":20,"s:100:4:100:Infinity":24,"f:103:9:103:14":21,"s:104:4:104:Infinity":25,"f:107:9:107:15":22,"s:108:4:108:Infinity":26,"f:111:9:111:19":23,"s:112:4:112:Infinity":27,"f:115:9:115:20":24,"s:116:4:116:Infinity":28,"f:119:9:119:15":25,"s:120:4:120:Infinity":29,"f:123:9:123:16":26,"s:124:4:124:Infinity":30,"f:127:9:127:22":27,"s:128:4:128:Infinity":31,"f:131:9:131:22":28,"s:132:4:132:Infinity":32,"f:135:9:135:30":29,"s:136:4:136:Infinity":33,"f:139:9:139:29":30,"s:140:4:140:Infinity":34,"f:143:9:143:25":31,"s:144:4:144:Infinity":35,"f:147:9:147:27":32,"s:148:4:148:Infinity":36,"f:155:2:155:21":33,"s:156:4:156:Infinity":37,"b:158:4:160:Infinity:undefined:undefined:undefined:undefined":2,"s:158:4:160:Infinity":38,"s:159:6:159:Infinity":39,"s:162:4:162:Infinity":40,"s:163:4:163:Infinity":41}}}
,"C:\\LD\\00-B\\00-Research\\SandboxglbTest\\src\\com.realitycollective.service-framework.ts\\packages\\service-framework\\src\\configuration.ts": {"path":"C:\\LD\\00-B\\00-Research\\SandboxglbTest\\src\\com.realitycollective.service-framework.ts\\packages\\service-framework\\src\\configuration.ts","statementMap":{"0":{"start":{"line":4,"column":2},"end":{"line":7,"column":null}}},"fnMap":{"0":{"name":"createServiceProfile","decl":{"start":{"line":3,"column":16},"end":{"line":3,"column":36}},"loc":{"start":{"line":3,"column":91},"end":{"line":8,"column":null}},"line":3}},"branchMap":{},"s":{"0":21},"f":{"0":21},"b":{},"meta":{"lastBranch":0,"lastFunction":1,"lastStatement":1,"seen":{"f:3:16:3:36":0,"s:4:2:7:Infinity":0}}}
,"C:\\LD\\00-B\\00-Research\\SandboxglbTest\\src\\com.realitycollective.service-framework.ts\\packages\\service-framework\\src\\contracts.ts": {"path":"C:\\LD\\00-B\\00-Research\\SandboxglbTest\\src\\com.realitycollective.service-framework.ts\\packages\\service-framework\\src\\contracts.ts","statementMap":{},"fnMap":{},"branchMap":{},"s":{},"f":{},"b":{},"meta":{"lastBranch":0,"lastFunction":0,"lastStatement":0,"seen":{}}}
,"C:\\LD\\00-B\\00-Research\\SandboxglbTest\\src\\com.realitycollective.service-framework.ts\\packages\\service-framework\\src\\environment.ts": {"path":"C:\\LD\\00-B\\00-Research\\SandboxglbTest\\src\\com.realitycollective.service-framework.ts\\packages\\service-framework\\src\\environment.ts","statementMap":{"0":{"start":{"line":6,"column":37},"end":{"line":6,"column":49}},"1":{"start":{"line":7,"column":4},"end":{"line":7,"column":null}},"2":{"start":{"line":11,"column":4},"end":{"line":11,"column":null}},"3":{"start":{"line":16,"column":2},"end":{"line":16,"column":null}},"4":{"start":{"line":20,"column":2},"end":{"line":20,"column":null}}},"fnMap":{"0":{"name":"(anonymous_0)","decl":{"start":{"line":6,"column":2},"end":{"line":6,"column":37}},"loc":{"start":{"line":6,"column":86},"end":{"line":8,"column":null}},"line":6},"1":{"name":"(anonymous_1)","decl":{"start":{"line":10,"column":9},"end":{"line":10,"column":22}},"loc":{"start":{"line":10,"column":41},"end":{"line":12,"column":null}},"line":10},"2":{"name":"createEnvironmentDescriptor","decl":{"start":{"line":15,"column":16},"end":{"line":15,"column":43}},"loc":{"start":{"line":15,"column":93},"end":{"line":17,"column":null}},"line":15},"3":{"name":"createBrowserEnvironment","decl":{"start":{"line":19,"column":16},"end":{"line":19,"column":40}},"loc":{"start":{"line":19,"column":40},"end":{"line":21,"column":null}},"line":19}},"branchMap":{"0":{"loc":{"start":{"line":6,"column":51},"end":{"line":6,"column":86}},"type":"default-arg","locations":[{"start":{"line":6,"column":84},"end":{"line":6,"column":86}}],"line":6},"1":{"loc":{"start":{"line":15,"column":58},"end":{"line":15,"column":93}},"type":"default-arg","locations":[{"start":{"line":15,"column":91},"end":{"line":15,"column":93}}],"line":15}},"s":{"0":56,"1":56,"2":16,"3":54,"4":2},"f":{"0":56,"1":16,"2":54,"3":2},"b":{"0":[56],"1":[54]},"meta":{"lastBranch":2,"lastFunction":4,"lastStatement":5,"seen":{"f:6:2:6:37":0,"b:6:84:6:86":0,"s:6:37:6:49":0,"s:7:4:7:Infinity":1,"f:10:9:10:22":1,"s:11:4:11:Infinity":2,"f:15:16:15:43":2,"b:15:91:15:93":1,"s:16:2:16:Infinity":3,"f:19:16:19:40":3,"s:20:2:20:Infinity":4}}}
,"C:\\LD\\00-B\\00-Research\\SandboxglbTest\\src\\com.realitycollective.service-framework.ts\\packages\\service-framework\\src\\event-service.ts": {"path":"C:\\LD\\00-B\\00-Research\\SandboxglbTest\\src\\com.realitycollective.service-framework.ts\\packages\\service-framework\\src\\event-service.ts","statementMap":{"0":{"start":{"line":7,"column":31},"end":{"line":7,"column":104}},"1":{"start":{"line":10,"column":4},"end":{"line":10,"column":null}},"2":{"start":{"line":14,"column":19},"end":{"line":14,"column":61}},"3":{"start":{"line":15,"column":4},"end":{"line":15,"column":null}},"4":{"start":{"line":16,"column":4},"end":{"line":16,"column":null}},"5":{"start":{"line":18,"column":4},"end":{"line":20,"column":null}},"6":{"start":{"line":19,"column":6},"end":{"line":19,"column":null}},"7":{"start":{"line":24,"column":19},"end":{"line":24,"column":48}},"8":{"start":{"line":26,"column":4},"end":{"line":28,"column":null}},"9":{"start":{"line":27,"column":6},"end":{"line":27,"column":null}},"10":{"start":{"line":30,"column":4},"end":{"line":30,"column":null}},"11":{"start":{"line":32,"column":4},"end":{"line":34,"column":null}},"12":{"start":{"line":33,"column":6},"end":{"line":33,"column":null}},"13":{"start":{"line":38,"column":57},"end":{"line":41,"column":5}},"14":{"start":{"line":39,"column":6},"end":{"line":39,"column":null}},"15":{"start":{"line":40,"column":6},"end":{"line":40,"column":null}},"16":{"start":{"line":43,"column":4},"end":{"line":43,"column":null}},"17":{"start":{"line":47,"column":19},"end":{"line":47,"column":48}},"18":{"start":{"line":49,"column":4},"end":{"line":51,"column":null}},"19":{"start":{"line":50,"column":6},"end":{"line":50,"column":null}},"20":{"start":{"line":53,"column":4},"end":{"line":55,"column":null}},"21":{"start":{"line":54,"column":6},"end":{"line":54,"column":null}},"22":{"start":{"line":59,"column":4},"end":{"line":59,"column":null}}},"fnMap":{"0":{"name":"(anonymous_0)","decl":{"start":{"line":9,"column":2},"end":{"line":9,"column":21}},"loc":{"start":{"line":9,"column":63},"end":{"line":11,"column":null}},"line":9},"1":{"name":"(anonymous_1)","decl":{"start":{"line":13,"column":9},"end":{"line":13,"column":11}},"loc":{"start":{"line":13,"column":115},"end":{"line":21,"column":null}},"line":13},"2":{"name":"(anonymous_2)","decl":{"start":{"line":18,"column":11},"end":{"line":18,"column":14}},"loc":{"start":{"line":18,"column":16},"end":{"line":20,"column":5}},"line":18},"3":{"name":"(anonymous_3)","decl":{"start":{"line":23,"column":9},"end":{"line":23,"column":12}},"loc":{"start":{"line":23,"column":116},"end":{"line":35,"column":null}},"line":23},"4":{"name":"(anonymous_4)","decl":{"start":{"line":37,"column":9},"end":{"line":37,"column":13}},"loc":{"start":{"line":37,"column":117},"end":{"line":44,"column":null}},"line":37},"5":{"name":"(anonymous_5)","decl":{"start":{"line":38,"column":57},"end":{"line":38,"column":58}},"loc":{"start":{"line":38,"column":69},"end":{"line":41,"column":5}},"line":38},"6":{"name":"(anonymous_6)","decl":{"start":{"line":46,"column":9},"end":{"line":46,"column":13}},"loc":{"start":{"line":46,"column":103},"end":{"line":56,"column":null}},"line":46},"7":{"name":"(anonymous_7)","decl":{"start":{"line":58,"column":9},"end":{"line":58,"column":22}},"loc":{"start":{"line":58,"column":80},"end":{"line":60,"column":null}},"line":58}},"branchMap":{"0":{"loc":{"start":{"line":14,"column":19},"end":{"line":14,"column":61}},"type":"binary-expr","locations":[{"start":{"line":14,"column":19},"end":{"line":14,"column":48}},{"start":{"line":14,"column":52},"end":{"line":14,"column":61}}],"line":14},"1":{"loc":{"start":{"line":26,"column":4},"end":{"line":28,"column":null}},"type":"if","locations":[{"start":{"line":26,"column":4},"end":{"line":28,"column":null}},{"start":{},"end":{}}],"line":26},"2":{"loc":{"start":{"line":32,"column":4},"end":{"line":34,"column":null}},"type":"if","locations":[{"start":{"line":32,"column":4},"end":{"line":34,"column":null}},{"start":{},"end":{}}],"line":32},"3":{"loc":{"start":{"line":49,"column":4},"end":{"line":51,"column":null}},"type":"if","locations":[{"start":{"line":49,"column":4},"end":{"line":51,"column":null}},{"start":{},"end":{}}],"line":49},"4":{"loc":{"start":{"line":59,"column":11},"end":{"line":59,"column":51}},"type":"binary-expr","locations":[{"start":{"line":59,"column":11},"end":{"line":59,"column":46}},{"start":{"line":59,"column":50},"end":{"line":59,"column":51}}],"line":59}},"s":{"0":49,"1":49,"2":4,"3":4,"4":4,"5":4,"6":1,"7":5,"8":5,"9":1,"10":4,"11":4,"12":3,"13":1,"14":1,"15":1,"16":1,"17":86,"18":86,"19":84,"20":2,"21":2,"22":5},"f":{"0":49,"1":4,"2":1,"3":5,"4":1,"5":1,"6":86,"7":5},"b":{"0":[4,3],"1":[1,4],"2":[3,1],"3":[84,2],"4":[5,2]},"meta":{"lastBranch":5,"lastFunction":8,"lastStatement":23,"seen":{"s:7:31:7:104":0,"f:9:2:9:21":0,"s:10:4:10:Infinity":1,"f:13:9:13:11":1,"s:14:19:14:61":2,"b:14:19:14:48:14:52:14:61":0,"s:15:4:15:Infinity":3,"s:16:4:16:Infinity":4,"s:18:4:20:Infinity":5,"f:18:11:18:14":2,"s:19:6:19:Infinity":6,"f:23:9:23:12":3,"s:24:19:24:48":7,"b:26:4:28:Infinity:undefined:undefined:undefined:undefined":1,"s:26:4:28:Infinity":8,"s:27:6:27:Infinity":9,"s:30:4:30:Infinity":10,"b:32:4:34:Infinity:undefined:undefined:undefined:undefined":2,"s:32:4:34:Infinity":11,"s:33:6:33:Infinity":12,"f:37:9:37:13":4,"s:38:57:41:5":13,"f:38:57:38:58":5,"s:39:6:39:Infinity":14,"s:40:6:40:Infinity":15,"s:43:4:43:Infinity":16,"f:46:9:46:13":6,"s:47:19:47:48":17,"b:49:4:51:Infinity:undefined:undefined:undefined:undefined":3,"s:49:4:51:Infinity":18,"s:50:6:50:Infinity":19,"s:53:4:55:Infinity":20,"s:54:6:54:Infinity":21,"f:58:9:58:22":7,"s:59:4:59:Infinity":22,"b:59:11:59:46:59:50:59:51":4}}}
,"C:\\LD\\00-B\\00-Research\\SandboxglbTest\\src\\com.realitycollective.service-framework.ts\\packages\\service-framework\\src\\index.ts": {"path":"C:\\LD\\00-B\\00-Research\\SandboxglbTest\\src\\com.realitycollective.service-framework.ts\\packages\\service-framework\\src\\index.ts","statementMap":{},"fnMap":{},"branchMap":{},"s":{},"f":{},"b":{},"meta":{"lastBranch":0,"lastFunction":0,"lastStatement":0,"seen":{}}}
,"C:\\LD\\00-B\\00-Research\\SandboxglbTest\\src\\com.realitycollective.service-framework.ts\\packages\\service-framework\\src\\scheduler.ts": {"path":"C:\\LD\\00-B\\00-Research\\SandboxglbTest\\src\\com.realitycollective.service-framework.ts\\packages\\service-framework\\src\\scheduler.ts","statementMap":{"0":{"start":{"line":14,"column":52},"end":{"line":23,"column":null}},"1":{"start":{"line":26,"column":19},"end":{"line":26,"column":81}},"2":{"start":{"line":27,"column":4},"end":{"line":27,"column":null}},"3":{"start":{"line":29,"column":4},"end":{"line":31,"column":null}},"4":{"start":{"line":30,"column":6},"end":{"line":30,"column":null}},"5":{"start":{"line":35,"column":19},"end":{"line":35,"column":90}},"6":{"start":{"line":37,"column":4},"end":{"line":39,"column":null}},"7":{"start":{"line":38,"column":6},"end":{"line":38,"column":null}},"8":{"start":{"line":43,"column":4},"end":{"line":43,"column":null}},"9":{"start":{"line":45,"column":4},"end":{"line":47,"column":null}},"10":{"start":{"line":46,"column":6},"end":{"line":46,"column":null}},"11":{"start":{"line":73,"column":20},"end":{"line":73,"column":25}},"12":{"start":{"line":74,"column":18},"end":{"line":74,"column":19}},"13":{"start":{"line":75,"column":30},"end":{"line":75,"column":31}},"14":{"start":{"line":76,"column":31},"end":{"line":76,"column":32}},"15":{"start":{"line":77,"column":32},"end":{"line":77,"column":33}},"16":{"start":{"line":80,"column":4},"end":{"line":80,"column":null}},"17":{"start":{"line":81,"column":4},"end":{"line":81,"column":null}},"18":{"start":{"line":82,"column":4},"end":{"line":82,"column":null}},"19":{"start":{"line":83,"column":4},"end":{"line":83,"column":null}},"20":{"start":{"line":83,"column":37},"end":{"line":83,"column":47}},"21":{"start":{"line":84,"column":4},"end":{"line":84,"column":null}},"22":{"start":{"line":85,"column":4},"end":{"line":85,"column":null}},"23":{"start":{"line":86,"column":4},"end":{"line":86,"column":null}},"24":{"start":{"line":87,"column":4},"end":{"line":87,"column":null}},"25":{"start":{"line":91,"column":4},"end":{"line":93,"column":null}},"26":{"start":{"line":92,"column":6},"end":{"line":92,"column":null}},"27":{"start":{"line":95,"column":4},"end":{"line":95,"column":null}},"28":{"start":{"line":96,"column":4},"end":{"line":96,"column":null}},"29":{"start":{"line":98,"column":4},"end":{"line":103,"column":null}},"30":{"start":{"line":99,"column":22},"end":{"line":99,"column":32}},"31":{"start":{"line":100,"column":22},"end":{"line":100,"column":123}},"32":{"start":{"line":101,"column":6},"end":{"line":101,"column":null}},"33":{"start":{"line":102,"column":6},"end":{"line":102,"column":null}},"34":{"start":{"line":105,"column":4},"end":{"line":109,"column":null}},"35":{"start":{"line":106,"column":22},"end":{"line":106,"column":32}},"36":{"start":{"line":107,"column":22},"end":{"line":107,"column":91}},"37":{"start":{"line":108,"column":6},"end":{"line":108,"column":null}},"38":{"start":{"line":111,"column":4},"end":{"line":116,"column":null}},"39":{"start":{"line":112,"column":22},"end":{"line":112,"column":32}},"40":{"start":{"line":113,"column":22},"end":{"line":113,"column":130}},"41":{"start":{"line":114,"column":6},"end":{"line":114,"column":null}},"42":{"start":{"line":115,"column":6},"end":{"line":115,"column":null}},"43":{"start":{"line":118,"column":4},"end":{"line":131,"column":null}},"44":{"start":{"line":119,"column":41},"end":{"line":128,"column":7}},"45":{"start":{"line":120,"column":8},"end":{"line":122,"column":null}},"46":{"start":{"line":121,"column":10},"end":{"line":121,"column":null}},"47":{"start":{"line":124,"column":24},"end":{"line":124,"column":137}},"48":{"start":{"line":125,"column":8},"end":{"line":125,"column":null}},"49":{"start":{"line":126,"column":8},"end":{"line":126,"column":null}},"50":{"start":{"line":127,"column":8},"end":{"line":127,"column":null}},"51":{"start":{"line":130,"column":6},"end":{"line":130,"column":null}},"52":{"start":{"line":135,"column":4},"end":{"line":137,"column":null}},"53":{"start":{"line":136,"column":6},"end":{"line":136,"column":null}},"54":{"start":{"line":139,"column":4},"end":{"line":139,"column":null}},"55":{"start":{"line":141,"column":4},"end":{"line":144,"column":null}},"56":{"start":{"line":142,"column":6},"end":{"line":142,"column":null}},"57":{"start":{"line":143,"column":6},"end":{"line":143,"column":null}},"58":{"start":{"line":146,"column":4},"end":{"line":149,"column":null}},"59":{"start":{"line":147,"column":6},"end":{"line":147,"column":null}},"60":{"start":{"line":148,"column":6},"end":{"line":148,"column":null}},"61":{"start":{"line":151,"column":4},"end":{"line":154,"column":null}},"62":{"start":{"line":152,"column":6},"end":{"line":152,"column":null}},"63":{"start":{"line":153,"column":6},"end":{"line":153,"column":null}},"64":{"start":{"line":156,"column":4},"end":{"line":159,"column":null}},"65":{"start":{"line":157,"column":6},"end":{"line":157,"column":null}},"66":{"start":{"line":158,"column":6},"end":{"line":158,"column":null}},"67":{"start":{"line":163,"column":4},"end":{"line":163,"column":null}},"68":{"start":{"line":164,"column":4},"end":{"line":164,"column":null}},"69":{"start":{"line":168,"column":4},"end":{"line":168,"column":null}},"70":{"start":{"line":170,"column":4},"end":{"line":175,"column":null}}},"fnMap":{"0":{"name":"(anonymous_0)","decl":{"start":{"line":25,"column":9},"end":{"line":25,"column":18}},"loc":{"start":{"line":25,"column":108},"end":{"line":32,"column":null}},"line":25},"1":{"name":"(anonymous_1)","decl":{"start":{"line":29,"column":11},"end":{"line":29,"column":14}},"loc":{"start":{"line":29,"column":16},"end":{"line":31,"column":5}},"line":29},"2":{"name":"(anonymous_2)","decl":{"start":{"line":34,"column":9},"end":{"line":34,"column":13}},"loc":{"start":{"line":34,"column":104},"end":{"line":40,"column":null}},"line":34},"3":{"name":"(anonymous_3)","decl":{"start":{"line":42,"column":9},"end":{"line":42,"column":16}},"loc":{"start":{"line":42,"column":16},"end":{"line":48,"column":null}},"line":42},"4":{"name":"(anonymous_4)","decl":{"start":{"line":79,"column":2},"end":{"line":79,"column":21}},"loc":{"start":{"line":79,"column":56},"end":{"line":88,"column":null}},"line":79},"5":{"name":"(anonymous_5)","decl":{"start":{"line":83,"column":31},"end":{"line":83,"column":34}},"loc":{"start":{"line":83,"column":37},"end":{"line":83,"column":47}},"line":83},"6":{"name":"(anonymous_6)","decl":{"start":{"line":90,"column":9},"end":{"line":90,"column":14}},"loc":{"start":{"line":90,"column":14},"end":{"line":132,"column":null}},"line":90},"7":{"name":"(anonymous_7)","decl":{"start":{"line":98,"column":41},"end":{"line":98,"column":44}},"loc":{"start":{"line":98,"column":46},"end":{"line":103,"column":5}},"line":98},"8":{"name":"(anonymous_8)","decl":{"start":{"line":105,"column":45},"end":{"line":105,"column":48}},"loc":{"start":{"line":105,"column":50},"end":{"line":109,"column":5}},"line":105},"9":{"name":"(anonymous_9)","decl":{"start":{"line":111,"column":42},"end":{"line":111,"column":45}},"loc":{"start":{"line":111,"column":47},"end":{"line":116,"column":5}},"line":111},"10":{"name":"(anonymous_10)","decl":{"start":{"line":119,"column":41},"end":{"line":119,"column":42}},"loc":{"start":{"line":119,"column":55},"end":{"line":128,"column":7}},"line":119},"11":{"name":"(anonymous_11)","decl":{"start":{"line":134,"column":9},"end":{"line":134,"column":13}},"loc":{"start":{"line":134,"column":13},"end":{"line":160,"column":null}},"line":134},"12":{"name":"(anonymous_12)","decl":{"start":{"line":162,"column":18},"end":{"line":162,"column":25}},"loc":{"start":{"line":162,"column":25},"end":{"line":165,"column":null}},"line":162},"13":{"name":"(anonymous_13)","decl":{"start":{"line":167,"column":10},"end":{"line":167,"column":32}},"loc":{"start":{"line":167,"column":85},"end":{"line":176,"column":null}},"line":167}},"branchMap":{"0":{"loc":{"start":{"line":79,"column":21},"end":{"line":79,"column":56}},"type":"default-arg","locations":[{"start":{"line":79,"column":54},"end":{"line":79,"column":56}}],"line":79},"1":{"loc":{"start":{"line":81,"column":26},"end":{"line":81,"column":54}},"type":"binary-expr","locations":[{"start":{"line":81,"column":26},"end":{"line":81,"column":48}},{"start":{"line":81,"column":52},"end":{"line":81,"column":54}}],"line":81},"2":{"loc":{"start":{"line":82,"column":27},"end":{"line":82,"column":56}},"type":"binary-expr","locations":[{"start":{"line":82,"column":27},"end":{"line":82,"column":50}},{"start":{"line":82,"column":54},"end":{"line":82,"column":56}}],"line":82},"3":{"loc":{"start":{"line":83,"column":15},"end":{"line":83,"column":48}},"type":"binary-expr","locations":[{"start":{"line":83,"column":15},"end":{"line":83,"column":26}},{"start":{"line":83,"column":31},"end":{"line":83,"column":47}}],"line":83},"4":{"loc":{"start":{"line":84,"column":25},"end":{"line":84,"column":61}},"type":"binary-expr","locations":[{"start":{"line":84,"column":25},"end":{"line":84,"column":46}},{"start":{"line":84,"column":50},"end":{"line":84,"column":61}}],"line":84},"5":{"loc":{"start":{"line":85,"column":27},"end":{"line":85,"column":67}},"type":"binary-expr","locations":[{"start":{"line":85,"column":27},"end":{"line":85,"column":50}},{"start":{"line":85,"column":54},"end":{"line":85,"column
[...]
":433,"column":4},"end":{"line":435,"column":null}},{"start":{},"end":{}}],"line":433},"43":{"loc":{"start":{"line":441,"column":6},"end":{"line":444,"column":null}},"type":"if","locations":[{"start":{"line":441,"column":6},"end":{"line":444,"column":null}},{"start":{},"end":{}}],"line":441},"44":{"loc":{"start":{"line":451,"column":4},"end":{"line":453,"column":null}},"type":"if","locations":[{"start":{"line":451,"column":4},"end":{"line":453,"column":null}},{"start":{},"end":{}}],"line":451},"45":{"loc":{"start":{"line":451,"column":8},"end":{"line":451,"column":40}},"type":"binary-expr","locations":[{"start":{"line":451,"column":8},"end":{"line":451,"column":17}},{"start":{"line":451,"column":21},"end":{"line":451,"column":40}}],"line":451},"46":{"loc":{"start":{"line":464,"column":4},"end":{"line":466,"column":null}},"type":"if","locations":[{"start":{"line":464,"column":4},"end":{"line":466,"column":null}},{"start":{},"end":{}}],"line":464},"47":{"loc":{"start":{"line":468,"column":20},"end":{"line":468,"column":66}},"type":"binary-expr","locations":[{"start":{"line":468,"column":20},"end":{"line":468,"column":60}},{"start":{"line":468,"column":64},"end":{"line":468,"column":66}}],"line":468},"48":{"loc":{"start":{"line":471,"column":4},"end":{"line":475,"column":null}},"type":"if","locations":[{"start":{"line":471,"column":4},"end":{"line":475,"column":null}},{"start":{"line":473,"column":11},"end":{"line":475,"column":null}}],"line":471},"49":{"loc":{"start":{"line":481,"column":27},"end":{"line":481,"column":73}},"type":"binary-expr","locations":[{"start":{"line":481,"column":27},"end":{"line":481,"column":67}},{"start":{"line":481,"column":71},"end":{"line":481,"column":73}}],"line":481},"50":{"loc":{"start":{"line":486,"column":4},"end":{"line":488,"column":null}},"type":"if","locations":[{"start":{"line":486,"column":4},"end":{"line":488,"column":null}},{"start":{},"end":{}}],"line":486},"51":{"loc":{"start":{"line":492,"column":20},"end":{"line":492,"column":59}},"type":"binary-expr","locations":[{"start":{"line":492,"column":20},"end":{"line":492,"column":53}},{"start":{"line":492,"column":57},"end":{"line":492,"column":59}}],"line":492},"52":{"loc":{"start":{"line":493,"column":18},"end":{"line":495,"column":18}},"type":"cond-expr","locations":[{"start":{"line":494,"column":8},"end":{"line":494,"column":null}},{"start":{"line":495,"column":8},"end":{"line":495,"column":18}}],"line":493},"53":{"loc":{"start":{"line":515,"column":4},"end":{"line":517,"column":null}},"type":"if","locations":[{"start":{"line":515,"column":4},"end":{"line":517,"column":null}},{"start":{},"end":{}}],"line":515},"54":{"loc":{"start":{"line":519,"column":54},"end":{"line":519,"column":97}},"type":"binary-expr","locations":[{"start":{"line":519,"column":54},"end":{"line":519,"column":66}},{"start":{"line":519,"column":70},"end":{"line":519,"column":97}}],"line":519},"55":{"loc":{"start":{"line":529,"column":19},"end":{"line":529,"column":50}},"type":"binary-expr","locations":[{"start":{"line":529,"column":19},"end":{"line":529,"column":44}},{"start":{"line":529,"column":48},"end":{"line":529,"column":50}}],"line":529},"56":{"loc":{"start":{"line":532,"column":4},"end":{"line":536,"column":null}},"type":"if","locations":[{"start":{"line":532,"column":4},"end":{"line":536,"column":null}},{"start":{"line":534,"column":11},"end":{"line":536,"column":null}}],"line":532},"57":{"loc":{"start":{"line":555,"column":4},"end":{"line":557,"column":null}},"type":"if","locations":[{"start":{"line":555,"column":4},"end":{"line":557,"column":null}},{"start":{},"end":{}}],"line":555},"58":{"loc":{"start":{"line":559,"column":4},"end":{"line":562,"column":null}},"type":"if","locations":[{"start":{"line":559,"column":4},"end":{"line":562,"column":null}},{"start":{},"end":{}}],"line":559},"59":{"loc":{"start":{"line":564,"column":4},"end":{"line":567,"column":null}},"type":"if","locations":[{"start":{"line":564,"column":4},"end":{"line":567,"column":null}},{"start":{},"end":{}}],"line":564},"60":{"loc":{"start":{"line":569,"column":4},"end":{"line":572,"column":null}},"type":"if","locations":[{"start":{"line":569,"column":4},"end":{"line":572,"column":null}},{"start":{},"end":{}}],"line":569},"61":{"loc":{"start":{"line":587,"column":4},"end":{"line":589,"column":null}},"type":"if","locations":[{"start":{"line":587,"column":4},"end":{"line":589,"column":null}},{"start":{},"end":{}}],"line":587}},"s":{"0":28,"1":28,"2":28,"3":28,"4":28,"5":28,"6":28,"7":28,"8":28,"9":28,"10":28,"11":1,"12":1,"13":7,"14":1,"15":7,"16":1,"17":7,"18":3,"19":23,"20":1,"21":7,"22":1,"23":7,"24":5,"25":3,"26":8,"27":20,"28":20,"29":1,"30":19,"31":19,"32":53,"33":53,"34":2,"35":51,"36":58,"37":18,"38":18,"39":8,"40":8,"41":8,"42":1,"43":4,"44":4,"45":4,"46":3,"47":3,"48":4,"49":4,"50":4,"51":1,"52":3,"53":3,"54":73,"55":73,"56":1,"57":72,"58":79,"59":79,"60":5,"61":79,"62":6,"63":6,"64":4,"65":4,"66":1,"67":3,"68":3,"69":1,"70":1,"71":3,"72":3,"73":3,"74":3,"75":3,"76":1,"77":2,"78":2,"79":1,"80":1,"81":1,"82":2,"83":13,"84":2,"85":11,"86":11,"87":45,"88":1,"89":7,"90":1,"91":1,"92":3,"93":9,"94":1,"95":7,"96":4,"97":1,"98":6,"99":1,"100":5,"101":5,"102":33,"103":5,"104":40,"105":5,"106":122,"107":122,"108":67,"109":3,"110":64,"111":64,"112":64,"113":64,"114":120,"115":62,"116":62,"117":7,"118":120,"119":67,"120":9,"121":2,"122":65,"123":82,"124":65,"125":82,"126":82,"127":82,"128":89,"129":23,"130":66,"131":1,"132":65,"133":65,"134":26,"135":26,"136":25,"137":63,"138":63,"139":82,"140":64,"141":81,"142":39,"143":64,"144":64,"145":64,"146":1,"147":63,"148":64,"149":26,"150":64,"151":64,"152":64,"153":1,"154":64,"155":63,"156":7,"157":56,"158":56,"159":56,"160":56,"161":8,"162":7,"163":7,"164":7,"165":49,"166":6,"167":43,"168":43,"169":43,"170":7,"171":6,"172":6,"173":43,"174":43,"175":5,"176":38,"177":5,"178":38,"179":38,"180":38,"181":38,"182":38,"183":5,"184":38,"185":43,"186":38,"187":43,"188":37,"189":1,"190":38,"191":62,"192":62,"193":62,"194":2,"195":62,"196":62,"197":61,"198":111,"199":111,"200":44,"201":111,"202":20,"203":110,"204":29,"205":132,"206":62,"207":62,"208":60,"209":2,"210":3,"211":2,"212":2,"213":2,"214":2,"215":4,"216":4,"217":4,"218":4,"219":3,"220":1,"221":18,"222":1,"223":1,"224":65,"225":65,"226":7,"227":251,"228":3,"229":248,"230":100,"231":100,"232":148,"233":62,"234":62,"235":86,"236":48,"237":48,"238":38,"239":9,"240":1,"241":28,"242":1},"f":{"0":28,"1":1,"2":1,"3":7,"4":1,"5":7,"6":1,"7":7,"8":3,"9":23,"10":1,"11":7,"12":1,"13":7,"14":5,"15":3,"16":8,"17":20,"18":58,"19":8,"20":4,"21":3,"22":4,"23":73,"24":79,"25":5,"26":6,"27":6,"28":4,"29":3,"30":1,"31":3,"32":2,"33":1,"34":1,"35":13,"36":45,"37":1,"38":7,"39":1,"40":1,"41":3,"42":9,"43":1,"44":7,"45":4,"46":1,"47":6,"48":122,"49":67,"50":9,"51":82,"52":65,"53":89,"54":39,"55":64,"56":26,"57":1,"58":63,"59":49,"60":43,"61":38,"62":62,"63":2,"64":111,"65":44,"66":20,"67":29,"68":132,"69":62,"70":3,"71":4,"72":4,"73":18,"74":65,"75":251,"76":9,"77":1,"78":28},"b":{"0":[28],"1":[28,12],"2":[28,21],"3":[1,19],"4":[2,51],"5":[1,7],"6":[1,1],"7":[3,1],"8":[1,3],"9":[1,72],"10":[1,1],"11":[79,5],"12":[6,73],"13":[6,1],"14":[4],"15":[1,3],"16":[1,1],"17":[3,2],"18":[3],"19":[1,2],"20":[2,11],"21":[13,12],"22":[1,5],"23":[3,64],"24":[62,55],"25":[2,65],"26":[2,63],"27":[23,66],"28":[1,65],"29":[65,54],"30":[25,1],"31":[39,5],"32":[39,4],"33":[64,8],"34":[64,18],"35":[1,63],"36":[63,52],"37":[7,56],"38":[1,62],"39":[61,1],"40":[7,56],"41":[7,1],"42":[6,43],"43":[6,1],"44":[5,38],"45":[43,38],"46":[5,33],"47":[38,1],"48":[37,1],"49":[62,60],"50":[61,1],"51":[111,66],"52":[110,1],"53":[60,2],"54":[3,3],"55":[4,1],"56":[3,1],"57":[3,248],"58":[100,148],"59":[62,86],"60":[48,38],"61":[1,27]},"meta":{"lastBranch":62,"lastFunction":79,"lastStatement":243,"seen":{"s:45:36:45:69":0,"s:46:63:46:65":1,"s:47:29:47:66":2,"s:48:24:48:33":3,"s:49:24:49:29":4,"s:50:20:50:25":5,"s:51:21:51:26":6,"s:52:144:52:146":7,"f:57:2:57:21":0,"b:57:54:57:56":0,"s:58:4:58:Infinity":8,"b:58:21:58:38:58:42:58:63":1,"s:59:4:59:Infinity":9,"b:59:23:59:42:59:42:59:84":2,"s:61:4:98:Infinity":10,"f:62:42:62:45":1,"s:63:8:63:Infinity":11,"f:65:39:65:40":2,"s:66:8:68:Infinity":12,"f:66:27:66:28":3,"s:67:10:67:Infinity":13,"f:70:43:70:44":4,"s:71:8:73:Infinity":14,"f:71:27:71:28":5,"s:72:10:72:Infinity":15,"f:75:44:75:45":6,"s:76:8:78:Infinity":16,"f:76:27:76:28":7,"s:77:10:77:Infinity":17,"f:80:45:80:46":8,"s:81:8:83:Infinity":18,"f:81:27:81:28":9,"s:82:10:82:Infinity":19,"f:85:46:85:47":10,"s:86:8:88:Infinity":20,"f:86:27:86:28":11,"s:87:10:87:Infinity":21,"f:90:46:90:47":12,"s:91:8:93:Infinity":22,"f:91:27:91:28":13,"s:92:10:92:Infinity":23,"f:95:42:95:45":14,"s:96:8:96:Infinity":24,"f:101:13:101:26":15,"s:102:4:102:Infinity":25,"f:105:13:105:22":16,"s:106:4:106:Infinity":26,"f:109:9:109:26":17,"s:110:4:110:Infinity":27,"b:112:4:114:Infinity:undefined:undefined:undefined:undefined":3,"s:112:4:114:Infinity":28,"s:113:6:113:Infinity":29,"s:116:4:116:Infinity":30,"s:117:4:127:Infinity":31,"s:118:23:118:65":32,"b:120:6:122:Infinity:undefined:undefined:undefined:undefined":4,"s:120:6:122:Infinity":33,"s:121:8:121:Infinity":34,"s:124:6:126:Infinity":35,"f:124:34:124:35":18,"s:125:8:125:Infinity":36,"s:129:4:129:Infinity":37,"s:130:4:130:Infinity":38,"f:133:9:133:17":19,"s:134:4:134:Infinity":39,"s:135:21:135:63":40,"b:137:4:139:Infinity:undefined:undefined:undefined:undefined":5,"s:137:4:139:Infinity":41,"s:138:6:138:Infinity":42,"b:138:39:138:56:138:60:138:90":6,"s:141:4:143:Infinity":43,"f:141:32:141:33":20,"s:142:6:142:Infinity":44,"b:145:4:149:Infinity:undefined:undefined:undefined:undefined":7,"s:145:4:149:Infinity":45,"s:146:6:148:Infinity":46,"f:146:34:146:35":21,"s:147:8:147:Infinity":47,"s:151:4:151:Infinity":48,"f:154:9:154:19":22,"s:155:19:155:47":49,"b:157:4:159:Infinity:undefined:undefined:undefined:undefined":8,"s:157:4:159:Infinity":50,"s:158:6:158:Infinity":51,"s:161:4:161:Infinity":52,"s:162:4:162:Infinity":53,"f:165:9:165:16":23,"s:166:20:166:48":54,"b:168:4:170:Infinity:undefined:undefined:undefined:undefined":9,"s:168:4:170:Infinity":55,"s:169:6:169:Infinity":56,"b:169:52:169:56:169:60:169:77":10,"s:172:4:172:Infinity":57,"f:175:9:175:19":24,"s:176:20:176:59":58,"b:176:20:176:53:176:57:176:59":11,"s:177:18:179:18":59,"b:178:8:178:Infinity:179:8:179:18":12,"f:178:21:178:22":25,"s:178:33:178:53":60,"s:181:4:181:Infinity":61,"f:184:9:184:19":26,"s:185:4:185:Infinity":62,"b:185:12:185:45:185:49:185:51":13,"f:185:57:185:58":27,"s:185:69:185:96":63,"f:188:15:188:27":28,"b:188:98:188:102":14,"s:189:21:189:49":64,"b:191:4:193:Infinity:undefined:undefined:undefined:undefined":15,"s:191:4:193:Infinity":65,"s:192:6:192:Infinity":66,"s:195:4:212:Infinity":67,"f:195:39:195:40":29,"s:197:28:200:19":68,"f:197:39:197:42":30,"s:198:8:198:Infinity":69,"s:199:8:199:Infinity":70,"b:199:59:199:63:199:67:199:84":16,"s:202:6:207:Infinity":71,"s:209:21:209:53":72,"b:209:21:209:47:209:51:209:53":17,"s:210:6:210:Infinity":73,"s:211:6:211:Infinity":74,"f:215:15:215:35":31,"b:215:48:215:52":18,"b:216:4:218:Infinity:undefined:undefined:undefined:undefined":19,"s:216:4:218:Infinity":75,"s:217:6:217:Infinity":76,"s:220:4:231:Infinity":77,"f:220:28:220:29":32,"s:221:28:224:19":78,"f:221:39:221:42":33,"s:222:8:222:Infinity":79,"f:222:71:222:72":34,"s:222:82:222:119":80,"s:223:8:223:Infinity":81,"s:226:6:230:Infinity":82,"f:234:9:234:14":35,"b:235:4:237:Infinity:undefined:undefined:undefined:undefined":20,"s:235:4:237:Infinity":83,"b:235:8:235:25:235:29:235:41":21,"s:236:6:236:Infinity":84,"s:239:4:239:Infinity":85,"s:240:4:242:Infinity":86,"f:240:23:240:24":36,"s:241:6:241:Infinity":87,"f:245:9:245:14":37,"s:246:4:248:Infinity":88,"f:246:23:246:24":38,"s:247:6:247:Infinity":89,"f:251:9:251:24":39,"s:252:4:252:Infinity":90,"f:255:9:255:24":40,"s:256:4:256:Infinity":91,"f:259:9:259:23":41,"s:260:4:264:Infinity":92,"f:263:41:263:42":42,"s:263:53:263:76":93,"f:267:9:267:27":43,"s:268:4:273:Infinity":94,"f:268:36:268:37":44,"s:268:49:273:6":95,"f:271:44:271:45":45,"s:271:60:271:82":96,"f:272:34:272:35":46,"s:272:46:272:57":97,"f:276:9:276:16":47,"b:277:4:279:Infinity:undefined:undefined:undefined:undefined":22,"s:277:4:279:Infinity":98,"s:278:6:278:Infinity":99,"s:281:4:281:Infinity":100,"s:283:4:285:Infinity":101,"s:284:6:284:Infinity":102,"s:287:4:289:Infinity":103,"s:288:6:288:Infinity":104,"s:291:4:291:Infinity":105,"f:294:10:294:31":48,"s:298:52:298:54":106,"s:300:4:309:Infinity":107,"b:301:6:303:Infinity:undefined:undefined:undefined:undefined":23,"s:301:6:303:Infinity":108,"s:302:8:302:Infinity":109,"s:305:21:305:60":110,"s:306:6:306:Infinity":111,"s:307:6:307:Infinity":112,"s:308:6:308:Infinity":113,"s:311:4:320:Infinity":114,"s:312:22:314:Infinity":115,"b:313:31:313:58:313:62:313:64":24,"s:317:6:319:Infinity":116,"s:318:8:318:Infinity":117,"s:322:4:322:Infinity":118,"f:325:10:325:24":49,"b:326:4:328:Infinity:undefined:undefined:undefined:undefined":25,"s:326:4:328:Infinity":119,"f:326:48:326:49":50,"s:326:64:326:107":120,"s:327:6:327:Infinity":121,"s:330:4:330:Infinity":122,"b:330:38:330:80:330:83:330:87":26,"f:333:10:333:27":51,"s:334:20:334:103":123,"f:334:46:334:47":52,"s:334:64:334:101":124,"s:335:20:335:60":125,"s:336:21:336:61":126,"s:338:18:359:5":127,"f:338:18:338:19":53,"b:339:6:341:Infinity:undefined:undefined:undefined:undefined":27,"s:339:6:341:Infinity":128,"s:340:8:340:Infinity":129,"b:343:6:345:Infinity:undefined:undefined:undefined:undefined":28,"s:343:6:345:Infinity":130,"s:344:8:344:Infinity":131,"s:347:6:347:Infinity":132,"s:349:6:355:Infinity":133,"b:349:31:349:56:349:60:349:62":29,"s:350:39:350:65":134,"b:352:8:354:Infinity:undefined:undefined:undefined:undefined":30,"s:352:8:354:Infinity":135,"s:353:10:353:Infinity":136,"s:357:6:357:Infinity":137,"s:358:6:358:Infinity":138,"s:361:4:363:Infinity":139,"s:362:6:362:Infinity":140,"s:365:4:365:Infinity":141,"f:365:35:365:36":54,"s:365:52:365:98":142,"b:365:53:365:66:365:70:365:72":31,"b:365:77:365:91:365:95:365:97":32,"f:368:10:368:22":55,"s:372:17:372:68":143,"b:372:17:372:34:372:38:372:68":33,"s:373:21:373:48":144,"b:373:21:373:42:373:46:373:48":34,"b:375:4:377:Infinity:undefined:undefined:undefined:undefined":35,"s:375:4:377:Infinity":145,"s:376:6:376:Infinity":146,"s:379:25:379:56":147,"b:379:25:379:50:379:54:379:56":36,"s:380:32:380:116":148,"f:380:49:380:50":56,"s:380:65:380:115":149,"s:381:28:381:49":150,"s:382:20:391:Infinity":151,"b:390:19:390:46:390:49:390:51":37,"s:393:21:399:14":152,"b:394:8:394:Infinity:395:8:399:14":38,"b:396:10:396:Infinity:397:10:399:14":39,"f:397:11:397:14":57,"s:398:12:398:Infinity":153,"s:401:4:411:Infinity":154,"f:414:10:414:26":58,"b:415:4:417:Infinity:undefined:undefined:undefined:undefined":40,"s:415:4:417:Infinity":155,"s:416:6:416:Infinity":156,"s:419:4:419:Infinity":157,"s:420:4:420:Infinity":158,"s:421:4:421:Infinity":159,"s:423:4:429:Infinity":160,"b:424:6:428:Infinity:undefined:undefined:undefined:undefined":41,"s:424:6:428:Infinity":161,"s:425:8:425:Infinity":162,"s:426:8:426:Infinity":163,"s:427:8:427:Infinity":164,"f:432:10:432:21":59,"b:433:4:435:Infinity:undefined:undefined:undefined:undefined":42,"s:433:4:435:Infinity":165,"s:434:6:434:Infinity":166,"s:437:4:437:Infinity":167,"s:438:4:438:Infinity":168,"s:440:4:445:Infinity":169,"b:441:6:444:Infinity:undefined:undefined:undefined:undefined":43,"s:441:6:444:Infinity":170,"s:442:8:442:Infinity":171,"s:443:8:443:Infinity":172,"f:448:10:448:23":60,"s:449:21:449:63":173,"b:451:4:453:Infinity:undefined:undefined:undefined:undefined":44,"s:451:4:453:Infinity":174,"b:451:8:451:17:451:21:451:40":45,"s:452:6:452:Infinity":175,"s:455:4:457:Infinity":176,"s:456:6:456:Infinity":177,"s:459:4:459:Infinity":178,"s:460:4:460:Infinity":179,"s:461:4:461:Infinity":180,"s:462:4:462:Infinity":181,"b:464:4:466:Infinity:undefined:undefined:undefined:undefined":46,"s:464:4:466:Infinity":182,"s:465:6:465:Infinity":183,"s:468:20:468:66":184,"b:468:20:468:60:468:64:468:66":47,"s:469:22:469:65":185,"f:469:37:469:38":61,"s:469:48:469:64":186,"b:471:4:475:Infinity:473:11:475:Infinity":48,"s:471:4:475:Infinity":187,"s:472:6:472:Infinity":188,"s:474:6:474:Infinity":189,"s:477:4:477:Infinity":190,"f:480:10:480:19":62,"s:481:27:481:73":191,"b:481:27:481:67:481:71:481:73":49,"s:482:4:482:Infinity":192,"s:483:4:483:Infinity":193,"f:483:24:483:25":63,"s:483:41:483:71":194,"s:484:4:484:Infinity":195,"b:486:4:488:Infinity:undefined:undefined:undefined:undefined":50,"s:486:4:488:Infinity":196,"s:487:6:487:Infinity":197,"f:491:10:491:20":64,"s:492:20:492:59":198,"b:492:20:492:53:492:57:492:59":51,"s:493:18:495:18":199,"b:494:8:494:Infinity:495:8:495:18":52,"f:494:21:494:22":65,"s:494:33:494:53":200,"s:497:4:497:Infinity":201,"f:500:10:500:23":66,"s:501:4:503:Infinity":202,"s:502:6:502:Infinity":203,"f:506:10:506:23":67,"s:507:4:509:Infinity":204,"f:509:12:509:13":68,"s:509:29:509:59":205,"f:512:10:512:23":69,"s:513:19:513:52":206,"b:515:4:517:Infinity:undefined:undefined:undefined:undefined":53,"s:515:4:517:Infinity":207,"s:516:6:516:Infinity":208,"s:519:28:519:98":209,"f:519:42:519:43":70,"s:519:54:519:97":210,"b:519:54:519:66:519:70:519:97":54,"s:521:4:525:Infinity":211,"s:522:6:522:Infinity":212,"s:523:6:523:Infinity":213,"s:524:6:524:Infinity":214,"f:528:10:528:22":71,"s:529:19:529:50":215,"b:529:19:529:44:529:48:529:50":55,"s:530:22:530:64":216,"f:530:36:530:37":72,"s:530:47:530:63":217,"b:532:4:536:Infinity:534:11:536:Infinity":56,"s:532:4:536:Infinity":218,"s:533:6:533:Infinity":219,"s:535:6:535:Infinity":220,"f:539:10:539:36":73,"s:540:4:543:Infinity":221,"s:541:6:541:Infinity":222,"s:542:6:542:Infinity":223,"f:546:10:546:24":74,"s:547:4:547:Infinity":224,"s:549:4:551:Infinity":225,"s:550:6:550:Infinity":226,"f:554:10:554:29":75,"b:555:4:557:Infinity:undefined:undefined:undefined:undefined":57,"s:555:4:557:Infinity":227,"s:556:6:556:Infinity":228,"b:559:4:562:Infinity:undefined:undefined:undefined:undefined":58,"s:559:4:562:Infinity":229,"s:560:6:560:Infinity":230,"s:561:6:561:Infinity":231,"b:564:4:567:Infinity:undefined:undefined:undefined:undefined":59,"s:564:4:567:Infinity":232,"s:565:6:565:Infinity":233,"s:566:6:566:Infinity":234,"b:569:4:572:Infinity:undefined:undefined:undefined:undefined":60,"s:569:4:572:Infinity":235,"s:570:6:570:Infinity":236,"s:571:6:571:Infinity":237,"s:574:4:574:Infinity":238,"f:577:10:577:20":76,"s:578:4:583:Infinity":239,"f:582:38:582:39":77,"s:582:50:582:61":240,"f:586:10:586:25":78,"b:587:4:589:Infinity:undefined:undefined:undefined:undefined":61,"s:587:4:589:Infinity":241,"s:588:6:588:Infinity":242}}}
,"C:\\LD\\00-B\\00-Research\\SandboxglbTest\\src\\com.realitycollective.service-framework.ts\\packages\\service-framework\\src\\tokens.ts": {"path":"C:\\LD\\00-B\\00-Research\\SandboxglbTest\\src\\com.realitycollective.service-framework.ts\\packages\\service-framework\\src\\tokens.ts","statementMap":{"0":{"start":{"line":4,"column":37},"end":{"line":4,"column":56}},"1":{"start":{"line":5,"column":4},"end":{"line":5,"column":null}},"2":{"start":{"line":9,"column":4},"end":{"line":9,"column":null}},"3":{"start":{"line":14,"column":2},"end":{"line":14,"column":null}}},"fnMap":{"0":{"name":"(anonymous_0)","decl":{"start":{"line":4,"column":2},"end":{"line":4,"column":37}},"loc":{"start":{"line":4,"column":56},"end":{"line":6,"column":null}},"line":4},"1":{"name":"(anonymous_1)","decl":{"start":{"line":8,"column":9},"end":{"line":8,"column":17}},"loc":{"start":{"line":8,"column":17},"end":{"line":10,"column":null}},"line":8},"2":{"name":"createServiceToken","decl":{"start":{"line":13,"column":16},"end":{"line":13,"column":34}},"loc":{"start":{"line":13,"column":64},"end":{"line":15,"column":null}},"line":13}},"branchMap":{},"s":{"0":48,"1":48,"2":1,"3":45},"f":{"0":48,"1":1,"2":45},"b":{},"meta":{"lastBranch":0,"lastFunction":3,"lastStatement":4,"seen":{"f:4:2:4:37":0,"s:4:37:4:56":0,"s:5:4:5:Infinity":1,"f:8:9:8:17":1,"s:9:4:9:Infinity":2,"f:13:16:13:34":2,"s:14:2:14:Infinity":3}}}
}
